2020/11/12 04:07:15.288 - MENSAJE: INICIO APP ATM / TestMode = true
2020/11/12 04:07:26.982 - MENSAJE: Presenter-ObtenerInfoModulo OK 
2020/11/12 04:07:27.244 - MENSAJE: Presenter-ObtenerInfoFactura OK 
2020/11/12 04:07:27.469 - MENSAJE: Presenter-ObtenerInfoPartes: 
2020/11/12 04:07:27.733 - MENSAJE: Presenter-ObtenerInfoParametros OK 
2020/11/12 04:07:27.923 - MENSAJE: Presenter-ConectarLector OK
2020/11/12 02:59:06.507 - MENSAJE: INICIO APP ATM / TestMode = true
2020/11/12 02:59:09.555 - MENSAJE: Presenter-ObtenerInfoModulo OK 
2020/11/12 02:59:09.583 - MENSAJE: Presenter-ObtenerInfoFactura OK 
2020/11/12 02:59:09.622 - MENSAJE: Presenter-ObtenerInfoPartes: 
2020/11/12 02:59:09.658 - MENSAJE: Presenter-ObtenerInfoParametros OK 
2020/11/12 02:59:09.819 - MENSAJE: Presenter-ConectarLector OK
2020/11/12 02:59:45.930 - MENSAJE: Presenter-RegistrarAlarma ->  Parte:  Descripcion: Hopper 4: Not Found
2020/11/12 02:59:45.936 - MENSAJE: Presenter-RegistrarAlarma ->  Parte:  Descripcion: Hopper 4: Not Found
2020/11/12 02:59:45.946 - MENSAJE: Presenter-AdministrarConexionMiniHub: Conexión Exitosa Cash Payment Device
2020/11/12 02:59:49.981 - MENSAJE: Presenter-ValidarSaldosMinimos: Saldos Mínimos OK
2020/11/12 02:59:57.945 - MENSAJE: Presenter-LeerTarjeta CONVENIO = 5
2020/11/12 02:59:58.024 - MENSAJE: Presenter-DatosConvenio
2020/11/12 02:59:58.030 - MENSAJE: Presenter-DatosConvenio NombreConvenio CONVENIO 1 HORA
2020/11/12 02:59:58.411 - MENSAJE: FrondEnd-ValidarMensualidad IdTarjeta: FC7D987D
2020/11/12 02:59:58.509 - MENSAJE: ObtenerAutorizado Error
2020/11/12 02:59:58.690 - MENSAJE: (Presenter ObtenerFechaServer) OK
2020/11/12 02:59:58.766 - MENSAJE: Presenter-ConsultaValor SecuenciaTransaccion =20201112130300301 REPO = False TipoVehiculo = 1 Codigo = 5
2020/11/12 03:00:00.188 - MENSAJE: Presenter-EventosBilletero FinInicio OK
2020/11/12 03:00:03.765 - MENSAJE: System.ServiceModel.EndpointNotFoundException: No había ningún extremo escuchando en http://localhost:88/MC_Block_Pass/MC_LiquidacionService.svc que pudiera aceptar el mensaje. La causa suele ser una dirección o una acción SOAP incorrecta. Consulte InnerException, si está presente, para obtener más información. ---> System.Net.WebException: No es posible conectar con el servidor remoto ---> System.Net.Sockets.SocketException: No se puede establecer una conexión ya que el equipo de destino denegó expresamente dicha conexión 127.0.0.1:88
   en System.Net.Sockets.Socket.DoConnect(EndPoint endPointSnapshot, SocketAddress socketAddress)
   en System.Net.ServicePoint.ConnectSocketInternal(Boolean connectFailure, Socket s4, Socket s6, Socket& socket, IPAddress& address, ConnectSocketState state, IAsyncResult asyncResult, Exception& exception)
   --- Fin del seguimiento de la pila de la excepción interna ---
   en System.Net.HttpWebRequest.GetRequestStream(TransportContext& context)
   en System.Net.HttpWebRequest.GetRequestStream()
   en System.ServiceModel.Channels.HttpOutput.WebRequestHttpOutput.GetOutputStream()
   --- Fin del seguimiento de la pila de la excepción interna ---

Server stack trace: 
   en System.ServiceModel.Channels.HttpOutput.WebRequestHttpOutput.GetOutputStream()
   en System.ServiceModel.Channels.HttpOutput.Send(TimeSpan timeout)
   en System.ServiceModel.Channels.HttpChannelFactory`1.HttpRequestChannel.HttpChannelRequest.SendRequest(Message message, TimeSpan timeout)
   en System.ServiceModel.Channels.RequestChannel.Request(Message message, TimeSpan timeout)
   en System.ServiceModel.Dispatcher.RequestChannelBinder.Request(Message message, TimeSpan timeout)
   en System.ServiceModel.Channels.ServiceChannel.Call(String action, Boolean oneway, ProxyOperationRuntime operation, Object[] ins, Object[] outs, TimeSpan timeout)
   en System.ServiceModel.Channels.ServiceChannel.Call(String action, Boolean oneway, ProxyOperationRuntime operation, Object[] ins, Object[] outs)
   en System.ServiceModel.Channels.ServiceChannelProxy.InvokeService(IMethodCallMessage methodCall, ProxyOperationRuntime operation)
   en System.ServiceModel.Channels.ServiceChannelProxy.Invoke(IMessage message)

Exception rethrown at [0]: 
   en System.Runtime.Remoting.Proxies.RealProxy.HandleReturnMessage(IMessage reqMsg, IMessage retMsg)
   en System.Runtime.Remoting.Proxies.RealProxy.PrivateInvoke(MessageData& msgData, Int32 type)
   en Ds.ServiceProxy.MC_LiquidacionService.ILiquidacionService.getDatosLiquidacion(Liquidacion_Request request)
   en Ds.ServiceProxy.MC_LiquidacionService.LiquidacionServiceClient.getDatosLiquidacion(Liquidacion_Request request) en c:\Users\Parquearse\Documents\CAJERO_CC_FLORIDA\CAJERO_CCFLORIDA\CAJERO\Ds.ServiceProxy\Service References\MC_LiquidacionService\Reference.cs:línea 1203
   en Ds.ServiceProxy.ProxyService.ConsultaValor(String sSecuencia, Int32 iTipoVehiculo, Boolean bMensualidad, Boolean bReposicion, String Convenios) en c:\Users\Parquearse\Documents\CAJERO_CC_FLORIDA\CAJERO_CCFLORIDA\CAJERO\Ds.ServiceProxy\Modulo\ProxyService_Modulo.cs:línea 2297
   en ATM.WinForm.Model.Model.ConsultaValor(String sSecuencia, Int32 iTipoVehiculo, Boolean bMensualidad, Boolean bReposicion, String Convenios) en c:\Users\Parquearse\Documents\CAJERO_CC_FLORIDA\CAJERO_CCFLORIDA\CAJERO\ATM.WinForm.Model\Modulo\Model_Modulo.cs:línea 527
   en ATM.WinForm.Presenter.frmPrincipal_Presenter.ConsultaValor() en c:\Users\Parquearse\Documents\CAJERO_CC_FLORIDA\CAJERO_CCFLORIDA\CAJERO\ATM.WinForm.Presenter\frmPrincipal_Presenter.cs:línea 4278
2020/11/12 03:00:13.893 - MENSAJE: Presenter-LeerTarjeta CONVENIO = 5
2020/11/12 03:00:13.908 - MENSAJE: Presenter-DatosConvenio
2020/11/12 03:00:13.915 - MENSAJE: Presenter-DatosConvenio NombreConvenio CONVENIO 1 HORA
2020/11/12 03:00:14.236 - MENSAJE: FrondEnd-ValidarMensualidad IdTarjeta: FC7D987D
2020/11/12 03:00:14.254 - MENSAJE: ObtenerAutorizado Error
2020/11/12 03:00:14.268 - MENSAJE: (Presenter ObtenerFechaServer) OK
2020/11/12 03:00:14.282 - MENSAJE: Presenter-ConsultaValor SecuenciaTransaccion =20201112130300301 REPO = False TipoVehiculo = 1 Codigo = 5
2020/11/12 03:00:18.554 - MENSAJE: System.ServiceModel.EndpointNotFoundException: No había ningún extremo escuchando en http://localhost:88/MC_Block_Pass/MC_LiquidacionService.svc que pudiera aceptar el mensaje. La causa suele ser una dirección o una acción SOAP incorrecta. Consulte InnerException, si está presente, para obtener más información. ---> System.Net.WebException: No es posible conectar con el servidor remoto ---> System.Net.Sockets.SocketException: No se puede establecer una conexión ya que el equipo de destino denegó expresamente dicha conexión 127.0.0.1:88
   en System.Net.Sockets.Socket.DoConnect(EndPoint endPointSnapshot, SocketAddress socketAddress)
   en System.Net.ServicePoint.ConnectSocketInternal(Boolean connectFailure, Socket s4, Socket s6, Socket& socket, IPAddress& address, ConnectSocketState state, IAsyncResult asyncResult, Exception& exception)
   --- Fin del seguimiento de la pila de la excepción interna ---
   en System.Net.HttpWebRequest.GetRequestStream(TransportContext& context)
   en System.Net.HttpWebRequest.GetRequestStream()
   en System.ServiceModel.Channels.HttpOutput.WebRequestHttpOutput.GetOutputStream()
   --- Fin del seguimiento de la pila de la excepción interna ---

Server stack trace: 
   en System.ServiceModel.Channels.HttpOutput.WebRequestHttpOutput.GetOutputStream()
   en System.ServiceModel.Channels.HttpOutput.Send(TimeSpan timeout)
   en System.ServiceModel.Channels.HttpChannelFactory`1.HttpRequestChannel.HttpChannelRequest.SendRequest(Message message, TimeSpan timeout)
   en System.ServiceModel.Channels.RequestChannel.Request(Message message, TimeSpan timeout)
   en System.ServiceModel.Dispatcher.RequestChannelBinder.Request(Message message, TimeSpan timeout)
   en System.ServiceModel.Channels.ServiceChannel.Call(String action, Boolean oneway, ProxyOperationRuntime operation, Object[] ins, Object[] outs, TimeSpan timeout)
   en System.ServiceModel.Channels.ServiceChannel.Call(String action, Boolean oneway, ProxyOperationRuntime operation, Object[] ins, Object[] outs)
   en System.ServiceModel.Channels.ServiceChannelProxy.InvokeService(IMethodCallMessage methodCall, ProxyOperationRuntime operation)
   en System.ServiceModel.Channels.ServiceChannelProxy.Invoke(IMessage message)

Exception rethrown at [0]: 
   en System.Runtime.Remoting.Proxies.RealProxy.HandleReturnMessage(IMessage reqMsg, IMessage retMsg)
   en System.Runtime.Remoting.Proxies.RealProxy.PrivateInvoke(MessageData& msgData, Int32 type)
   en Ds.ServiceProxy.MC_LiquidacionService.ILiquidacionService.getDatosLiquidacion(Liquidacion_Request request)
   en Ds.ServiceProxy.MC_LiquidacionService.LiquidacionServiceClient.getDatosLiquidacion(Liquidacion_Request request) en c:\Users\Parquearse\Documents\CAJERO_CC_FLORIDA\CAJERO_CCFLORIDA\CAJERO\Ds.ServiceProxy\Service References\MC_LiquidacionService\Reference.cs:línea 1203
   en Ds.ServiceProxy.ProxyService.ConsultaValor(String sSecuencia, Int32 iTipoVehiculo, Boolean bMensualidad, Boolean bReposicion, String Convenios) en c:\Users\Parquearse\Documents\CAJERO_CC_FLORIDA\CAJERO_CCFLORIDA\CAJERO\Ds.ServiceProxy\Modulo\ProxyService_Modulo.cs:línea 2297
   en ATM.WinForm.Model.Model.ConsultaValor(String sSecuencia, Int32 iTipoVehiculo, Boolean bMensualidad, Boolean bReposicion, String Convenios) en c:\Users\Parquearse\Documents\CAJERO_CC_FLORIDA\CAJERO_CCFLORIDA\CAJERO\ATM.WinForm.Model\Modulo\Model_Modulo.cs:línea 527
   en ATM.WinForm.Presenter.frmPrincipal_Presenter.ConsultaValor() en c:\Users\Parquearse\Documents\CAJERO_CC_FLORIDA\CAJERO_CCFLORIDA\CAJERO\ATM.WinForm.Presenter\frmPrincipal_Presenter.cs:línea 4278
2020/11/12 03:00:47.893 - MENSAJE: Presenter-LeerTarjeta CONVENIO = 5
2020/11/12 03:00:47.907 - MENSAJE: Presenter-DatosConvenio
2020/11/12 03:00:47.914 - MENSAJE: Presenter-DatosConvenio NombreConvenio CONVENIO 1 HORA
2020/11/12 03:00:48.219 - MENSAJE: FrondEnd-ValidarMensualidad IdTarjeta: FC7D987D
2020/11/12 03:00:48.237 - MENSAJE: ObtenerAutorizado Error
2020/11/12 03:00:53.553 - MENSAJE: (Presenter ObtenerFechaServer) OK
2020/11/12 03:01:00.466 - MENSAJE: Presenter-ConsultaValor SecuenciaTransaccion =20201112130300301 REPO = False TipoVehiculo = 1 Codigo = 5
2020/11/12 03:01:04.747 - MENSAJE: System.ServiceModel.EndpointNotFoundException: No había ningún extremo escuchando en http://localhost:88/MC_Block_Pass/MC_LiquidacionService.svc que pudiera aceptar el mensaje. La causa suele ser una dirección o una acción SOAP incorrecta. Consulte InnerException, si está presente, para obtener más información. ---> System.Net.WebException: No es posible conectar con el servidor remoto ---> System.Net.Sockets.SocketException: No se puede establecer una conexión ya que el equipo de destino denegó expresamente dicha conexión 127.0.0.1:88
   en System.Net.Sockets.Socket.DoConnect(EndPoint endPointSnapshot, SocketAddress socketAddress)
   en System.Net.ServicePoint.ConnectSocketInternal(Boolean connectFailure, Socket s4, Socket s6, Socket& socket, IPAddress& address, ConnectSocketState state, IAsyncResult asyncResult, Exception& exception)
   --- Fin del seguimiento de la pila de la excepción interna ---
   en System.Net.HttpWebRequest.GetRequestStream(TransportContext& context)
   en System.Net.HttpWebRequest.GetRequestStream()
   en System.ServiceModel.Channels.HttpOutput.WebRequestHttpOutput.GetOutputStream()
   --- Fin del seguimiento de la pila de la excepción interna ---

Server stack trace: 
   en System.ServiceModel.Channels.HttpOutput.WebRequestHttpOutput.GetOutputStream()
   en System.ServiceModel.Channels.HttpOutput.Send(TimeSpan timeout)
   en System.ServiceModel.Channels.HttpChannelFactory`1.HttpRequestChannel.HttpChannelRequest.SendRequest(Message message, TimeSpan timeout)
   en System.ServiceModel.Channels.RequestChannel.Request(Message message, TimeSpan timeout)
   en System.ServiceModel.Dispatcher.RequestChannelBinder.Request(Message message, TimeSpan timeout)
   en System.ServiceModel.Channels.ServiceChannel.Call(String action, Boolean oneway, ProxyOperationRuntime operation, Object[] ins, Object[] outs, TimeSpan timeout)
   en System.ServiceModel.Channels.ServiceChannel.Call(String action, Boolean oneway, ProxyOperationRuntime operation, Object[] ins, Object[] outs)
   en System.ServiceModel.Channels.ServiceChannelProxy.InvokeService(IMethodCallMessage methodCall, ProxyOperationRuntime operation)
   en System.ServiceModel.Channels.ServiceChannelProxy.Invoke(IMessage message)

Exception rethrown at [0]: 
   en System.Runtime.Remoting.Proxies.RealProxy.HandleReturnMessage(IMessage reqMsg, IMessage retMsg)
   en System.Runtime.Remoting.Proxies.RealProxy.PrivateInvoke(MessageData& msgData, Int32 type)
   en Ds.ServiceProxy.MC_LiquidacionService.ILiquidacionService.getDatosLiquidacion(Liquidacion_Request request)
   en Ds.ServiceProxy.MC_LiquidacionService.LiquidacionServiceClient.getDatosLiquidacion(Liquidacion_Request request) en c:\Users\Parquearse\Documents\CAJERO_CC_FLORIDA\CAJERO_CCFLORIDA\CAJERO\Ds.ServiceProxy\Service References\MC_LiquidacionService\Reference.cs:línea 1203
   en Ds.ServiceProxy.ProxyService.ConsultaValor(String sSecuencia, Int32 iTipoVehiculo, Boolean bMensualidad, Boolean bReposicion, String Convenios) en c:\Users\Parquearse\Documents\CAJERO_CC_FLORIDA\CAJERO_CCFLORIDA\CAJERO\Ds.ServiceProxy\Modulo\ProxyService_Modulo.cs:línea 2297
   en ATM.WinForm.Model.Model.ConsultaValor(String sSecuencia, Int32 iTipoVehiculo, Boolean bMensualidad, Boolean bReposicion, String Convenios) en c:\Users\Parquearse\Documents\CAJERO_CC_FLORIDA\CAJERO_CCFLORIDA\CAJERO\ATM.WinForm.Model\Modulo\Model_Modulo.cs:línea 527
   en ATM.WinForm.Presenter.frmPrincipal_Presenter.ConsultaValor() en c:\Users\Parquearse\Documents\CAJERO_CC_FLORIDA\CAJERO_CCFLORIDA\CAJERO\ATM.WinForm.Presenter\frmPrincipal_Presenter.cs:línea 4278
2020/11/12 03:02:47.524 - MENSAJE: INICIO APP ATM / TestMode = true
2020/11/12 03:02:49.987 - MENSAJE: Presenter-ObtenerInfoModulo OK 
2020/11/12 03:02:50.033 - MENSAJE: Presenter-ObtenerInfoFactura OK 
2020/11/12 03:02:50.081 - MENSAJE: Presenter-ObtenerInfoPartes: 
2020/11/12 03:02:50.124 - MENSAJE: Presenter-ObtenerInfoParametros OK 
2020/11/12 03:02:50.307 - MENSAJE: Presenter-ConectarLector OK
2020/11/12 03:02:54.362 - MENSAJE: Presenter-EventosBilletero FinInicio OK
2020/11/12 03:03:26.617 - MENSAJE: Presenter-RegistrarAlarma ->  Parte:  Descripcion: Hopper 4: Not Found
2020/11/12 03:03:26.628 - MENSAJE: Presenter-RegistrarAlarma ->  Parte:  Descripcion: Hopper 4: Not Found
2020/11/12 03:03:26.656 - MENSAJE: Presenter-AdministrarConexionMiniHub: Conexión Exitosa Cash Payment Device
2020/11/12 03:03:30.515 - MENSAJE: Presenter-ValidarSaldosMinimos: Saldos Mínimos OK
2020/11/12 03:03:37.013 - MENSAJE: Presenter-LeerTarjeta CONVENIO = 5
2020/11/12 03:03:37.041 - MENSAJE: Presenter-DatosConvenio
2020/11/12 03:03:37.049 - MENSAJE: Presenter-DatosConvenio NombreConvenio CONVENIO 1 HORA
2020/11/12 03:03:37.349 - MENSAJE: FrondEnd-ValidarMensualidad IdTarjeta: FC7D987D
2020/11/12 03:03:37.395 - MENSAJE: ObtenerAutorizado Error
2020/11/12 03:03:53.537 - MENSAJE: (Presenter ObtenerFechaServer) OK
2020/11/12 03:03:53.570 - MENSAJE: Presenter-ConsultaValor SecuenciaTransaccion =20201112130300301 REPO = False TipoVehiculo = 1 Codigo = 5
2020/11/12 03:03:54.870 - MENSAJE: Presenter-ConsultaValor ok 
2020/11/12 03:03:54.889 - MENSAJE: Presenter-IVA 958 SUBTOTAL 5042 TOTAL 6000
2020/11/12 03:03:55.315 - MENSAJE: Presenter-RegistrarOperacion:  ID_Operacion: 20201112130300301
2020/11/12 03:03:55.327 - MENSAJE: FrondEnd-RegistrarOperacionPago -> Total : 6000
2020/11/12 03:04:53.530 - MENSAJE: Presenter-AdministrarProcesoCambio Preparando para Efectuar Pago
2020/11/12 03:04:53.781 - MENSAJE: Presenter-ConfirmarOperacion:  Cancelado
2020/11/12 03:04:53.798 - MENSAJE: Presenter-ValidarSaldosMinimos: Saldos Mínimos OK
2020/11/12 01:58:34.477 - MENSAJE: INICIO APP ATM / TestMode = true
2020/11/12 01:58:36.524 - MENSAJE: Presenter-ObtenerInfoModulo OK 
2020/11/12 01:58:36.553 - MENSAJE: Presenter-ObtenerInfoFactura OK 
2020/11/12 01:58:36.590 - MENSAJE: Presenter-ObtenerInfoPartes: 
2020/11/12 01:58:36.628 - MENSAJE: Presenter-ObtenerInfoParametros OK 
2020/11/12 01:58:36.784 - MENSAJE: Presenter-ConectarLector OK
2020/11/12 01:58:40.767 - MENSAJE: Presenter-EventosBilletero FinInicio OK
2020/11/12 01:59:12.703 - MENSAJE: Presenter-RegistrarAlarma ->  Parte:  Descripcion: Hopper 4: Not Found
2020/11/12 01:59:12.714 - MENSAJE: Presenter-RegistrarAlarma ->  Parte:  Descripcion: Hopper 4: Not Found
2020/11/12 01:59:12.838 - MENSAJE: Presenter-AdministrarConexionMiniHub: Conexión Exitosa Cash Payment Device
2020/11/12 01:59:16.933 - MENSAJE: Presenter-ValidarSaldosMinimos: Saldos Mínimos OK
2020/11/12 01:59:22.050 - MENSAJE: Presenter-LeerTarjeta CONVENIO = 5
2020/11/12 01:59:22.075 - MENSAJE: Presenter-DatosConvenio
2020/11/12 01:59:22.081 - MENSAJE: Presenter-DatosConvenio NombreConvenio CONVENIO 1 HORA
2020/11/12 01:59:22.368 - MENSAJE: FrondEnd-ValidarMensualidad IdTarjeta: FC7D987D
2020/11/12 01:59:22.469 - MENSAJE: ObtenerAutorizado Error
2020/11/12 01:59:24.972 - MENSAJE: (Presenter ObtenerFechaServer) OK
2020/11/12 01:59:25.013 - MENSAJE: Presenter-ConsultaValor SecuenciaTransaccion =20201112130300301 REPO = False TipoVehiculo = 1 Codigo = 5
2020/11/12 01:59:25.079 - MENSAJE: Presenter-ConsultaValor ok 
2020/11/12 01:59:25.087 - MENSAJE: Presenter-IVA 958 SUBTOTAL 5042 TOTAL 6000
2020/11/12 01:59:25.154 - MENSAJE: Presenter-RegistrarOperacion:  ID_Operacion: 20201112130300301
2020/11/12 01:59:25.160 - MENSAJE: FrondEnd-RegistrarOperacionPago -> Total : 6000
2020/11/12 01:59:29.620 - MENSAJE: Presenter-AdministrarProcesoCambio Preparando para Efectuar Pago
2020/11/12 01:59:29.715 - MENSAJE: Presenter-ConfirmarOperacion:  Cancelado
2020/11/12 01:59:29.729 - MENSAJE: Presenter-ValidarSaldosMinimos: Saldos Mínimos OK
2020/11/12 01:59:53.064 - MENSAJE: Presenter-LeerTarjeta CONVENIO = 5
2020/11/12 01:59:53.080 - MENSAJE: Presenter-DatosConvenio
2020/11/12 01:59:53.087 - MENSAJE: Presenter-DatosConvenio NombreConvenio CONVENIO 1 HORA
2020/11/12 01:59:53.369 - MENSAJE: FrondEnd-ValidarMensualidad IdTarjeta: FC7D987D
2020/11/12 01:59:53.387 - MENSAJE: ObtenerAutorizado Error
2020/11/12 01:59:56.694 - MENSAJE: (Presenter ObtenerFechaServer) OK
2020/11/12 01:59:56.712 - MENSAJE: Presenter-ConsultaValor SecuenciaTransaccion =20201112130300301 REPO = False TipoVehiculo = 1 Codigo = 5
2020/11/12 01:59:56.810 - MENSAJE: Presenter-ConsultaValor ok 
2020/11/12 01:59:56.818 - MENSAJE: Presenter-IVA 0 SUBTOTAL 0 TOTAL 0
2020/11/12 01:59:56.834 - MENSAJE: Presenter-RegistrarOperacion:  ID_Operacion: 20201112130300301
2020/11/12 01:59:56.913 - MENSAJE: Presenter-ConfirmarOperacion:  Aprobado
2020/11/12 01:59:59.070 - MENSAJE: FrondEnd-Imprimir -> Ingresa a funcion imprimir.
2020/11/12 01:59:59.150 - MENSAJE: (Presenter ObtenerFechaServer) OK
2020/11/12 02:00:09.033 - MENSAJE: Presenter-ValidarSaldosMinimos: Saldos Mínimos OK
2020/11/12 02:04:36.097 - MENSAJE: Presenter-LeerTarjeta CONVENIO = 5
2020/11/12 02:04:36.125 - MENSAJE: Presenter-DatosConvenio
2020/11/12 02:04:36.135 - MENSAJE: Presenter-DatosConvenio NombreConvenio CONVENIO 1 HORA
2020/11/12 02:04:36.520 - MENSAJE: FrondEnd-ValidarMensualidad IdTarjeta: 7254A627
2020/11/12 02:04:36.544 - MENSAJE: ObtenerAutorizado Error
2020/11/12 02:04:43.311 - MENSAJE: (Presenter ObtenerFechaServer) OK
2020/11/12 02:04:43.417 - MENSAJE: Presenter-ConsultaValor SecuenciaTransaccion =20201112130200301 REPO = False TipoVehiculo = 1 Codigo = 5
2020/11/12 02:04:43.461 - MENSAJE: Presenter-ConsultaValor ok 
2020/11/12 02:04:43.470 - MENSAJE: Presenter-IVA 479 SUBTOTAL 2521 TOTAL 3000
2020/11/12 02:04:43.489 - MENSAJE: Presenter-RegistrarOperacion:  ID_Operacion: 20201112130200301
2020/11/12 02:04:43.498 - MENSAJE: FrondEnd-RegistrarOperacionPago -> Total : 3000
2020/11/12 02:05:01.831 - MENSAJE: Presenter RegistrarMovimiento Entrada Billetes Denominacion 10000
2020/11/12 02:05:01.891 - MENSAJE: idtransaccion movimiento 20201112130200301
2020/11/12 02:05:02.112 - MENSAJE: Presenter-RegistrarMovimiento:  Denominacion: 10000 Cantidad: 1
2020/11/12 02:05:02.125 - MENSAJE: Presenter RegistrarMovimiento ok
2020/11/12 02:05:02.135 - MENSAJE: Presenter ValorRecibido 10000
2020/11/12 02:05:06.625 - MENSAJE: Presenter-AdministrarProcesoCambio Preparando para Efectuar Pago
2020/11/12 02:05:06.670 - CalcularPago Billetero Serial: Denominacion1: 2 Cantidad1: 1 Denominacion2: 1 Cantidad2: 1 Denominacion3: 0 Cantidad3: 0
2020/11/12 02:05:12.327 - MENSAJE: Presenter-ConfirmarOperacion:  Error_Dispositivo
2020/11/12 02:05:12.354 - MENSAJE: Presenter-ConfirmarOperacion:  Error_Dispositivo
2020/11/12 02:05:12.365 - MENSAJE: Error en el billetero ¡Billetero Atascado!
2020/11/12 02:05:12.382 - MENSAJE: Presenter-RegistrarAlarma ->  Parte: Cassette Descripcion: Billetero Atascado
2020/11/12 02:05:12.390 - MENSAJE: Presenter-RegistrarAlarma ->  Parte: Cassette Descripcion: Billetero Atascado
2020/11/12 02:05:12.397 - MENSAJE: FrondEnd-Imprimir -> Ingresa a funcion imprimir.
2020/11/12 02:18:55.113 - MENSAJE: INICIO APP ATM / TestMode = true
2020/11/12 02:18:56.021 - MENSAJE: Presenter-ObtenerInfoModulo OK 
2020/11/12 02:18:56.043 - MENSAJE: Presenter-ObtenerInfoFactura OK 
2020/11/12 02:18:56.059 - MENSAJE: Presenter-ObtenerInfoPartes: 
2020/11/12 02:18:56.075 - MENSAJE: Presenter-ObtenerInfoParametros OK 
2020/11/12 02:18:56.399 - MENSAJE: Presenter-ConectarLector OK
2020/11/12 02:19:33.032 - MENSAJE: Presenter-RegistrarAlarma ->  Parte:  Descripcion: Hopper 4: Not Found
2020/11/12 02:19:33.048 - MENSAJE: Presenter-RegistrarAlarma ->  Parte:  Descripcion: Hopper 4: Not Found
2020/11/12 02:19:33.088 - MENSAJE: Presenter-AdministrarConexionMiniHub: Conexión Exitosa Cash Payment Device
2020/11/12 02:19:37.211 - MENSAJE: Presenter-ValidarSaldosMinimos: Saldos Mínimos OK
2020/11/12 02:19:47.096 - MENSAJE: Presenter-EventosBilletero FinInicio OK
2020/11/12 02:19:49.239 - MENSAJE: Presenter-LeerTarjeta CONVENIO = 5
2020/11/12 02:19:49.254 - MENSAJE: Presenter-DatosConvenio
2020/11/12 02:19:49.260 - MENSAJE: Presenter-DatosConvenio NombreConvenio CONVENIO 1 HORA
2020/11/12 02:19:49.584 - MENSAJE: FrondEnd-ValidarMensualidad IdTarjeta: 7254A627
2020/11/12 02:19:49.607 - MENSAJE: ObtenerAutorizado Error
