2020/11/11 11:50:42.454 - MENSAJE: INICIO APP ATM / TestMode = true
2020/11/11 11:51:02.440 - MENSAJE: Presenter-ObtenerInfoModulo OK 
2020/11/11 11:51:02.983 - MENSAJE: Presenter-ObtenerInfoFactura OK 
2020/11/11 11:51:03.113 - MENSAJE: Presenter-ObtenerInfoPartes: 
2020/11/11 11:51:03.179 - MENSAJE: Presenter-ObtenerInfoParametros OK 
2020/11/11 11:51:03.453 - MENSAJE: Presenter-ConectarLector OK
2020/11/11 11:51:39.786 - MENSAJE: Presenter-RegistrarAlarma ->  Parte:  Descripcion: Hopper 4: Not Found
2020/11/11 11:51:39.855 - MENSAJE: Presenter-RegistrarAlarma ->  Parte:  Descripcion: Hopper 4: Not Found
2020/11/11 11:51:39.892 - MENSAJE: Presenter-AdministrarConexionMiniHub: Conexión Exitosa Cash Payment Device
2020/11/11 11:51:43.788 - MENSAJE: Presenter-ValidarSaldosMinimos: Saldos Mínimos OK
2020/11/11 11:51:54.963 - MENSAJE: Presenter-EventosBilletero FinInicio OK
2020/11/11 11:51:58.454 - MENSAJE: Presenter-LeerTarjeta CONVENIO = 5
2020/11/11 11:51:58.609 - MENSAJE: Presenter-DatosConvenio
2020/11/11 11:51:58.619 - MENSAJE: Presenter-DatosConvenio NombreConvenio CONVENIO 1 HORA
2020/11/11 11:51:58.922 - MENSAJE: FrondEnd-ValidarMensualidad IdTarjeta: AEA495D5
2020/11/11 11:51:59.107 - MENSAJE: ObtenerAutorizado Error
2020/11/11 11:51:59.219 - MENSAJE: (Presenter ObtenerFechaServer) OK
2020/11/11 11:53:11.924 - MENSAJE: INICIO APP ATM / TestMode = true
2020/11/11 11:53:15.303 - MENSAJE: Presenter-ObtenerInfoModulo OK 
2020/11/11 11:53:15.357 - MENSAJE: Presenter-ObtenerInfoFactura OK 
2020/11/11 11:53:15.462 - MENSAJE: Presenter-ObtenerInfoPartes: 
2020/11/11 11:53:15.514 - MENSAJE: Presenter-ObtenerInfoParametros OK 
2020/11/11 11:53:15.682 - MENSAJE: Presenter-ConectarLector OK
2020/11/11 11:53:19.726 - MENSAJE: Presenter-EventosBilletero FinInicio OK
2020/11/11 11:53:51.631 - MENSAJE: Presenter-AdministrarConexionMiniHub: Conexión Exitosa Cash Payment Device
2020/11/11 11:53:51.838 - MENSAJE: Presenter-RegistrarAlarma ->  Parte:  Descripcion: Hopper 4: Not Found
2020/11/11 11:53:51.849 - MENSAJE: Presenter-RegistrarAlarma ->  Parte:  Descripcion: Hopper 4: Not Found
2020/11/11 11:53:55.993 - MENSAJE: Presenter-ValidarSaldosMinimos: Saldos Mínimos OK
2020/11/11 11:54:05.510 - MENSAJE: Presenter-LeerTarjeta CONVENIO = 5
2020/11/11 11:54:05.556 - MENSAJE: Presenter-DatosConvenio
2020/11/11 11:54:05.562 - MENSAJE: Presenter-DatosConvenio NombreConvenio CONVENIO 1 HORA
2020/11/11 11:54:05.841 - MENSAJE: FrondEnd-ValidarMensualidad IdTarjeta: AEA495D5
2020/11/11 11:54:06.165 - MENSAJE: ObtenerAutorizado Error
2020/11/11 11:54:06.201 - MENSAJE: (Presenter ObtenerFechaServer) OK
2020/11/11 11:54:13.182 - MENSAJE: Presenter-ConsultaValor SecuenciaTransaccion =20201111103000301 REPO = False TipoVehiculo = 1 Codigo = 5
2020/11/11 11:55:13.713 - MENSAJE: System.TimeoutException: El canal de solicitud agotó el tiempo de espera mientras esperaba una respuesta después de 00:00:59.9920051. Aumente el valor de tiempo de espera pasado a la llamada a Request, o bien aumente el valor de SendTimeout en el enlace. El tiempo asignado a esta operación puede haber sido una parte de un tiempo de espera mayor. ---> System.TimeoutException: La solicitud HTTP a 'http://localhost:88/MC_Block_Pass/MC_LiquidacionService.svc' superó el tiempo de espera asignado de 00:01:00. El tiempo asignado a esta operación puede haber sido una parte de un tiempo de espera mayor. ---> System.Net.WebException: Se excedió el tiempo de espera de la operación
   en System.Net.HttpWebRequest.GetResponse()
   en System.ServiceModel.Channels.HttpChannelFactory`1.HttpRequestChannel.HttpChannelRequest.WaitForReply(TimeSpan timeout)
   --- Fin del seguimiento de la pila de la excepción interna ---
   en System.ServiceModel.Channels.HttpChannelUtilities.ProcessGetResponseWebException(WebException webException, HttpWebRequest request, HttpAbortReason abortReason)
   en System.ServiceModel.Channels.HttpChannelFactory`1.HttpRequestChannel.HttpChannelRequest.WaitForReply(TimeSpan timeout)
   en System.ServiceModel.Channels.RequestChannel.Request(Message message, TimeSpan timeout)
   --- Fin del seguimiento de la pila de la excepción interna ---

Server stack trace: 
   en System.ServiceModel.Channels.RequestChannel.Request(Message message, TimeSpan timeout)
   en System.ServiceModel.Dispatcher.RequestChannelBinder.Request(Message message, TimeSpan timeout)
   en System.ServiceModel.Channels.ServiceChannel.Call(String action, Boolean oneway, ProxyOperationRuntime operation, Object[] ins, Object[] outs, TimeSpan timeout)
   en System.ServiceModel.Channels.ServiceChannel.Call(String action, Boolean oneway, ProxyOperationRuntime operation, Object[] ins, Object[] outs)
   en System.ServiceModel.Channels.ServiceChannelProxy.InvokeService(IMethodCallMessage methodCall, ProxyOperationRuntime operation)
   en System.ServiceModel.Channels.ServiceChannelProxy.Invoke(IMessage message)

Exception rethrown at [0]: 
   en System.Runtime.Remoting.Proxies.RealProxy.HandleReturnMessage(IMessage reqMsg, IMessage retMsg)
   en System.Runtime.Remoting.Proxies.RealProxy.PrivateInvoke(MessageData& msgData, Int32 type)
   en Ds.ServiceProxy.MC_LiquidacionService.ILiquidacionService.getDatosLiquidacion(Liquidacion_Request request)
   en Ds.ServiceProxy.MC_LiquidacionService.LiquidacionServiceClient.getDatosLiquidacion(Liquidacion_Request request) en c:\Users\Parquearse\Documents\CAJERO_CC_FLORIDA\CAJERO_CCFLORIDA\CAJERO\Ds.ServiceProxy\Service References\MC_LiquidacionService\Reference.cs:línea 1203
   en Ds.ServiceProxy.ProxyService.ConsultaValor(String sSecuencia, Int32 iTipoVehiculo, Boolean bMensualidad, Boolean bReposicion, String Convenios) en c:\Users\Parquearse\Documents\CAJERO_CC_FLORIDA\CAJERO_CCFLORIDA\CAJERO\Ds.ServiceProxy\Modulo\ProxyService_Modulo.cs:línea 2297
   en ATM.WinForm.Model.Model.ConsultaValor(String sSecuencia, Int32 iTipoVehiculo, Boolean bMensualidad, Boolean bReposicion, String Convenios) en c:\Users\Parquearse\Documents\CAJERO_CC_FLORIDA\CAJERO_CCFLORIDA\CAJERO\ATM.WinForm.Model\Modulo\Model_Modulo.cs:línea 527
   en ATM.WinForm.Presenter.frmPrincipal_Presenter.ConsultaValor() en c:\Users\Parquearse\Documents\CAJERO_CC_FLORIDA\CAJERO_CCFLORIDA\CAJERO\ATM.WinForm.Presenter\frmPrincipal_Presenter.cs:línea 4278
2020/11/11 11:57:00.545 - MENSAJE: INICIO APP ATM / TestMode = true
2020/11/11 11:57:02.820 - MENSAJE: Presenter-ObtenerInfoModulo OK 
2020/11/11 11:57:02.895 - MENSAJE: Presenter-ObtenerInfoFactura OK 
2020/11/11 11:57:02.971 - MENSAJE: Presenter-ObtenerInfoPartes: 
2020/11/11 11:57:03.027 - MENSAJE: Presenter-ObtenerInfoParametros OK 
2020/11/11 11:57:03.184 - MENSAJE: Presenter-ConectarLector OK
2020/11/11 11:57:07.100 - MENSAJE: Presenter-EventosBilletero FinInicio OK
2020/11/11 11:57:39.282 - MENSAJE: Presenter-RegistrarAlarma ->  Parte:  Descripcion: Hopper 4: Not Found
2020/11/11 11:57:39.294 - MENSAJE: Presenter-RegistrarAlarma ->  Parte:  Descripcion: Hopper 4: Not Found
2020/11/11 11:57:39.306 - MENSAJE: Presenter-AdministrarConexionMiniHub: Conexión Exitosa Cash Payment Device
2020/11/11 11:57:43.522 - MENSAJE: Presenter-ValidarSaldosMinimos: Saldos Mínimos OK
2020/11/11 11:57:49.322 - MENSAJE: Presenter-LeerTarjeta CONVENIO = 5
2020/11/11 11:57:49.466 - MENSAJE: Presenter-DatosConvenio
2020/11/11 11:57:49.478 - MENSAJE: Presenter-DatosConvenio NombreConvenio CONVENIO 1 HORA
2020/11/11 11:57:49.823 - MENSAJE: FrondEnd-ValidarMensualidad IdTarjeta: AEA495D5
2020/11/11 11:57:50.075 - MENSAJE: ObtenerAutorizado Error
2020/11/11 11:57:50.113 - MENSAJE: (Presenter ObtenerFechaServer) OK
2020/11/11 11:57:52.588 - MENSAJE: Presenter-ConsultaValor SecuenciaTransaccion =20201111103000301 REPO = False TipoVehiculo = 1 Codigo = 5
2020/11/11 11:57:57.330 - MENSAJE: Presenter-ConsultaValor ok 
2020/11/11 11:57:57.337 - MENSAJE: Presenter-IVA 479 SUBTOTAL 2521 TOTAL 3000
2020/11/11 11:57:58.390 - MENSAJE: Presenter-RegistrarOperacion:  ID_Operacion: 20201111103000301
2020/11/11 11:57:58.397 - MENSAJE: FrondEnd-RegistrarOperacionPago -> Total : 3000
2020/11/11 11:58:21.289 - MENSAJE: Presenter-AdministrarProcesoCambio Preparando para Efectuar Pago
2020/11/11 11:58:21.629 - MENSAJE: Presenter-ConfirmarOperacion:  Cancelado
2020/11/11 11:58:21.661 - MENSAJE: Presenter-ValidarSaldosMinimos: Saldos Mínimos OK
2020/11/11 12:02:18.685 - MENSAJE: INICIO APP ATM / TestMode = true
2020/11/11 12:02:20.880 - MENSAJE: Presenter-ObtenerInfoModulo OK 
2020/11/11 12:02:20.951 - MENSAJE: Presenter-ObtenerInfoFactura OK 
2020/11/11 12:02:21.045 - MENSAJE: Presenter-ObtenerInfoPartes: 
2020/11/11 12:02:21.102 - MENSAJE: Presenter-ObtenerInfoParametros OK 
2020/11/11 12:02:21.263 - MENSAJE: Presenter-ConectarLector OK
2020/11/11 12:02:25.323 - MENSAJE: Presenter-EventosBilletero FinInicio OK
2020/11/11 12:02:57.417 - MENSAJE: Presenter-RegistrarAlarma ->  Parte:  Descripcion: Hopper 4: Not Found
2020/11/11 12:02:57.430 - MENSAJE: Presenter-RegistrarAlarma ->  Parte:  Descripcion: Hopper 4: Not Found
2020/11/11 12:02:57.449 - MENSAJE: Presenter-AdministrarConexionMiniHub: Conexión Exitosa Cash Payment Device
2020/11/11 12:04:06.335 - MENSAJE: INICIO APP ATM / TestMode = true
2020/11/11 12:04:08.917 - MENSAJE: Presenter-ObtenerInfoModulo OK 
2020/11/11 12:04:09.133 - MENSAJE: Presenter-ObtenerInfoFactura OK 
2020/11/11 12:04:09.345 - MENSAJE: Presenter-ObtenerInfoPartes: 
2020/11/11 12:04:09.490 - MENSAJE: Presenter-ObtenerInfoParametros OK 
2020/11/11 12:04:09.644 - MENSAJE: Presenter-ConectarLector OK
2020/11/11 12:04:13.576 - MENSAJE: Presenter-EventosBilletero FinInicio OK
2020/11/11 12:04:45.669 - MENSAJE: Presenter-RegistrarAlarma ->  Parte:  Descripcion: Hopper 4: Not Found
2020/11/11 12:04:45.682 - MENSAJE: Presenter-RegistrarAlarma ->  Parte:  Descripcion: Hopper 4: Not Found
2020/11/11 12:04:45.706 - MENSAJE: Presenter-AdministrarConexionMiniHub: Conexión Exitosa Cash Payment Device
2020/11/11 12:04:49.851 - MENSAJE: Presenter-ValidarSaldosMinimos: Saldos Mínimos OK
2020/11/11 12:04:59.265 - MENSAJE: Presenter-LeerTarjeta CONVENIO = 32
2020/11/11 12:04:59.422 - MENSAJE: Presenter-DatosConvenio
2020/11/11 12:04:59.433 - MENSAJE: Presenter-Tarjeta sin convenio
2020/11/11 12:04:59.759 - MENSAJE: FrondEnd-ValidarMensualidad IdTarjeta: A2CFA127
2020/11/11 12:05:00.053 - MENSAJE: ObtenerAutorizado ok
2020/11/11 12:05:00.060 - MENSAJE: _NumeroDocumentoOrigen 1096233601
2020/11/11 12:05:05.304 - MENSAJE: Presenter-ConsultaValor ok 
2020/11/11 12:05:05.434 - MENSAJE: Presenter-RegistrarOperacion:  ID_Operacion: 1096233601
2020/11/11 12:05:05.446 - MENSAJE: FrondEnd-RegistrarOperacionPago -> Total : 60000
2020/11/11 12:05:15.038 - MENSAJE: Presenter RegistrarMovimiento Entrada Billetes Denominacion 10000
2020/11/11 12:05:15.054 - MENSAJE: idtransaccion movimiento 1096233601
2020/11/11 12:05:16.072 - MENSAJE: Presenter-RegistrarMovimiento:  Denominacion: 10000 Cantidad: 1
2020/11/11 12:05:16.084 - MENSAJE: Presenter RegistrarMovimiento ok
2020/11/11 12:05:16.095 - MENSAJE: Presenter ValorRecibido 10000
2020/11/11 12:05:19.368 - MENSAJE: Presenter RegistrarMovimiento Entrada Billetes Denominacion 10000
2020/11/11 12:05:19.379 - MENSAJE: idtransaccion movimiento 1096233601
2020/11/11 12:05:19.544 - MENSAJE: Presenter-RegistrarMovimiento:  Denominacion: 10000 Cantidad: 1
2020/11/11 12:05:19.555 - MENSAJE: Presenter RegistrarMovimiento ok
2020/11/11 12:05:19.567 - MENSAJE: Presenter ValorRecibido 10000
2020/11/11 12:05:23.673 - MENSAJE: Presenter RegistrarMovimiento Entrada Billetes Denominacion 10000
2020/11/11 12:05:23.685 - MENSAJE: idtransaccion movimiento 1096233601
2020/11/11 12:05:23.705 - MENSAJE: Presenter-RegistrarMovimiento:  Denominacion: 10000 Cantidad: 1
2020/11/11 12:05:23.712 - MENSAJE: Presenter RegistrarMovimiento ok
2020/11/11 12:05:23.718 - MENSAJE: Presenter ValorRecibido 10000
2020/11/11 12:05:29.971 - MENSAJE: Presenter RegistrarMovimiento Entrada Billetes Denominacion 10000
2020/11/11 12:05:29.983 - MENSAJE: idtransaccion movimiento 1096233601
2020/11/11 12:05:30.012 - MENSAJE: Presenter-RegistrarMovimiento:  Denominacion: 10000 Cantidad: 1
2020/11/11 12:05:30.025 - MENSAJE: Presenter RegistrarMovimiento ok
2020/11/11 12:05:30.037 - MENSAJE: Presenter ValorRecibido 10000
2020/11/11 12:05:40.644 - MENSAJE: Presenter RegistrarMovimiento Entrada Billetes Denominacion 10000
2020/11/11 12:05:40.656 - MENSAJE: idtransaccion movimiento 1096233601
2020/11/11 12:05:40.683 - MENSAJE: Presenter-RegistrarMovimiento:  Denominacion: 10000 Cantidad: 1
2020/11/11 12:05:40.694 - MENSAJE: Presenter RegistrarMovimiento ok
2020/11/11 12:05:40.706 - MENSAJE: Presenter ValorRecibido 10000
2020/11/11 12:05:45.364 - MENSAJE: Presenter RegistrarMovimiento Entrada Billetes Denominacion 10000
2020/11/11 12:05:45.376 - MENSAJE: idtransaccion movimiento 1096233601
2020/11/11 12:05:45.420 - MENSAJE: Presenter-RegistrarMovimiento:  Denominacion: 10000 Cantidad: 1
2020/11/11 12:05:45.432 - MENSAJE: Presenter RegistrarMovimiento ok
2020/11/11 12:05:45.445 - MENSAJE: Presenter ValorRecibido 10000
2020/11/11 12:05:50.147 - MENSAJE: Presenter-AdministrarProcesoCambio Preparando para Efectuar Pago
2020/11/11 12:05:50.675 - MENSAJE: Presenter-ConfirmarOperacion:  Aprobado
2020/11/11 12:05:52.282 - MENSAJE: FrondEnd-Imprimir -> Ingresa a funcion imprimir.
2020/11/11 12:05:52.423 - MENSAJE: (Presenter ObtenerFechaServer) OK
2020/11/11 12:05:52.472 - MENSAJE: (Presenter ObtenerFechaServer) OK
2020/11/11 12:06:04.151 - MENSAJE: Presenter-ValidarSaldosMinimos: Saldos Mínimos OK
2020/11/11 12:07:53.122 - MENSAJE: Presenter-LeerTarjeta CONVENIO = 0
2020/11/11 12:07:53.191 - MENSAJE: Presenter-DatosConvenio
2020/11/11 12:07:53.203 - MENSAJE: Presenter-Tarjeta sin convenio
2020/11/11 12:07:53.519 - MENSAJE: FrondEnd-ValidarMensualidad IdTarjeta: F2EAC027
2020/11/11 12:07:53.648 - MENSAJE: ObtenerAutorizado Error
2020/11/11 12:07:53.675 - MENSAJE: (Presenter ObtenerFechaServer) OK
2020/11/11 12:07:57.484 - MENSAJE: Presenter-ConsultaValor SecuenciaTransaccion =20201111121100301 REPO = False TipoVehiculo = 1 Codigo = 0
2020/11/11 12:08:04.039 - MENSAJE: Presenter-ConsultaValor ok 
2020/11/11 12:08:04.058 - MENSAJE: Presenter-IVA 0 SUBTOTAL 0 TOTAL 0
2020/11/11 12:08:04.083 - MENSAJE: (Presenter ObtenerFechaServer) OK
2020/11/11 12:08:13.115 - MENSAJE: Presenter-LeerTarjeta CONVENIO = 0
2020/11/11 12:08:13.128 - MENSAJE: Presenter-DatosConvenio
2020/11/11 12:08:13.134 - MENSAJE: Presenter-Tarjeta sin convenio
2020/11/11 12:08:13.404 - MENSAJE: FrondEnd-ValidarMensualidad IdTarjeta: F2EAC027
2020/11/11 12:08:13.421 - MENSAJE: ObtenerAutorizado Error
2020/11/11 12:08:13.435 - MENSAJE: (Presenter ObtenerFechaServer) OK
2020/11/11 12:08:13.448 - MENSAJE: Presenter-ConsultaValor SecuenciaTransaccion =20201111121100301 REPO = False TipoVehiculo = 1 Codigo = 0
2020/11/11 12:08:13.838 - MENSAJE: Presenter-ConsultaValor ok 
2020/11/11 12:08:13.845 - MENSAJE: Presenter-IVA 0 SUBTOTAL 0 TOTAL 0
2020/11/11 12:08:13.857 - MENSAJE: (Presenter ObtenerFechaServer) OK
2020/11/11 12:08:41.116 - MENSAJE: Presenter-LeerTarjeta CONVENIO = 0
2020/11/11 12:08:41.174 - MENSAJE: Presenter-DatosConvenio
2020/11/11 12:08:41.181 - MENSAJE: Presenter-Tarjeta sin convenio
2020/11/11 12:08:41.486 - MENSAJE: FrondEnd-ValidarMensualidad IdTarjeta: F2EAC027
2020/11/11 12:08:41.618 - MENSAJE: ObtenerAutorizado Error
2020/11/11 12:08:41.637 - MENSAJE: (Presenter ObtenerFechaServer) OK
2020/11/11 12:08:41.698 - MENSAJE: Presenter-ConsultaValor SecuenciaTransaccion =20201111121100301 REPO = False TipoVehiculo = 1 Codigo = 0
2020/11/11 12:09:19.111 - MENSAJE: Presenter-ConsultaValor ok 
2020/11/11 12:09:19.130 - MENSAJE: Presenter-IVA 0 SUBTOTAL 0 TOTAL 0
2020/11/11 12:09:19.149 - MENSAJE: (Presenter ObtenerFechaServer) OK
2020/11/11 01:10:34.228 - MENSAJE: Presenter-LeerTarjeta CONVENIO = 0
2020/11/11 01:10:34.314 - MENSAJE: Presenter-DatosConvenio
2020/11/11 01:10:34.327 - MENSAJE: Presenter-Tarjeta sin convenio
2020/11/11 01:10:34.644 - MENSAJE: FrondEnd-ValidarMensualidad IdTarjeta: F2EAC027
2020/11/11 01:10:34.787 - MENSAJE: ObtenerAutorizado Error
2020/11/11 01:10:34.808 - MENSAJE: (Presenter ObtenerFechaServer) OK
2020/11/11 01:10:34.878 - MENSAJE: Presenter-ConsultaValor SecuenciaTransaccion =20201111121100301 REPO = False TipoVehiculo = 1 Codigo = 0
2020/11/11 01:10:35.476 - MENSAJE: Presenter-ConsultaValor ok 
2020/11/11 01:10:35.482 - MENSAJE: Presenter-IVA 479 SUBTOTAL 2521 TOTAL 3000
2020/11/11 01:10:35.542 - MENSAJE: Presenter-RegistrarOperacion:  ID_Operacion: 20201111121100301
2020/11/11 01:10:35.553 - MENSAJE: FrondEnd-RegistrarOperacionPago -> Total : 3000
2020/11/11 01:10:55.811 - MENSAJE: Presenter RegistrarMovimiento Entrada Billetes Denominacion 200
2020/11/11 01:10:55.823 - MENSAJE: idtransaccion movimiento 20201111121100301
2020/11/11 01:10:56.043 - MENSAJE: Presenter-RegistrarMovimiento:  Denominacion: 200 Cantidad: 1
2020/11/11 01:10:56.055 - MENSAJE: Presenter RegistrarMovimiento ok
2020/11/11 01:10:56.067 - MENSAJE: Presenter ValorRecibido 200
2020/11/11 01:10:57.387 - MENSAJE: Presenter RegistrarMovimiento Entrada Billetes Denominacion 200
2020/11/11 01:10:57.398 - MENSAJE: idtransaccion movimiento 20201111121100301
2020/11/11 01:10:57.427 - MENSAJE: Presenter-RegistrarMovimiento:  Denominacion: 200 Cantidad: 1
2020/11/11 01:10:57.438 - MENSAJE: Presenter RegistrarMovimiento ok
2020/11/11 01:10:57.449 - MENSAJE: Presenter ValorRecibido 200
2020/11/11 01:10:57.680 - MENSAJE: Presenter RegistrarMovimiento Entrada Billetes Denominacion 2000
2020/11/11 01:10:57.691 - MENSAJE: idtransaccion movimiento 20201111121100301
2020/11/11 01:10:57.718 - MENSAJE: Presenter-RegistrarMovimiento:  Denominacion: 2000 Cantidad: 1
2020/11/11 01:10:57.729 - MENSAJE: Presenter RegistrarMovimiento ok
2020/11/11 01:10:57.740 - MENSAJE: Presenter ValorRecibido 2000
2020/11/11 01:10:58.704 - MENSAJE: Presenter RegistrarMovimiento Entrada Billetes Denominacion 200
2020/11/11 01:10:58.715 - MENSAJE: idtransaccion movimiento 20201111121100301
2020/11/11 01:10:58.742 - MENSAJE: Presenter-RegistrarMovimiento:  Denominacion: 200 Cantidad: 1
2020/11/11 01:10:58.753 - MENSAJE: Presenter RegistrarMovimiento ok
2020/11/11 01:10:58.765 - MENSAJE: Presenter ValorRecibido 200
2020/11/11 01:10:59.976 - MENSAJE: Presenter RegistrarMovimiento Entrada Billetes Denominacion 200
2020/11/11 01:10:59.987 - MENSAJE: idtransaccion movimiento 20201111121100301
2020/11/11 01:11:00.018 - MENSAJE: Presenter-RegistrarMovimiento:  Denominacion: 200 Cantidad: 1
2020/11/11 01:11:00.031 - MENSAJE: Presenter RegistrarMovimiento ok
2020/11/11 01:11:00.040 - MENSAJE: Presenter ValorRecibido 200
2020/11/11 01:11:01.020 - MENSAJE: Presenter RegistrarMovimiento Entrada Billetes Denominacion 200
2020/11/11 01:11:01.032 - MENSAJE: idtransaccion movimiento 20201111121100301
2020/11/11 01:11:01.059 - MENSAJE: Presenter-RegistrarMovimiento:  Denominacion: 200 Cantidad: 1
2020/11/11 01:11:01.071 - MENSAJE: Presenter RegistrarMovimiento ok
2020/11/11 01:11:01.082 - MENSAJE: Presenter ValorRecibido 200
2020/11/11 01:11:05.567 - MENSAJE: Presenter-AdministrarProcesoCambio Preparando para Efectuar Pago
2020/11/11 01:11:05.888 - MENSAJE: Presenter-ConfirmarOperacion:  Aprobado
2020/11/11 01:11:07.532 - MENSAJE: FrondEnd-Imprimir -> Ingresa a funcion imprimir.
2020/11/11 01:11:15.214 - MENSAJE: Presenter-ValidarSaldosMinimos: Saldos Mínimos OK
2020/11/11 01:11:37.252 - MENSAJE: Presenter-LeerTarjeta CONVENIO = 0
2020/11/11 01:11:37.544 - MENSAJE: Presenter-DatosConvenio
2020/11/11 01:11:37.559 - MENSAJE: Presenter-Tarjeta sin convenio
2020/11/11 01:11:38.240 - MENSAJE: FrondEnd-ValidarMensualidad IdTarjeta: F2EAC027
2020/11/11 01:11:38.722 - MENSAJE: ObtenerAutorizado Error
2020/11/11 01:11:38.746 - MENSAJE: (Presenter ObtenerFechaServer) OK
2020/11/11 01:11:39.143 - MENSAJE: Presenter-ConsultaValor SecuenciaTransaccion =20201111121100301 REPO = False TipoVehiculo = 1 Codigo = 0
2020/11/11 01:11:42.284 - MENSAJE: Presenter-ConsultaValor ok 
2020/11/11 01:11:42.292 - MENSAJE: Presenter-IVA 0 SUBTOTAL 0 TOTAL 0
2020/11/11 01:11:42.308 - MENSAJE: (Presenter ObtenerFechaServer) OK
2020/11/11 01:26:49.769 - MENSAJE: Presenter-LeerTarjeta CONVENIO = 0
2020/11/11 01:26:49.902 - MENSAJE: Presenter-DatosConvenio
2020/11/11 01:26:49.914 - MENSAJE: Presenter-Tarjeta sin convenio
2020/11/11 01:26:50.491 - MENSAJE: FrondEnd-ValidarMensualidad IdTarjeta: F2EAC027
2020/11/11 01:26:50.654 - MENSAJE: ObtenerAutorizado Error
2020/11/11 01:26:50.679 - MENSAJE: (Presenter ObtenerFechaServer) OK
2020/11/11 01:26:50.700 - MENSAJE: Presenter-ConsultaValor SecuenciaTransaccion =20201111121100301 REPO = False TipoVehiculo = 1 Codigo = 0
2020/11/11 01:26:53.403 - MENSAJE: Presenter-ConsultaValor ok 
2020/11/11 01:26:53.409 - MENSAJE: Presenter-IVA 0 SUBTOTAL 0 TOTAL 0
2020/11/11 01:26:53.422 - MENSAJE: (Presenter ObtenerFechaServer) OK
2020/11/11 01:33:04.231 - MENSAJE: Presenter-LeerTarjeta CONVENIO = 0
2020/11/11 01:33:04.249 - MENSAJE: Presenter-DatosConvenio
2020/11/11 01:33:04.256 - MENSAJE: Presenter-Tarjeta sin convenio
2020/11/11 01:33:04.522 - MENSAJE: FrondEnd-ValidarMensualidad IdTarjeta: F2EAC027
2020/11/11 01:33:04.538 - MENSAJE: ObtenerAutorizado Error
2020/11/11 01:33:04.552 - MENSAJE: (Presenter ObtenerFechaServer) OK
2020/11/11 01:33:04.565 - MENSAJE: Presenter-ConsultaValor SecuenciaTransaccion =20201111121100301 REPO = False TipoVehiculo = 1 Codigo = 0
2020/11/11 01:33:04.915 - MENSAJE: Presenter-ConsultaValor ok 
2020/11/11 01:33:04.922 - MENSAJE: Presenter-IVA 479 SUBTOTAL 2521 TOTAL 3000
2020/11/11 01:33:05.168 - MENSAJE: Presenter-RegistrarOperacion:  ID_Operacion: 20201111121100301
2020/11/11 01:33:05.180 - MENSAJE: FrondEnd-RegistrarOperacionPago -> Total : 3000
2020/11/11 01:33:14.446 - MENSAJE: Presenter-AdministrarProcesoCambio Preparando para Efectuar Pago
2020/11/11 01:33:14.632 - MENSAJE: Presenter-ConfirmarOperacion:  Cancelado
2020/11/11 01:33:14.657 - MENSAJE: Presenter-ValidarSaldosMinimos: Saldos Mínimos OK
2020/11/11 01:33:18.291 - MENSAJE: Presenter-LeerTarjeta CONVENIO = 0
2020/11/11 01:33:18.312 - MENSAJE: Presenter-DatosConvenio
2020/11/11 01:33:18.319 - MENSAJE: Presenter-Tarjeta sin convenio
2020/11/11 01:33:19.236 - MENSAJE: FrondEnd-ValidarMensualidad IdTarjeta: F2EAC027
2020/11/11 01:33:19.257 - MENSAJE: ObtenerAutorizado Error
2020/11/11 01:33:19.273 - MENSAJE: (Presenter ObtenerFechaServer) OK
2020/11/11 01:33:19.290 - MENSAJE: Presenter-ConsultaValor SecuenciaTransaccion =20201111121100301 REPO = False TipoVehiculo = 1 Codigo = 0
2020/11/11 01:33:19.653 - MENSAJE: Presenter-ConsultaValor ok 
2020/11/11 01:33:19.660 - MENSAJE: Presenter-IVA 479 SUBTOTAL 2521 TOTAL 3000
2020/11/11 01:33:19.674 - MENSAJE: Presenter-RegistrarOperacion:  ID_Operacion: 20201111121100301
2020/11/11 01:33:19.680 - MENSAJE: FrondEnd-RegistrarOperacionPago -> Total : 3000
2020/11/11 01:33:44.319 - MENSAJE: Presenter-AdministrarProcesoCambio Preparando para Efectuar Pago
2020/11/11 01:33:44.638 - MENSAJE: Presenter-ConfirmarOperacion:  Cancelado
2020/11/11 01:33:44.666 - MENSAJE: Presenter-ValidarSaldosMinimos: Saldos Mínimos OK
2020/11/11 01:33:48.383 - MENSAJE: Presenter-LeerTarjeta CONVENIO = 0
2020/11/11 01:33:48.467 - MENSAJE: Presenter-DatosConvenio
2020/11/11 01:33:48.479 - MENSAJE: Presenter-Tarjeta sin convenio
2020/11/11 01:33:48.779 - MENSAJE: FrondEnd-ValidarMensualidad IdTarjeta: F2EAC027
2020/11/11 01:33:48.922 - MENSAJE: ObtenerAutorizado Error
2020/11/11 01:33:48.945 - MENSAJE: (Presenter ObtenerFechaServer) OK
2020/11/11 01:33:48.978 - MENSAJE: Presenter-ConsultaValor SecuenciaTransaccion =20201111121100301 REPO = False TipoVehiculo = 1 Codigo = 0
2020/11/11 01:34:34.393 - MENSAJE: Presenter-ConsultaValor ok 
2020/11/11 01:34:34.404 - MENSAJE: Presenter-IVA 479 SUBTOTAL 2521 TOTAL 3000
2020/11/11 01:34:35.357 - MENSAJE: Presenter-RegistrarOperacion:  ID_Operacion: 20201111121100301
2020/11/11 01:34:35.369 - MENSAJE: FrondEnd-RegistrarOperacionPago -> Total : 3000
2020/11/11 01:34:49.389 - MENSAJE: Presenter-AdministrarProcesoCambio Preparando para Efectuar Pago
2020/11/11 01:34:49.545 - MENSAJE: Presenter-ConfirmarOperacion:  Cancelado
2020/11/11 01:34:49.606 - MENSAJE: Presenter-ValidarSaldosMinimos: Saldos Mínimos OK
2020/11/11 01:35:09.235 - MENSAJE: Presenter-LeerTarjeta CONVENIO = 5
2020/11/11 01:35:09.361 - MENSAJE: Presenter-DatosConvenio
2020/11/11 01:35:09.373 - MENSAJE: Presenter-DatosConvenio NombreConvenio CONVENIO 1 HORA
2020/11/11 01:35:09.721 - MENSAJE: FrondEnd-ValidarMensualidad IdTarjeta: F2EAC027
2020/11/11 01:35:09.798 - MENSAJE: ObtenerAutorizado Error
2020/11/11 01:35:09.819 - MENSAJE: (Presenter ObtenerFechaServer) OK
2020/11/11 01:35:09.847 - MENSAJE: Presenter-ConsultaValor SecuenciaTransaccion =20201111121100301 REPO = False TipoVehiculo = 1 Codigo = 5
2020/11/11 01:35:10.321 - MENSAJE: Presenter-ConsultaValor ok 
2020/11/11 01:35:10.328 - MENSAJE: Presenter-IVA 0 SUBTOTAL 0 TOTAL 0
2020/11/11 01:35:10.426 - MENSAJE: Presenter-RegistrarOperacion:  ID_Operacion: 20201111121100301
2020/11/11 01:35:10.525 - MENSAJE: Presenter-ConfirmarOperacion:  Aprobado
2020/11/11 01:35:12.644 - MENSAJE: FrondEnd-Imprimir -> Ingresa a funcion imprimir.
2020/11/11 01:35:12.668 - MENSAJE: (Presenter ObtenerFechaServer) OK
2020/11/11 01:35:20.187 - MENSAJE: Presenter-ValidarSaldosMinimos: Saldos Mínimos OK
2020/11/11 01:36:11.241 - MENSAJE: Presenter-LeerTarjeta CONVENIO = 5
2020/11/11 01:36:11.479 - MENSAJE: Presenter-DatosConvenio
2020/11/11 01:36:11.491 - MENSAJE: Presenter-DatosConvenio NombreConvenio CONVENIO 1 HORA
2020/11/11 01:36:11.792 - MENSAJE: FrondEnd-ValidarMensualidad IdTarjeta: F2EAC027
2020/11/11 01:36:11.935 - MENSAJE: ObtenerAutorizado Error
2020/11/11 01:36:11.955 - MENSAJE: (Presenter ObtenerFechaServer) OK
2020/11/11 01:36:12.035 - MENSAJE: Presenter-ConsultaValor SecuenciaTransaccion =20201111121100301 REPO = False TipoVehiculo = 1 Codigo = 5
2020/11/11 01:36:14.833 - MENSAJE: Presenter-ConsultaValor ok 
2020/11/11 01:36:14.840 - MENSAJE: Presenter-IVA 0 SUBTOTAL 0 TOTAL 0
2020/11/11 01:36:15.063 - MENSAJE: Presenter-RegistrarOperacion:  ID_Operacion: 20201111121100301
2020/11/11 01:36:15.180 - MENSAJE: Presenter-ConfirmarOperacion:  Aprobado
2020/11/11 01:36:23.396 - MENSAJE: FrondEnd-Imprimir -> Ingresa a funcion imprimir.
2020/11/11 01:36:23.411 - MENSAJE: (Presenter ObtenerFechaServer) OK
2020/11/11 01:36:31.294 - MENSAJE: Presenter-ValidarSaldosMinimos: Saldos Mínimos OK
2020/11/11 01:37:43.051 - MENSAJE: Presenter-LeerTarjeta CONVENIO = 5
2020/11/11 01:37:43.342 - MENSAJE: Presenter-DatosConvenio
2020/11/11 01:37:43.354 - MENSAJE: Presenter-DatosConvenio NombreConvenio CONVENIO 1 HORA
2020/11/11 01:37:43.646 - MENSAJE: FrondEnd-ValidarMensualidad IdTarjeta: F2EAC027
2020/11/11 01:37:44.266 - MENSAJE: ObtenerAutorizado Error
2020/11/11 01:37:44.289 - MENSAJE: (Presenter ObtenerFechaServer) OK
2020/11/11 01:37:44.370 - MENSAJE: Presenter-ConsultaValor SecuenciaTransaccion =20201111121100301 REPO = False TipoVehiculo = 1 Codigo = 5
2020/11/11 01:37:46.573 - MENSAJE: Presenter-ConsultaValor ok 
2020/11/11 01:37:46.580 - MENSAJE: Presenter-IVA 0 SUBTOTAL 0 TOTAL 0
2020/11/11 01:37:46.643 - MENSAJE: Presenter-RegistrarOperacion:  ID_Operacion: 20201111121100301
2020/11/11 01:37:46.716 - MENSAJE: Presenter-ConfirmarOperacion:  Aprobado
2020/11/11 01:37:56.106 - MENSAJE: Presenter-ValidarSaldosMinimos: Saldos Mínimos OK
2020/11/11 01:38:14.072 - MENSAJE: Presenter-LeerTarjeta CONVENIO = 5
2020/11/11 01:38:14.090 - MENSAJE: Presenter-DatosConvenio
2020/11/11 01:38:14.096 - MENSAJE: Presenter-DatosConvenio NombreConvenio CONVENIO 1 HORA
2020/11/11 01:38:14.389 - MENSAJE: FrondEnd-ValidarMensualidad IdTarjeta: F2EAC027
2020/11/11 01:38:14.408 - MENSAJE: ObtenerAutorizado Error
2020/11/11 01:38:14.421 - MENSAJE: (Presenter ObtenerFechaServer) OK
2020/11/11 01:38:14.476 - MENSAJE: Presenter-ConsultaValor SecuenciaTransaccion =20201111121100301 REPO = False TipoVehiculo = 1 Codigo = 5
2020/11/11 01:39:14.753 - MENSAJE: System.TimeoutException: El canal de solicitud agotó el tiempo de espera mientras esperaba una respuesta después de 00:01:00. Aumente el valor de tiempo de espera pasado a la llamada a Request, o bien aumente el valor de SendTimeout en el enlace. El tiempo asignado a esta operación puede haber sido una parte de un tiempo de espera mayor. ---> System.TimeoutException: La solicitud HTTP a 'http://localhost:88/MC_Block_Pass/MC_LiquidacionService.svc' superó el tiempo de espera asignado de 00:01:00. El tiempo asignado a esta operación puede haber sido una parte de un tiempo de espera mayor. ---> System.Net.WebException: Se excedió el tiempo de espera de la operación
   en System.Net.HttpWebRequest.GetResponse()
   en System.ServiceModel.Channels.HttpChannelFactory`1.HttpRequestChannel.HttpChannelRequest.WaitForReply(TimeSpan timeout)
   --- Fin del seguimiento de la pila de la excepción interna ---
   en System.ServiceModel.Channels.HttpChannelUtilities.ProcessGetResponseWebException(WebException webException, HttpWebRequest request, HttpAbortReason abortReason)
   en System.ServiceModel.Channels.HttpChannelFactory`1.HttpRequestChannel.HttpChannelRequest.WaitForReply(TimeSpan timeout)
   en System.ServiceModel.Channels.RequestChannel.Request(Message message, TimeSpan timeout)
   --- Fin del seguimiento de la pila de la excepción interna ---

Server stack trace: 
   en System.ServiceModel.Channels.RequestChannel.Request(Message message, TimeSpan timeout)
   en System.ServiceModel.Dispatcher.RequestChannelBinder.Request(Message message, TimeSpan timeout)
   en System.ServiceModel.Channels.ServiceChannel.Call(String action, Boolean oneway, ProxyOperationRuntime operation, Object[] ins, Object[] outs, TimeSpan timeout)
   en System.ServiceModel.Channels.ServiceChannel.Call(String action, Boolean oneway, ProxyOperationRuntime operation, Object[] ins, Object[] outs)
   en System.ServiceModel.Channels.ServiceChannelProxy.InvokeService(IMethodCallMessage methodCall, ProxyOperationRuntime operation)
   en System.ServiceModel.Channels.ServiceChannelProxy.Invoke(IMessage message)

Exception rethrown at [0]: 
   en System.Runtime.Remoting.Proxies.RealProxy.HandleReturnMessage(IMessage reqMsg, IMessage retMsg)
   en System.Runtime.Remoting.Proxies.RealProxy.PrivateInvoke(MessageData& msgData, Int32 type)
   en Ds.ServiceProxy.MC_LiquidacionService.ILiquidacionService.getDatosLiquidacion(Liquidacion_Request request)
   en Ds.ServiceProxy.MC_LiquidacionService.LiquidacionServiceClient.getDatosLiquidacion(Liquidacion_Request request) en c:\Users\Parquearse\Documents\CAJERO_CC_FLORIDA\CAJERO_CCFLORIDA\CAJERO\Ds.ServiceProxy\Service References\MC_LiquidacionService\Reference.cs:línea 1203
   en Ds.ServiceProxy.ProxyService.ConsultaValor(String sSecuencia, Int32 iTipoVehiculo, Boolean bMensualidad, Boolean bReposicion, String Convenios) en c:\Users\Parquearse\Documents\CAJERO_CC_FLORIDA\CAJERO_CCFLORIDA\CAJERO\Ds.ServiceProxy\Modulo\ProxyService_Modulo.cs:línea 2297
   en ATM.WinForm.Model.Model.ConsultaValor(String sSecuencia, Int32 iTipoVehiculo, Boolean bMensualidad, Boolean bReposicion, String Convenios) en c:\Users\Parquearse\Documents\CAJERO_CC_FLORIDA\CAJERO_CCFLORIDA\CAJERO\ATM.WinForm.Model\Modulo\Model_Modulo.cs:línea 527
   en ATM.WinForm.Presenter.frmPrincipal_Presenter.ConsultaValor() en c:\Users\Parquearse\Documents\CAJERO_CC_FLORIDA\CAJERO_CCFLORIDA\CAJERO\ATM.WinForm.Presenter\frmPrincipal_Presenter.cs:línea 4278
2020/11/11 01:43:43.563 - MENSAJE: INICIO APP ATM / TestMode = true
2020/11/11 01:43:45.819 - MENSAJE: Presenter-ObtenerInfoModulo OK 
2020/11/11 01:43:45.919 - MENSAJE: Presenter-ObtenerInfoFactura OK 
2020/11/11 01:43:45.989 - MENSAJE: Presenter-ObtenerInfoPartes: 
2020/11/11 01:43:46.035 - MENSAJE: Presenter-ObtenerInfoParametros OK 
2020/11/11 01:43:46.187 - MENSAJE: Presenter-ConectarLector OK
2020/11/11 01:43:50.164 - MENSAJE: Presenter-EventosBilletero FinInicio OK
2020/11/11 01:44:22.265 - MENSAJE: Presenter-RegistrarAlarma ->  Parte:  Descripcion: Hopper 4: Not Found
2020/11/11 01:44:22.280 - MENSAJE: Presenter-RegistrarAlarma ->  Parte:  Descripcion: Hopper 4: Not Found
2020/11/11 01:44:22.299 - MENSAJE: Presenter-AdministrarConexionMiniHub: Conexión Exitosa Cash Payment Device
2020/11/11 01:44:26.710 - MENSAJE: Presenter-ValidarSaldosMinimos: Saldos Mínimos OK
2020/11/11 01:44:36.356 - MENSAJE: Presenter-LeerTarjeta CONVENIO = 5
2020/11/11 01:44:36.476 - MENSAJE: Presenter-DatosConvenio
2020/11/11 01:44:36.483 - MENSAJE: Presenter-DatosConvenio NombreConvenio CONVENIO 1 HORA
2020/11/11 01:44:36.780 - MENSAJE: FrondEnd-ValidarMensualidad IdTarjeta: F2EAC027
2020/11/11 01:44:37.009 - MENSAJE: ObtenerAutorizado Error
2020/11/11 01:44:37.060 - MENSAJE: (Presenter ObtenerFechaServer) OK
2020/11/11 01:44:37.131 - MENSAJE: Presenter-ConsultaValor SecuenciaTransaccion =20201111121100301 REPO = False TipoVehiculo = 1 Codigo = 5
2020/11/11 01:44:48.053 - MENSAJE: Presenter-ConsultaValor ok 
2020/11/11 01:44:48.068 - MENSAJE: Presenter-IVA 479 SUBTOTAL 2521 TOTAL 3000
2020/11/11 01:44:48.431 - MENSAJE: Presenter-RegistrarOperacion:  ID_Operacion: 20201111121100301
2020/11/11 01:44:48.439 - MENSAJE: FrondEnd-RegistrarOperacionPago -> Total : 3000
2020/11/11 01:44:59.334 - MENSAJE: Presenter-AdministrarProcesoCambio Preparando para Efectuar Pago
2020/11/11 01:44:59.517 - MENSAJE: Presenter-ConfirmarOperacion:  Cancelado
2020/11/11 01:44:59.598 - MENSAJE: Presenter-ValidarSaldosMinimos: Saldos Mínimos OK
2020/11/11 01:33:24.146 - MENSAJE: Presenter-LeerTarjeta CONVENIO = 5
2020/11/11 01:33:24.188 - MENSAJE: Presenter-DatosConvenio
2020/11/11 01:33:24.194 - MENSAJE: Presenter-DatosConvenio NombreConvenio CONVENIO 1 HORA
2020/11/11 01:33:24.528 - MENSAJE: FrondEnd-ValidarMensualidad IdTarjeta: F2EAC027
2020/11/11 01:33:24.687 - MENSAJE: ObtenerAutorizado Error
2020/11/11 01:33:24.714 - MENSAJE: (Presenter ObtenerFechaServer) OK
2020/11/11 01:33:24.769 - MENSAJE: Presenter-ConsultaValor SecuenciaTransaccion =20201111121100301 REPO = False TipoVehiculo = 1 Codigo = 5
2020/11/11 01:33:27.201 - MENSAJE: Presenter-ConsultaValor ok 
2020/11/11 01:33:27.209 - MENSAJE: Presenter-IVA 0 SUBTOTAL 0 TOTAL 0
2020/11/11 01:33:27.746 - MENSAJE: Presenter-RegistrarOperacion:  ID_Operacion: 20201111121100301
2020/11/11 01:33:28.876 - MENSAJE: Presenter-ConfirmarOperacion:  Aprobado
2020/11/11 01:33:32.545 - MENSAJE: FrondEnd-Imprimir -> Ingresa a funcion imprimir.
2020/11/11 01:33:32.687 - MENSAJE: (Presenter ObtenerFechaServer) OK
2020/11/11 01:33:41.088 - MENSAJE: Presenter-ValidarSaldosMinimos: Saldos Mínimos OK
2020/11/11 01:33:16.014 - MENSAJE: Presenter-LeerTarjeta CONVENIO = 5
2020/11/11 01:33:16.094 - MENSAJE: Presenter-DatosConvenio
2020/11/11 01:33:16.152 - MENSAJE: Presenter-DatosConvenio NombreConvenio CONVENIO 1 HORA
2020/11/11 01:33:16.459 - MENSAJE: FrondEnd-ValidarMensualidad IdTarjeta: AEA495D5
2020/11/11 01:33:16.695 - MENSAJE: ObtenerAutorizado Error
2020/11/11 01:33:16.719 - MENSAJE: (Presenter ObtenerFechaServer) OK
2020/11/11 01:33:16.744 - MENSAJE: Presenter-ConsultaValor SecuenciaTransaccion =20201111124500301 REPO = False TipoVehiculo = 1 Codigo = 5
2020/11/11 01:33:17.352 - MENSAJE: Presenter-ConsultaValor ok 
2020/11/11 01:33:17.363 - MENSAJE: Presenter-IVA 0 SUBTOTAL 0 TOTAL 0
2020/11/11 01:33:17.444 - MENSAJE: Presenter-RegistrarOperacion:  ID_Operacion: 20201111124500301
2020/11/11 01:33:17.548 - MENSAJE: Presenter-ConfirmarOperacion:  Aprobado
2020/11/11 01:33:18.811 - MENSAJE: FrondEnd-Imprimir -> Ingresa a funcion imprimir.
2020/11/11 01:33:18.824 - MENSAJE: (Presenter ObtenerFechaServer) OK
2020/11/11 01:33:26.094 - MENSAJE: Presenter-ValidarSaldosMinimos: Saldos Mínimos OK
2020/11/11 01:33:29.000 - MENSAJE: Presenter-LeerTarjeta CONVENIO = 5
2020/11/11 01:33:29.103 - MENSAJE: Presenter-DatosConvenio
2020/11/11 01:33:29.115 - MENSAJE: Presenter-DatosConvenio NombreConvenio CONVENIO 1 HORA
2020/11/11 01:33:29.441 - MENSAJE: FrondEnd-ValidarMensualidad IdTarjeta: AEA495D5
2020/11/11 01:33:29.554 - MENSAJE: ObtenerAutorizado Error
2020/11/11 01:33:29.576 - MENSAJE: (Presenter ObtenerFechaServer) OK
2020/11/11 01:33:29.621 - MENSAJE: Presenter-ConsultaValor SecuenciaTransaccion =20201111124500301 REPO = False TipoVehiculo = 1 Codigo = 5
2020/11/11 01:33:30.035 - MENSAJE: Presenter-ConsultaValor ok 
2020/11/11 01:33:30.043 - MENSAJE: Presenter-IVA 0 SUBTOTAL 0 TOTAL 0
2020/11/11 01:33:30.083 - MENSAJE: Presenter-RegistrarOperacion:  ID_Operacion: 20201111124500301
2020/11/11 01:33:30.158 - MENSAJE: Presenter-ConfirmarOperacion:  Aprobado
2020/11/11 01:33:31.086 - MENSAJE: FrondEnd-Imprimir -> Ingresa a funcion imprimir.
2020/11/11 01:33:31.100 - MENSAJE: (Presenter ObtenerFechaServer) OK
2020/11/11 01:33:38.971 - MENSAJE: Presenter-ValidarSaldosMinimos: Saldos Mínimos OK
2020/11/11 01:55:11.480 - MENSAJE: Presenter-LeerTarjeta CONVENIO = 5
2020/11/11 01:55:11.507 - MENSAJE: Presenter-DatosConvenio
2020/11/11 01:55:11.534 - MENSAJE: Presenter-DatosConvenio NombreConvenio CONVENIO 1 HORA
2020/11/11 01:55:11.877 - MENSAJE: FrondEnd-ValidarMensualidad IdTarjeta: AEA495D5
2020/11/11 01:55:11.892 - MENSAJE: ObtenerAutorizado Error
2020/11/11 01:55:11.906 - MENSAJE: (Presenter ObtenerFechaServer) OK
2020/11/11 01:55:11.921 - MENSAJE: Presenter-ConsultaValor SecuenciaTransaccion =20201111124500301 REPO = False TipoVehiculo = 1 Codigo = 5
2020/11/11 01:55:12.287 - MENSAJE: Presenter-ConsultaValor ok 
2020/11/11 01:55:12.293 - MENSAJE: Presenter-IVA 0 SUBTOTAL 0 TOTAL 0
2020/11/11 01:55:12.412 - MENSAJE: Presenter-RegistrarOperacion:  ID_Operacion: 20201111124500301
2020/11/11 01:55:12.460 - MENSAJE: Presenter-ConfirmarOperacion:  Aprobado
2020/11/11 01:55:13.651 - MENSAJE: FrondEnd-Imprimir -> Ingresa a funcion imprimir.
2020/11/11 01:55:13.666 - MENSAJE: (Presenter ObtenerFechaServer) OK
2020/11/11 01:55:21.616 - MENSAJE: Presenter-ValidarSaldosMinimos: Saldos Mínimos OK
2020/11/11 02:11:32.189 - MENSAJE: Presenter-LeerTarjeta CONVENIO = 5
2020/11/11 02:11:32.320 - MENSAJE: Presenter-DatosConvenio
2020/11/11 02:11:32.328 - MENSAJE: Presenter-DatosConvenio NombreConvenio CONVENIO 1 HORA
2020/11/11 02:11:32.632 - MENSAJE: FrondEnd-ValidarMensualidad IdTarjeta: AEA495D5
2020/11/11 02:11:32.860 - MENSAJE: ObtenerAutorizado Error
2020/11/11 02:11:32.883 - MENSAJE: (Presenter ObtenerFechaServer) OK
2020/11/11 02:11:32.938 - MENSAJE: Presenter-ConsultaValor SecuenciaTransaccion =20201111124500301 REPO = False TipoVehiculo = 1 Codigo = 5
2020/11/11 02:11:33.416 - MENSAJE: Presenter-ConsultaValor ok 
2020/11/11 02:11:33.422 - MENSAJE: Presenter-IVA 958 SUBTOTAL 5042 TOTAL 6000
2020/11/11 02:11:33.476 - MENSAJE: Presenter-RegistrarOperacion:  ID_Operacion: 20201111124500301
2020/11/11 02:11:33.487 - MENSAJE: FrondEnd-RegistrarOperacionPago -> Total : 6000
2020/11/11 02:12:12.887 - MENSAJE: Presenter-AdministrarProcesoCambio Preparando para Efectuar Pago
2020/11/11 02:12:14.031 - MENSAJE: Presenter-ConfirmarOperacion:  Cancelado
2020/11/11 02:12:14.123 - MENSAJE: Presenter-ValidarSaldosMinimos: Saldos Mínimos OK
2020/11/11 02:12:16.636 - MENSAJE: Presenter-LeerTarjeta CONVENIO = 5
2020/11/11 02:12:16.935 - MENSAJE: Presenter-DatosConvenio
2020/11/11 02:12:16.947 - MENSAJE: Presenter-DatosConvenio NombreConvenio CONVENIO 1 HORA
2020/11/11 02:12:17.258 - MENSAJE: FrondEnd-ValidarMensualidad IdTarjeta: AEA495D5
2020/11/11 02:12:17.331 - MENSAJE: ObtenerAutorizado Error
2020/11/11 02:12:17.353 - MENSAJE: (Presenter ObtenerFechaServer) OK
2020/11/11 02:12:17.398 - MENSAJE: Presenter-ConsultaValor SecuenciaTransaccion =20201111124500301 REPO = False TipoVehiculo = 1 Codigo = 5
2020/11/11 02:13:17.691 - MENSAJE: System.TimeoutException: El canal de solicitud agotó el tiempo de espera mientras esperaba una respuesta después de 00:00:59.9989961. Aumente el valor de tiempo de espera pasado a la llamada a Request, o bien aumente el valor de SendTimeout en el enlace. El tiempo asignado a esta operación puede haber sido una parte de un tiempo de espera mayor. ---> System.TimeoutException: La solicitud HTTP a 'http://localhost:88/MC_Block_Pass/MC_LiquidacionService.svc' superó el tiempo de espera asignado de 00:01:00. El tiempo asignado a esta operación puede haber sido una parte de un tiempo de espera mayor. ---> System.Net.WebException: Se excedió el tiempo de espera de la operación
   en System.Net.HttpWebRequest.GetResponse()
   en System.ServiceModel.Channels.HttpChannelFactory`1.HttpRequestChannel.HttpChannelRequest.WaitForReply(TimeSpan timeout)
   --- Fin del seguimiento de la pila de la excepción interna ---
   en System.ServiceModel.Channels.HttpChannelUtilities.ProcessGetResponseWebException(WebException webException, HttpWebRequest request, HttpAbortReason abortReason)
   en System.ServiceModel.Channels.HttpChannelFactory`1.HttpRequestChannel.HttpChannelRequest.WaitForReply(TimeSpan timeout)
   en System.ServiceModel.Channels.RequestChannel.Request(Message message, TimeSpan timeout)
   --- Fin del seguimiento de la pila de la excepción interna ---

Server stack trace: 
   en System.ServiceModel.Channels.RequestChannel.Request(Message message, TimeSpan timeout)
   en System.ServiceModel.Dispatcher.RequestChannelBinder.Request(Message message, TimeSpan timeout)
   en System.ServiceModel.Channels.ServiceChannel.Call(String action, Boolean oneway, ProxyOperationRuntime operation, Object[] ins, Object[] outs, TimeSpan timeout)
   en System.ServiceModel.Channels.ServiceChannel.Call(String action, Boolean oneway, ProxyOperationRuntime operation, Object[] ins, Object[] outs)
   en System.ServiceModel.Channels.ServiceChannelProxy.InvokeService(IMethodCallMessage methodCall, ProxyOperationRuntime operation)
   en System.ServiceModel.Channels.ServiceChannelProxy.Invoke(IMessage message)

Exception rethrown at [0]: 
   en System.Runtime.Remoting.Proxies.RealProxy.HandleReturnMessage(IMessage reqMsg, IMessage retMsg)
   en System.Runtime.Remoting.Proxies.RealProxy.PrivateInvoke(MessageData& msgData, Int32 type)
   en Ds.ServiceProxy.MC_LiquidacionService.ILiquidacionService.getDatosLiquidacion(Liquidacion_Request request)
   en Ds.ServiceProxy.MC_LiquidacionService.LiquidacionServiceClient.getDatosLiquidacion(Liquidacion_Request request) en c:\Users\Parquearse\Documents\CAJERO_CC_FLORIDA\CAJERO_CCFLORIDA\CAJERO\Ds.ServiceProxy\Service References\MC_LiquidacionService\Reference.cs:línea 1203
   en Ds.ServiceProxy.ProxyService.ConsultaValor(String sSecuencia, Int32 iTipoVehiculo, Boolean bMensualidad, Boolean bReposicion, String Convenios) en c:\Users\Parquearse\Documents\CAJERO_CC_FLORIDA\CAJERO_CCFLORIDA\CAJERO\Ds.ServiceProxy\Modulo\ProxyService_Modulo.cs:línea 2297
   en ATM.WinForm.Model.Model.ConsultaValor(String sSecuencia, Int32 iTipoVehiculo, Boolean bMensualidad, Boolean bReposicion, String Convenios) en c:\Users\Parquearse\Documents\CAJERO_CC_FLORIDA\CAJERO_CCFLORIDA\CAJERO\ATM.WinForm.Model\Modulo\Model_Modulo.cs:línea 527
   en ATM.WinForm.Presenter.frmPrincipal_Presenter.ConsultaValor() en c:\Users\Parquearse\Documents\CAJERO_CC_FLORIDA\CAJERO_CCFLORIDA\CAJERO\ATM.WinForm.Presenter\frmPrincipal_Presenter.cs:línea 4278
2020/11/11 02:16:11.229 - MENSAJE: Presenter-LeerTarjeta CONVENIO = 5
2020/11/11 02:16:11.336 - MENSAJE: Presenter-DatosConvenio
2020/11/11 02:16:11.349 - MENSAJE: Presenter-DatosConvenio NombreConvenio CONVENIO 1 HORA
2020/11/11 02:16:11.663 - MENSAJE: FrondEnd-ValidarMensualidad IdTarjeta: AEA495D5
2020/11/11 02:16:11.753 - MENSAJE: ObtenerAutorizado Error
2020/11/11 02:16:11.772 - MENSAJE: (Presenter ObtenerFechaServer) OK
2020/11/11 02:16:11.832 - MENSAJE: Presenter-ConsultaValor SecuenciaTransaccion =20201111124500301 REPO = False TipoVehiculo = 1 Codigo = 5
2020/11/11 02:16:53.132 - MENSAJE: Presenter-ConsultaValor ok 
2020/11/11 02:16:53.139 - MENSAJE: Presenter-IVA 479 SUBTOTAL 2521 TOTAL 3000
2020/11/11 02:16:53.338 - MENSAJE: Presenter-RegistrarOperacion:  ID_Operacion: 20201111124500301
2020/11/11 02:16:53.351 - MENSAJE: FrondEnd-RegistrarOperacionPago -> Total : 3000
2020/11/11 02:17:06.454 - MENSAJE: Presenter-AdministrarProcesoCambio Preparando para Efectuar Pago
2020/11/11 02:17:06.610 - MENSAJE: Presenter-ConfirmarOperacion:  Cancelado
2020/11/11 02:17:06.638 - MENSAJE: Presenter-ValidarSaldosMinimos: Saldos Mínimos OK
2020/11/11 02:17:16.213 - MENSAJE: Presenter-LeerTarjeta CONVENIO = 5
2020/11/11 02:17:16.343 - MENSAJE: Presenter-DatosConvenio
2020/11/11 02:17:16.355 - MENSAJE: Presenter-DatosConvenio NombreConvenio CONVENIO 1 HORA
2020/11/11 02:17:16.654 - MENSAJE: FrondEnd-ValidarMensualidad IdTarjeta: F2EAC027
2020/11/11 02:17:16.794 - MENSAJE: ObtenerAutorizado Error
2020/11/11 02:17:16.815 - MENSAJE: (Presenter ObtenerFechaServer) OK
2020/11/11 02:17:16.840 - MENSAJE: Presenter-ConsultaValor SecuenciaTransaccion =20201111121100301 REPO = False TipoVehiculo = 1 Codigo = 5
2020/11/11 02:18:17.024 - MENSAJE: System.TimeoutException: El canal de solicitud agotó el tiempo de espera mientras esperaba una respuesta después de 00:00:59.9990001. Aumente el valor de tiempo de espera pasado a la llamada a Request, o bien aumente el valor de SendTimeout en el enlace. El tiempo asignado a esta operación puede haber sido una parte de un tiempo de espera mayor. ---> System.TimeoutException: La solicitud HTTP a 'http://localhost:88/MC_Block_Pass/MC_LiquidacionService.svc' superó el tiempo de espera asignado de 00:01:00. El tiempo asignado a esta operación puede haber sido una parte de un tiempo de espera mayor. ---> System.Net.WebException: Anulada la solicitud: Se excedió el tiempo de espera de la operación.
   en System.Net.HttpWebRequest.GetResponse()
   en System.ServiceModel.Channels.HttpChannelFactory`1.HttpRequestChannel.HttpChannelRequest.WaitForReply(TimeSpan timeout)
   --- Fin del seguimiento de la pila de la excepción interna ---
   en System.ServiceModel.Channels.HttpChannelUtilities.ProcessGetResponseWebException(WebException webException, HttpWebRequest request, HttpAbortReason abortReason)
   en System.ServiceModel.Channels.HttpChannelFactory`1.HttpRequestChannel.HttpChannelRequest.WaitForReply(TimeSpan timeout)
   en System.ServiceModel.Channels.RequestChannel.Request(Message message, TimeSpan timeout)
   --- Fin del seguimiento de la pila de la excepción interna ---

Server stack trace: 
   en System.ServiceModel.Channels.RequestChannel.Request(Message message, TimeSpan timeout)
   en System.ServiceModel.Dispatcher.RequestChannelBinder.Request(Message message, TimeSpan timeout)
   en System.ServiceModel.Channels.ServiceChannel.Call(String action, Boolean oneway, ProxyOperationRuntime operation, Object[] ins, Object[] outs, TimeSpan timeout)
   en System.ServiceModel.Channels.ServiceChannel.Call(String action, Boolean oneway, ProxyOperationRuntime operation, Object[] ins, Object[] outs)
   en System.ServiceModel.Channels.ServiceChannelProxy.InvokeService(IMethodCallMessage methodCall, ProxyOperationRuntime operation)
   en System.ServiceModel.Channels.ServiceChannelProxy.Invoke(IMessage message)

Exception rethrown at [0]: 
   en System.Runtime.Remoting.Proxies.RealProxy.HandleReturnMessage(IMessage reqMsg, IMessage retMsg)
   en System.Runtime.Remoting.Proxies.RealProxy.PrivateInvoke(MessageData& msgData, Int32 type)
   en Ds.ServiceProxy.MC_LiquidacionService.ILiquidacionService.getDatosLiquidacion(Liquidacion_Request request)
   en Ds.ServiceProxy.MC_LiquidacionService.LiquidacionServiceClient.getDatosLiquidacion(Liquidacion_Request request) en c:\Users\Parquearse\Documents\CAJERO_CC_FLORIDA\CAJERO_CCFLORIDA\CAJERO\Ds.ServiceProxy\Service References\MC_LiquidacionService\Reference.cs:línea 1203
   en Ds.ServiceProxy.ProxyService.ConsultaValor(String sSecuencia, Int32 iTipoVehiculo, Boolean bMensualidad, Boolean bReposicion, String Convenios) en c:\Users\Parquearse\Documents\CAJERO_CC_FLORIDA\CAJERO_CCFLORIDA\CAJERO\Ds.ServiceProxy\Modulo\ProxyService_Modulo.cs:línea 2297
   en ATM.WinForm.Model.Model.ConsultaValor(String sSecuencia, Int32 iTipoVehiculo, Boolean bMensualidad, Boolean bReposicion, String Convenios) en c:\Users\Parquearse\Documents\CAJERO_CC_FLORIDA\CAJERO_CCFLORIDA\CAJERO\ATM.WinForm.Model\Modulo\Model_Modulo.cs:línea 527
   en ATM.WinForm.Presenter.frmPrincipal_Presenter.ConsultaValor() en c:\Users\Parquearse\Documents\CAJERO_CC_FLORIDA\CAJERO_CCFLORIDA\CAJERO\ATM.WinForm.Presenter\frmPrincipal_Presenter.cs:línea 4278
2020/11/11 02:19:18.220 - MENSAJE: Presenter-LeerTarjeta CONVENIO = 5
2020/11/11 02:19:18.318 - MENSAJE: Presenter-DatosConvenio
2020/11/11 02:19:18.330 - MENSAJE: Presenter-DatosConvenio NombreConvenio CONVENIO 1 HORA
2020/11/11 02:19:18.624 - MENSAJE: FrondEnd-ValidarMensualidad IdTarjeta: F2EAC027
2020/11/11 02:19:18.799 - MENSAJE: ObtenerAutorizado Error
2020/11/11 02:19:18.821 - MENSAJE: (Presenter ObtenerFechaServer) OK
2020/11/11 02:19:18.877 - MENSAJE: Presenter-ConsultaValor SecuenciaTransaccion =20201111121100301 REPO = False TipoVehiculo = 1 Codigo = 5
2020/11/11 02:20:19.087 - MENSAJE: System.TimeoutException: El canal de solicitud agotó el tiempo de espera mientras esperaba una respuesta después de 00:00:59.9979997. Aumente el valor de tiempo de espera pasado a la llamada a Request, o bien aumente el valor de SendTimeout en el enlace. El tiempo asignado a esta operación puede haber sido una parte de un tiempo de espera mayor. ---> System.TimeoutException: La solicitud HTTP a 'http://localhost:88/MC_Block_Pass/MC_LiquidacionService.svc' superó el tiempo de espera asignado de 00:01:00. El tiempo asignado a esta operación puede haber sido una parte de un tiempo de espera mayor. ---> System.Net.WebException: Se excedió el tiempo de espera de la operación
   en System.Net.HttpWebRequest.GetResponse()
   en System.ServiceModel.Channels.HttpChannelFactory`1.HttpRequestChannel.HttpChannelRequest.WaitForReply(TimeSpan timeout)
   --- Fin del seguimiento de la pila de la excepción interna ---
   en System.ServiceModel.Channels.HttpChannelUtilities.ProcessGetResponseWebException(WebException webException, HttpWebRequest request, HttpAbortReason abortReason)
   en System.ServiceModel.Channels.HttpChannelFactory`1.HttpRequestChannel.HttpChannelRequest.WaitForReply(TimeSpan timeout)
   en System.ServiceModel.Channels.RequestChannel.Request(Message message, TimeSpan timeout)
   --- Fin del seguimiento de la pila de la excepción interna ---

Server stack trace: 
   en System.ServiceModel.Channels.RequestChannel.Request(Message message, TimeSpan timeout)
   en System.ServiceModel.Dispatcher.RequestChannelBinder.Request(Message message, TimeSpan timeout)
   en System.ServiceModel.Channels.ServiceChannel.Call(String action, Boolean oneway, ProxyOperationRuntime operation, Object[] ins, Object[] outs, TimeSpan timeout)
   en System.ServiceModel.Channels.ServiceChannel.Call(String action, Boolean oneway, ProxyOperationRuntime operation, Object[] ins, Object[] outs)
   en System.ServiceModel.Channels.ServiceChannelProxy.InvokeService(IMethodCallMessage methodCall, ProxyOperationRuntime operation)
   en System.ServiceModel.Channels.ServiceChannelProxy.Invoke(IMessage message)

Exception rethrown at [0]: 
   en System.Runtime.Remoting.Proxies.RealProxy.HandleReturnMessage(IMessage reqMsg, IMessage retMsg)
   en System.Runtime.Remoting.Proxies.RealProxy.PrivateInvoke(MessageData& msgData, Int32 type)
   en Ds.ServiceProxy.MC_LiquidacionService.ILiquidacionService.getDatosLiquidacion(Liquidacion_Request request)
   en Ds.ServiceProxy.MC_LiquidacionService.LiquidacionServiceClient.getDatosLiquidacion(Liquidacion_Request request) en c:\Users\Parquearse\Documents\CAJERO_CC_FLORIDA\CAJERO_CCFLORIDA\CAJERO\Ds.ServiceProxy\Service References\MC_LiquidacionService\Reference.cs:línea 1203
   en Ds.ServiceProxy.ProxyService.ConsultaValor(String sSecuencia, Int32 iTipoVehiculo, Boolean bMensualidad, Boolean bReposicion, String Convenios) en c:\Users\Parquearse\Documents\CAJERO_CC_FLORIDA\CAJERO_CCFLORIDA\CAJERO\Ds.ServiceProxy\Modulo\ProxyService_Modulo.cs:línea 2297
   en ATM.WinForm.Model.Model.ConsultaValor(String sSecuencia, Int32 iTipoVehiculo, Boolean bMensualidad, Boolean bReposicion, String Convenios) en c:\Users\Parquearse\Documents\CAJERO_CC_FLORIDA\CAJERO_CCFLORIDA\CAJERO\ATM.WinForm.Model\Modulo\Model_Modulo.cs:línea 527
   en ATM.WinForm.Presenter.frmPrincipal_Presenter.ConsultaValor() en c:\Users\Parquearse\Documents\CAJERO_CC_FLORIDA\CAJERO_CCFLORIDA\CAJERO\ATM.WinForm.Presenter\frmPrincipal_Presenter.cs:línea 4278
2020/11/11 02:22:51.378 - MENSAJE: Presenter-LeerTarjeta CONVENIO = 5
2020/11/11 02:22:51.501 - MENSAJE: Presenter-DatosConvenio
2020/11/11 02:22:51.513 - MENSAJE: Presenter-DatosConvenio NombreConvenio CONVENIO 1 HORA
2020/11/11 02:22:51.849 - MENSAJE: FrondEnd-ValidarMensualidad IdTarjeta: F2EAC027
2020/11/11 02:22:52.073 - MENSAJE: ObtenerAutorizado Error
2020/11/11 02:22:52.097 - MENSAJE: (Presenter ObtenerFechaServer) OK
2020/11/11 02:22:52.163 - MENSAJE: Presenter-ConsultaValor SecuenciaTransaccion =20201111121100301 REPO = False TipoVehiculo = 1 Codigo = 5
2020/11/11 02:23:07.740 - MENSAJE: Presenter-ConsultaValor ok 
2020/11/11 02:23:07.753 - MENSAJE: Presenter-IVA 479 SUBTOTAL 2521 TOTAL 3000
2020/11/11 02:23:08.855 - MENSAJE: Presenter-RegistrarOperacion:  ID_Operacion: 20201111121100301
2020/11/11 02:23:08.867 - MENSAJE: FrondEnd-RegistrarOperacionPago -> Total : 3000
2020/11/11 02:23:19.059 - MENSAJE: Presenter-AdministrarProcesoCambio Preparando para Efectuar Pago
2020/11/11 02:23:19.285 - MENSAJE: Presenter-ConfirmarOperacion:  Cancelado
2020/11/11 02:23:19.345 - MENSAJE: Presenter-ValidarSaldosMinimos: Saldos Mínimos OK
2020/11/11 03:23:27.443 - MENSAJE: Presenter-LeerTarjeta CONVENIO = 5
2020/11/11 03:23:27.580 - MENSAJE: Presenter-DatosConvenio
2020/11/11 03:23:27.588 - MENSAJE: Presenter-DatosConvenio NombreConvenio CONVENIO 1 HORA
2020/11/11 03:23:27.910 - MENSAJE: FrondEnd-ValidarMensualidad IdTarjeta: F2EAC027
2020/11/11 03:23:28.038 - MENSAJE: ObtenerAutorizado Error
2020/11/11 03:23:28.055 - MENSAJE: (Presenter ObtenerFechaServer) OK
2020/11/11 03:23:28.075 - MENSAJE: Presenter-ConsultaValor SecuenciaTransaccion =20201111121100301 REPO = False TipoVehiculo = 1 Codigo = 5
2020/11/11 03:23:32.016 - MENSAJE: Presenter-ConsultaValor ok 
2020/11/11 03:23:32.028 - MENSAJE: Presenter-IVA 958 SUBTOTAL 5042 TOTAL 6000
2020/11/11 03:23:32.137 - MENSAJE: Presenter-RegistrarOperacion:  ID_Operacion: 20201111121100301
2020/11/11 03:23:32.149 - MENSAJE: FrondEnd-RegistrarOperacionPago -> Total : 6000
2020/11/11 03:23:54.853 - MENSAJE: Presenter-AdministrarProcesoCambio Preparando para Efectuar Pago
2020/11/11 03:23:54.871 - MENSAJE: Presenter-ConfirmarOperacion:  Cancelado
2020/11/11 03:23:54.886 - MENSAJE: Presenter-ValidarSaldosMinimos: Saldos Mínimos OK
