2023/10/05 07:11:07.767 - MENSAJE: INICIO APP ATM / TestMode = true
2023/10/05 07:11:12.171 - MENSAJE: Presenter-ObtenerInfoModulo OK 
2023/10/05 07:11:12.186 - MENSAJE: Presenter-ObtenerInfoFactura OK 
2023/10/05 07:11:12.215 - MENSAJE: Presenter-ObtenerInfoPartes: 
2023/10/05 07:11:12.247 - MENSAJE: Presenter-ObtenerInfoParametros OK 
2023/10/05 07:11:12.363 - MENSAJE: Error_Conexion
2023/10/05 07:11:12.363 - MENSAJE: FrondEnd-ConectarDispositivos -> ConectarLector not Ready
2023/10/05 07:11:40.225 - MENSAJE: INICIO APP ATM / TestMode = true
2023/10/05 07:11:44.244 - MENSAJE: Presenter-ObtenerInfoModulo OK 
2023/10/05 07:11:44.260 - MENSAJE: Presenter-ObtenerInfoFactura OK 
2023/10/05 07:11:44.286 - MENSAJE: Presenter-ObtenerInfoPartes: 
2023/10/05 07:11:44.313 - MENSAJE: Presenter-ObtenerInfoParametros OK 
2023/10/05 07:11:44.352 - MENSAJE: Error_Conexion
2023/10/05 07:11:44.353 - MENSAJE: FrondEnd-ConectarDispositivos -> ConectarLector not Ready
2023/10/05 07:16:27.475 - MENSAJE: INICIO APP ATM / TestMode = true
2023/10/05 07:16:32.941 - MENSAJE: Presenter-ObtenerInfoModulo OK 
2023/10/05 07:16:32.957 - MENSAJE: Presenter-ObtenerInfoFactura OK 
2023/10/05 07:16:32.987 - MENSAJE: Presenter-ObtenerInfoPartes: 
2023/10/05 07:16:33.016 - MENSAJE: Presenter-ObtenerInfoParametros OK 
2023/10/05 07:16:33.068 - MENSAJE: Conexion_Exitosa
2023/10/05 07:16:44.518 - MENSAJE: Presenter-AdministrarConexionMiniHub: Conexión Exitosa Cash Payment Device
2023/10/05 07:17:13.252 - MENSAJE: Presenter-ValidarSaldosMinimos: Saldos Mínimos OK
2023/10/05 07:17:23.801 - MENSAJE: FrondEnd-ValidarMensualidad IdTarjeta: 
2023/10/05 07:17:23.842 - MENSAJE: ObtenerAutorizado ok
2023/10/05 07:17:23.844 - MENSAJE: _NumeroDocumentoOrigen 91521535
2023/10/05 07:17:23.889 - MENSAJE: Presenter-ConsultaValor ok 
2023/10/05 07:17:25.113 - MENSAJE: Presenter-EventosBilletero FinInicio OK
2023/10/05 07:17:43.929 - MENSAJE: Presenter-ConsultaValor ok 
2023/10/05 07:17:56.659 - MENSAJE: Presenter-RegistrarOperacion IdTransaccion91521535
2023/10/05 07:17:56.660 - MENSAJE: Presenter-RegistrarOperacion:  ID_Operacion: 91521535
2023/10/05 07:18:01.472 - MENSAJE: FrondEnd-RegistrarOperacionPago -> Total : 98000
2023/10/05 07:18:14.226 - MENSAJE: Inicializarok
2023/10/05 07:18:44.997 - MENSAJE: System.IndexOutOfRangeException: Índice fuera de los límites de la matriz.
   en ATM.WinForm.Presenter.frmPrincipal_Presenter.oDatafonoDevice_DeviceMessage(Object sender, EventArgs e) en c:\Users\Admin\Documents\PARQUEARSE INSTAL\CAJERO-UnabCentral\ATM.WinForm.Presenter\frmPrincipal_Presenter.cs:línea 4983
2023/10/05 07:18:45.065 - MENSAJE: Presenter-ConfirmarOperacion:  Cancelado
2023/10/05 10:30:38.949 - MENSAJE: INICIO APP ATM / TestMode = true
2023/10/05 10:30:43.052 - MENSAJE: Presenter-ObtenerInfoModulo OK 
2023/10/05 10:30:43.068 - MENSAJE: Presenter-ObtenerInfoFactura OK 
2023/10/05 10:30:43.157 - MENSAJE: Presenter-ObtenerInfoPartes: 
2023/10/05 10:30:43.182 - MENSAJE: Presenter-ObtenerInfoParametros OK 
2023/10/05 10:30:43.218 - MENSAJE: Conexion_Exitosa
2023/10/05 10:30:47.168 - MENSAJE: Presenter-EventosBilletero FinInicio OK
2023/10/05 10:30:54.636 - MENSAJE: Presenter-AdministrarConexionMiniHub: Conexión Exitosa Cash Payment Device
2023/10/05 10:31:23.358 - MENSAJE: Presenter-ValidarSaldosMinimos: Saldos Mínimos OK
2023/10/05 10:32:02.000 - MENSAJE: FrondEnd-ValidarMensualidad IdTarjeta: 
2023/10/05 10:32:02.036 - MENSAJE: ObtenerAutorizado ok
2023/10/05 10:32:02.037 - MENSAJE: _NumeroDocumentoOrigen 1010172592
2023/10/05 10:32:02.068 - MENSAJE: Presenter-ConsultaValor ok 
2023/10/05 10:32:08.025 - MENSAJE: El cliente no está registrado
2023/10/05 10:34:23.968 - MENSAJE: INICIO APP ATM / TestMode = true
2023/10/05 10:34:27.845 - MENSAJE: Presenter-ObtenerInfoModulo OK 
2023/10/05 10:34:27.860 - MENSAJE: Presenter-ObtenerInfoFactura OK 
2023/10/05 10:34:27.887 - MENSAJE: Presenter-ObtenerInfoPartes: 
2023/10/05 10:34:27.911 - MENSAJE: Presenter-ObtenerInfoParametros OK 
2023/10/05 10:34:27.956 - MENSAJE: Conexion_Exitosa
2023/10/05 10:34:31.924 - MENSAJE: Presenter-EventosBilletero FinInicio OK
2023/10/05 10:34:39.327 - MENSAJE: Presenter-AdministrarConexionMiniHub: Conexión Exitosa Cash Payment Device
2023/10/05 10:35:08.140 - MENSAJE: Presenter-ValidarSaldosMinimos: Saldos Mínimos OK
2023/10/05 10:35:47.856 - MENSAJE: FrondEnd-ValidarMensualidad IdTarjeta: 
2023/10/05 10:35:47.893 - MENSAJE: ObtenerAutorizado ok
2023/10/05 10:35:47.894 - MENSAJE: _NumeroDocumentoOrigen 1010172592
2023/10/05 10:35:47.927 - MENSAJE: Presenter-ConsultaValor ok 
2023/10/05 10:35:56.196 - MENSAJE: Cliente con nit: 222222222 Registrado OK
2023/10/05 10:36:01.868 - MENSAJE: Selecciona Medio De Pago
2023/10/05 10:36:08.651 - MENSAJE: Presenter-ConsultaValor ok 
2023/10/05 10:36:24.002 - MENSAJE: INICIO APP ATM / TestMode = true
2023/10/05 10:36:27.957 - MENSAJE: Presenter-ObtenerInfoModulo OK 
2023/10/05 10:36:27.972 - MENSAJE: Presenter-ObtenerInfoFactura OK 
2023/10/05 10:36:28.001 - MENSAJE: Presenter-ObtenerInfoPartes: 
2023/10/05 10:36:28.029 - MENSAJE: Presenter-ObtenerInfoParametros OK 
2023/10/05 10:36:28.066 - MENSAJE: Conexion_Exitosa
2023/10/05 10:36:32.019 - MENSAJE: Presenter-EventosBilletero FinInicio OK
2023/10/05 10:36:39.494 - MENSAJE: Presenter-AdministrarConexionMiniHub: Conexión Exitosa Cash Payment Device
2023/10/05 10:37:08.225 - MENSAJE: Presenter-ValidarSaldosMinimos: Saldos Mínimos OK
2023/10/05 10:37:15.264 - MENSAJE: FrondEnd-ValidarMensualidad IdTarjeta: 
2023/10/05 10:37:15.300 - MENSAJE: ObtenerAutorizado ok
2023/10/05 10:37:15.301 - MENSAJE: _NumeroDocumentoOrigen 1010172592
2023/10/05 10:37:15.332 - MENSAJE: Presenter-ConsultaValor ok 
2023/10/05 10:37:19.228 - MENSAJE: El cliente no está registrado
2023/10/05 10:37:23.852 - MENSAJE: Selecciona medio de pago
2023/10/05 10:37:30.562 - MENSAJE: Presenter-ConsultaValor ok 
2023/10/05 10:37:40.426 - MENSAJE: Presenter-RegistrarOperacion IdTransaccion1010172592
2023/10/05 10:37:40.427 - MENSAJE: Presenter-RegistrarOperacion:  ID_Operacion: 1010172592
2023/10/05 10:37:43.298 - MENSAJE: FrondEnd-RegistrarOperacionPago -> Total : 98000
2023/10/05 10:37:53.086 - MENSAJE: INICIO APP ATM / TestMode = true
2023/10/05 10:37:57.036 - MENSAJE: Presenter-ObtenerInfoModulo OK 
2023/10/05 10:37:57.052 - MENSAJE: Presenter-ObtenerInfoFactura OK 
2023/10/05 10:37:57.080 - MENSAJE: Presenter-ObtenerInfoPartes: 
2023/10/05 10:37:57.104 - MENSAJE: Presenter-ObtenerInfoParametros OK 
2023/10/05 10:37:57.142 - MENSAJE: Conexion_Exitosa
2023/10/05 10:38:01.088 - MENSAJE: Presenter-EventosBilletero FinInicio OK
2023/10/05 10:38:08.688 - MENSAJE: Presenter-AdministrarConexionMiniHub: Conexión Exitosa Cash Payment Device
2023/10/05 10:38:37.296 - MENSAJE: Presenter-ValidarSaldosMinimos: Saldos Mínimos OK
2023/10/05 10:38:59.032 - MENSAJE: FrondEnd-ValidarMensualidad IdTarjeta: 
2023/10/05 10:38:59.067 - MENSAJE: ObtenerAutorizado ok
2023/10/05 10:38:59.069 - MENSAJE: _NumeroDocumentoOrigen 1010172592
2023/10/05 10:38:59.106 - MENSAJE: Presenter-ConsultaValor ok 
2023/10/05 10:53:42.105 - MENSAJE: INICIO APP ATM / TestMode = true
2023/10/05 10:53:46.170 - MENSAJE: Presenter-ObtenerInfoModulo OK 
2023/10/05 10:53:46.184 - MENSAJE: Presenter-ObtenerInfoFactura OK 
2023/10/05 10:53:46.212 - MENSAJE: Presenter-ObtenerInfoPartes: 
2023/10/05 10:53:46.237 - MENSAJE: Presenter-ObtenerInfoParametros OK 
2023/10/05 10:53:46.280 - MENSAJE: Conexion_Exitosa
2023/10/05 10:53:46.309 - MENSAJE: ExpulsarOK
2023/10/05 10:53:50.253 - MENSAJE: Presenter-EventosBilletero FinInicio OK
2023/10/05 10:53:57.661 - MENSAJE: Presenter-AdministrarConexionMiniHub: Conexión Exitosa Cash Payment Device
2023/10/05 10:54:26.447 - MENSAJE: Presenter-ValidarSaldosMinimos: Saldos Mínimos OK
2023/10/05 10:54:53.241 - MENSAJE: ObtenerIdTarjeta
2023/10/05 10:54:53.446 - MENSAJE: LecturaOK
2023/10/05 10:54:53.447 - MENSAJE: Presenter-LeerTarjeta CONVENIO = 0
2023/10/05 10:54:53.460 - MENSAJE: Presenter-DatosConvenio
2023/10/05 10:54:53.461 - MENSAJE: Presenter-Tarjeta sin convenio
2023/10/05 10:54:53.583 - MENSAJE: TARJETA ESTADO TRUE
2023/10/05 10:54:53.936 - MENSAJE: FrondEnd-ValidarMensualidad IdTarjeta: 643C46ED
2023/10/05 10:54:53.963 - MENSAJE: ObtenerAutorizado Error
2023/10/05 10:54:53.978 - MENSAJE: (Presenter ObtenerFechaServer) OK
2023/10/05 10:54:53.994 - MENSAJE: Presenter-ConsultaValor SecuenciaTransaccion =2023100510453128 REPO = False TipoVehiculo = 2 Codigo = 0
2023/10/05 10:54:54.080 - MENSAJE: Presenter-ConsultaValor ok 
2023/10/05 10:54:54.082 - MENSAJE: Presenter-IVA 176 SUBTOTAL 924 TOTAL 1100
2023/10/05 10:54:58.893 - MENSAJE: Confirma pago parcial - Facturación Electrónica
2023/10/05 10:55:01.938 - MENSAJE: El cliente no está registrado
2023/10/05 10:55:12.421 - MENSAJE: Cliente con nit: 222222222 Registrado OK
2023/10/05 10:55:18.408 - MENSAJE: Selecciona Medio De Pago
2023/10/05 10:55:28.352 - MENSAJE: Presenter-RegistrarOperacion IdTransaccion2023100510453128
2023/10/05 10:55:28.352 - MENSAJE: Presenter-RegistrarOperacion:  ID_Operacion: 2023100510453128
2023/10/05 10:55:28.353 - MENSAJE: Selecciona tipo pago Efectivo
2023/10/05 10:55:28.354 - MENSAJE: FrondEnd-RegistrarOperacionPago -> Total : 1100
2023/10/05 10:55:39.370 - MENSAJE: Presenter RegistrarMovimiento Entrada Billetes Denominacion 2000
2023/10/05 10:55:39.373 - MENSAJE: idtransaccion movimiento 2023100510453128
2023/10/05 10:55:39.418 - MENSAJE: Presenter-RegistrarMovimiento:  Denominacion: 2000 Cantidad: 1
2023/10/05 10:55:39.418 - MENSAJE: Presenter RegistrarMovimiento ok
2023/10/05 10:55:39.419 - MENSAJE: Presenter ValorRecibido 2000
2023/10/05 10:55:43.734 - MENSAJE: Presenter-AdministrarProcesoCambio Preparando para Efectuar Pago
2023/10/05 10:55:43.735 - MENSAJE: Presenter-AdministrarProcesoCambio Monedas -> Prepara Proceso Cambio Monedas
2023/10/05 10:55:43.738 - MENSAJE: Presenter-AdministrarProcesoPago -> ValorCambio: 900 ValorPago: 1100 ValorProcesoCambio: 900
2023/10/05 10:55:43.744 - Set_Coin_Pay: pago_parcial_hopper: 500 oPay_Unit Hopper3
2023/10/05 10:55:44.759 - Set_Coin_Pay: pago_parcial_hopper: 400 oPay_Unit Hopper2
2023/10/05 10:55:46.378 - MENSAJE: idtransaccion movimiento 2023100510453128
2023/10/05 10:55:46.398 - MENSAJE: Presenter-RegistrarMovimiento:  Denominacion: 500 Cantidad: 1
2023/10/05 10:55:46.398 - MENSAJE: idtransaccion movimiento 2023100510453128
2023/10/05 10:55:46.406 - MENSAJE: Presenter-RegistrarMovimiento:  Denominacion: 200 Cantidad: 2
2023/10/05 10:55:46.414 - MENSAJE: Presenter-ObtenerInfoPartes: 
2023/10/05 10:55:46.472 - MENSAJE: Presenter-ConfirmarOperacion:  Aprobado
2023/10/05 10:55:48.462 - MENSAJE: FrondEnd-Imprimir -> Ingresa a funcion imprimir.
2023/10/05 10:55:48.514 - MENSAJE: (Presenter ObtenerFechaServer) OK
2023/10/05 10:55:53.183 - MENSAJE: ExpulsarOK
2023/10/05 10:55:53.190 - MENSAJE: Presenter-ValidarSaldosMinimos: Saldos Mínimos OK
2023/10/05 10:57:02.238 - MENSAJE: ObtenerIdTarjeta
2023/10/05 10:57:02.434 - MENSAJE: LecturaOK
2023/10/05 10:57:02.434 - MENSAJE: Presenter-LeerTarjeta CONVENIO = 0
2023/10/05 10:57:02.442 - MENSAJE: Presenter-DatosConvenio
2023/10/05 10:57:02.442 - MENSAJE: Presenter-Tarjeta sin convenio
2023/10/05 10:57:02.554 - MENSAJE: TARJETA ESTADO TRUE
2023/10/05 10:57:02.907 - MENSAJE: FrondEnd-ValidarMensualidad IdTarjeta: 541A4DED
2023/10/05 10:57:02.917 - MENSAJE: ObtenerAutorizado Error
2023/10/05 10:57:02.925 - MENSAJE: (Presenter ObtenerFechaServer) OK
2023/10/05 10:57:02.933 - MENSAJE: Presenter-ConsultaValor SecuenciaTransaccion =2023100510191728 REPO = False TipoVehiculo = 2 Codigo = 0
2023/10/05 10:57:03.067 - MENSAJE: Presenter-ConsultaValor ok 
2023/10/05 10:57:03.067 - MENSAJE: Presenter-IVA 271 SUBTOTAL 1429 TOTAL 1700
2023/10/05 10:57:07.708 - MENSAJE: Confirma pago parcial
2023/10/05 10:57:09.993 - MENSAJE: Presenter-RegistrarOperacion IdTransaccion2023100510191728
2023/10/05 10:57:09.994 - MENSAJE: Presenter-RegistrarOperacion:  ID_Operacion: 2023100510191728
2023/10/05 10:57:09.994 - MENSAJE: FrondEnd-RegistrarOperacionPago -> Total : 1700
2023/10/05 10:57:18.273 - MENSAJE: Presenter RegistrarMovimiento Entrada Billetes Denominacion 2000
2023/10/05 10:57:18.273 - MENSAJE: idtransaccion movimiento 2023100510191728
2023/10/05 10:57:18.398 - MENSAJE: Presenter-RegistrarMovimiento:  Denominacion: 2000 Cantidad: 1
2023/10/05 10:57:18.399 - MENSAJE: Presenter RegistrarMovimiento ok
2023/10/05 10:57:18.399 - MENSAJE: Presenter ValorRecibido 2000
2023/10/05 10:57:22.751 - MENSAJE: Presenter-AdministrarProcesoCambio Preparando para Efectuar Pago
2023/10/05 10:57:22.751 - MENSAJE: Presenter-AdministrarProcesoCambio Monedas -> Prepara Proceso Cambio Monedas
2023/10/05 10:57:22.751 - MENSAJE: Presenter-AdministrarProcesoPago -> ValorCambio: 300 ValorPago: 1700 ValorProcesoCambio: 300
2023/10/05 10:57:22.752 - Set_Coin_Pay: pago_parcial_hopper: 200 oPay_Unit Hopper2
2023/10/05 10:57:23.868 - Set_Coin_Pay: pago_parcial_hopper: 100 oPay_Unit Hopper1
2023/10/05 10:57:24.992 - MENSAJE: idtransaccion movimiento 2023100510191728
2023/10/05 10:57:25.071 - MENSAJE: Presenter-RegistrarMovimiento:  Denominacion: 200 Cantidad: 1
2023/10/05 10:57:25.072 - MENSAJE: idtransaccion movimiento 2023100510191728
2023/10/05 10:57:25.087 - MENSAJE: Presenter-RegistrarMovimiento:  Denominacion: 100 Cantidad: 1
2023/10/05 10:57:25.096 - MENSAJE: Presenter-ObtenerInfoPartes: 
2023/10/05 10:57:25.196 - MENSAJE: Presenter-ConfirmarOperacion:  Aprobado
2023/10/05 10:57:26.162 - MENSAJE: FrondEnd-Imprimir -> Ingresa a funcion imprimir.
2023/10/05 10:57:26.173 - MENSAJE: (Presenter ObtenerFechaServer) OK
2023/10/05 10:57:29.174 - MENSAJE: ExpulsarOK
2023/10/05 10:57:29.183 - MENSAJE: Presenter-ValidarSaldosMinimos: Saldos Mínimos OK
2023/10/05 11:12:39.237 - MENSAJE: ObtenerIdTarjeta
2023/10/05 11:12:39.433 - MENSAJE: LecturaOK
2023/10/05 11:12:39.434 - MENSAJE: Presenter-LeerTarjeta CONVENIO = 0
2023/10/05 11:12:39.455 - MENSAJE: Presenter-DatosConvenio
2023/10/05 11:12:39.456 - MENSAJE: Presenter-Tarjeta sin convenio
2023/10/05 11:12:39.570 - MENSAJE: TARJETA ESTADO TRUE
2023/10/05 11:12:39.935 - MENSAJE: FrondEnd-ValidarMensualidad IdTarjeta: 0EEEC5CB
2023/10/05 11:12:39.944 - MENSAJE: ObtenerAutorizado Error
2023/10/05 11:12:39.951 - MENSAJE: (Presenter ObtenerFechaServer) OK
2023/10/05 11:12:39.960 - MENSAJE: Presenter-ConsultaValor SecuenciaTransaccion =2023100509035018 REPO = False TipoVehiculo = 2 Codigo = 0
2023/10/05 11:12:40.052 - MENSAJE: Presenter-ConsultaValor ok 
2023/10/05 11:12:40.052 - MENSAJE: Presenter-IVA 1724 SUBTOTAL 9076 TOTAL 10800
2023/10/05 11:12:44.606 - MENSAJE: Confirma pago parcial
2023/10/05 11:12:47.133 - MENSAJE: Presenter-RegistrarOperacion IdTransaccion2023100509035018
2023/10/05 11:12:47.134 - MENSAJE: Presenter-RegistrarOperacion:  ID_Operacion: 2023100509035018
2023/10/05 11:12:47.134 - MENSAJE: FrondEnd-RegistrarOperacionPago -> Total : 10800
2023/10/05 11:13:19.249 - MENSAJE: Presenter RegistrarMovimiento Entrada Billetes Denominacion 10000
2023/10/05 11:13:19.249 - MENSAJE: idtransaccion movimiento 2023100509035018
2023/10/05 11:13:19.263 - MENSAJE: Presenter-RegistrarMovimiento:  Denominacion: 10000 Cantidad: 1
2023/10/05 11:13:19.263 - MENSAJE: Presenter RegistrarMovimiento ok
2023/10/05 11:13:19.264 - MENSAJE: Presenter ValorRecibido 10000
2023/10/05 11:13:26.030 - MENSAJE: Presenter RegistrarMovimiento Entrada Billetes Denominacion 200
2023/10/05 11:13:26.030 - MENSAJE: idtransaccion movimiento 2023100509035018
2023/10/05 11:13:26.054 - MENSAJE: Presenter-RegistrarMovimiento:  Denominacion: 200 Cantidad: 1
2023/10/05 11:13:26.054 - MENSAJE: Presenter RegistrarMovimiento ok
2023/10/05 11:13:26.055 - MENSAJE: Presenter ValorRecibido 200
2023/10/05 11:13:28.143 - MENSAJE: Presenter RegistrarMovimiento Entrada Billetes Denominacion 200
2023/10/05 11:13:28.143 - MENSAJE: idtransaccion movimiento 2023100509035018
2023/10/05 11:13:28.229 - MENSAJE: Presenter-RegistrarMovimiento:  Denominacion: 200 Cantidad: 1
2023/10/05 11:13:28.229 - MENSAJE: Presenter RegistrarMovimiento ok
2023/10/05 11:13:28.229 - MENSAJE: Presenter ValorRecibido 200
2023/10/05 11:13:30.730 - MENSAJE: Presenter RegistrarMovimiento Entrada Billetes Denominacion 200
2023/10/05 11:13:30.730 - MENSAJE: idtransaccion movimiento 2023100509035018
2023/10/05 11:13:30.744 - MENSAJE: Presenter-RegistrarMovimiento:  Denominacion: 200 Cantidad: 1
2023/10/05 11:13:30.745 - MENSAJE: Presenter RegistrarMovimiento ok
2023/10/05 11:13:30.745 - MENSAJE: Presenter ValorRecibido 200
2023/10/05 11:13:36.661 - MENSAJE: Presenter RegistrarMovimiento Entrada Billetes Denominacion 200
2023/10/05 11:13:36.661 - MENSAJE: idtransaccion movimiento 2023100509035018
2023/10/05 11:13:36.969 - MENSAJE: Presenter-RegistrarMovimiento:  Denominacion: 200 Cantidad: 1
2023/10/05 11:13:36.970 - MENSAJE: Presenter RegistrarMovimiento ok
2023/10/05 11:13:36.970 - MENSAJE: Presenter ValorRecibido 200
2023/10/05 11:13:41.255 - MENSAJE: Presenter-AdministrarProcesoCambio Preparando para Efectuar Pago
2023/10/05 11:13:41.319 - MENSAJE: Presenter-ConfirmarOperacion:  Aprobado
2023/10/05 11:13:43.938 - MENSAJE: FrondEnd-Imprimir -> Ingresa a funcion imprimir.
2023/10/05 11:13:43.945 - MENSAJE: (Presenter ObtenerFechaServer) OK
2023/10/05 11:13:47.175 - MENSAJE: ExpulsarOK
2023/10/05 11:13:47.183 - MENSAJE: Presenter-ValidarSaldosMinimos: Saldos Mínimos OK
2023/10/05 11:13:54.242 - MENSAJE: ObtenerIdTarjeta
2023/10/05 11:13:54.438 - MENSAJE: LecturaOK
2023/10/05 11:13:54.438 - MENSAJE: Presenter-LeerTarjeta CONVENIO = 0
2023/10/05 11:13:54.445 - MENSAJE: Presenter-DatosConvenio
2023/10/05 11:13:54.446 - MENSAJE: Presenter-Tarjeta sin convenio
2023/10/05 11:13:54.554 - MENSAJE: TARJETA ESTADO TRUE
2023/10/05 11:13:54.915 - MENSAJE: FrondEnd-ValidarMensualidad IdTarjeta: 449C53ED
2023/10/05 11:13:54.928 - MENSAJE: ObtenerAutorizado Error
2023/10/05 11:13:54.937 - MENSAJE: (Presenter ObtenerFechaServer) OK
2023/10/05 11:13:54.943 - MENSAJE: Presenter-ConsultaValor SecuenciaTransaccion =2023100509144218 REPO = False TipoVehiculo = 2 Codigo = 0
2023/10/05 11:13:55.010 - MENSAJE: Presenter-ConsultaValor ok 
2023/10/05 11:13:55.010 - MENSAJE: Presenter-IVA 1150 SUBTOTAL 6050 TOTAL 7200
2023/10/05 11:14:05.518 - MENSAJE: Confirma pago parcial
2023/10/05 11:14:07.767 - MENSAJE: Presenter-RegistrarOperacion IdTransaccion2023100509144218
2023/10/05 11:14:07.767 - MENSAJE: Presenter-RegistrarOperacion:  ID_Operacion: 2023100509144218
2023/10/05 11:14:07.768 - MENSAJE: FrondEnd-RegistrarOperacionPago -> Total : 7200
2023/10/05 11:14:24.639 - MENSAJE: Presenter RegistrarMovimiento Entrada Billetes Denominacion 10000
2023/10/05 11:14:24.639 - MENSAJE: idtransaccion movimiento 2023100509144218
2023/10/05 11:14:24.656 - MENSAJE: Presenter-RegistrarMovimiento:  Denominacion: 10000 Cantidad: 1
2023/10/05 11:14:24.657 - MENSAJE: Presenter RegistrarMovimiento ok
2023/10/05 11:14:24.657 - MENSAJE: Presenter ValorRecibido 10000
2023/10/05 11:14:29.050 - MENSAJE: Presenter-AdministrarProcesoCambio Preparando para Efectuar Pago
2023/10/05 11:14:29.059 - CalcularPago Billetero Serial: Denominacion1: 1 Cantidad1: 1 Denominacion2: 0 Cantidad2: 0 Denominacion3: 0 Cantidad3: 0
2023/10/05 11:14:35.624 - MENSAJE: idtransaccion movimiento 2023100509144218
2023/10/05 11:14:35.738 - MENSAJE: Presenter-RegistrarMovimiento:  Denominacion: 2000 Cantidad: 1
2023/10/05 11:14:35.859 - MENSAJE: Presenter-AdministrarProcesoPago -> ValorCambio: 2800 ValorPago: 7200 ValorProcesoCambio: 800
2023/10/05 11:14:35.859 - Set_Coin_Pay: pago_parcial_hopper: 500 oPay_Unit Hopper3
2023/10/05 11:14:36.466 - Set_Coin_Pay: pago_parcial_hopper: 200 oPay_Unit Hopper2
2023/10/05 11:14:37.072 - Set_Coin_Pay: pago_parcial_hopper: 100 oPay_Unit Hopper1
2023/10/05 11:14:37.631 - MENSAJE: idtransaccion movimiento 2023100509144218
2023/10/05 11:14:37.654 - MENSAJE: Presenter-RegistrarMovimiento:  Denominacion: 500 Cantidad: 1
2023/10/05 11:14:37.655 - MENSAJE: idtransaccion movimiento 2023100509144218
2023/10/05 11:14:37.662 - MENSAJE: Presenter-RegistrarMovimiento:  Denominacion: 200 Cantidad: 1
2023/10/05 11:14:37.663 - MENSAJE: idtransaccion movimiento 2023100509144218
2023/10/05 11:14:37.671 - MENSAJE: Presenter-RegistrarMovimiento:  Denominacion: 100 Cantidad: 1
2023/10/05 11:14:37.679 - MENSAJE: Presenter-ObtenerInfoPartes: 
2023/10/05 11:14:37.755 - MENSAJE: Presenter-ConfirmarOperacion:  Aprobado
2023/10/05 11:14:47.178 - MENSAJE: ExpulsarOK
2023/10/05 11:14:47.186 - MENSAJE: Presenter-ValidarSaldosMinimos: Saldos Mínimos OK
2023/10/05 11:14:56.234 - MENSAJE: ObtenerIdTarjeta
2023/10/05 11:14:56.429 - MENSAJE: LecturaOK
2023/10/05 11:14:56.429 - MENSAJE: Presenter-LeerTarjeta CONVENIO = 0
2023/10/05 11:14:56.437 - MENSAJE: Presenter-DatosConvenio
2023/10/05 11:14:56.437 - MENSAJE: Presenter-Tarjeta sin convenio
2023/10/05 11:14:56.547 - MENSAJE: TARJETA ESTADO TRUE
2023/10/05 11:14:56.893 - MENSAJE: FrondEnd-ValidarMensualidad IdTarjeta: 8EF5C9CB
2023/10/05 11:14:56.907 - MENSAJE: ObtenerAutorizado Error
2023/10/05 11:14:56.914 - MENSAJE: (Presenter ObtenerFechaServer) OK
2023/10/05 11:14:56.921 - MENSAJE: Presenter-ConsultaValor SecuenciaTransaccion =2023100508240018 REPO = False TipoVehiculo = 2 Codigo = 0
2023/10/05 11:14:56.987 - MENSAJE: Presenter-ConsultaValor ok 
2023/10/05 11:14:56.988 - MENSAJE: Presenter-IVA 1724 SUBTOTAL 9076 TOTAL 10800
2023/10/05 11:14:58.036 - MENSAJE: Confirma pago parcial
2023/10/05 11:15:02.419 - MENSAJE: Presenter-RegistrarOperacion IdTransaccion2023100508240018
2023/10/05 11:15:02.420 - MENSAJE: Presenter-RegistrarOperacion:  ID_Operacion: 2023100508240018
2023/10/05 11:15:02.420 - MENSAJE: FrondEnd-RegistrarOperacionPago -> Total : 10800
2023/10/05 11:15:16.580 - MENSAJE: Presenter RegistrarMovimiento Entrada Billetes Denominacion 10000
2023/10/05 11:15:16.580 - MENSAJE: idtransaccion movimiento 2023100508240018
2023/10/05 11:15:16.596 - MENSAJE: Presenter-RegistrarMovimiento:  Denominacion: 10000 Cantidad: 1
2023/10/05 11:15:16.597 - MENSAJE: Presenter RegistrarMovimiento ok
2023/10/05 11:15:16.597 - MENSAJE: Presenter ValorRecibido 10000
2023/10/05 11:15:22.845 - MENSAJE: Presenter RegistrarMovimiento Entrada Billetes Denominacion 2000
2023/10/05 11:15:22.845 - MENSAJE: idtransaccion movimiento 2023100508240018
2023/10/05 11:15:22.858 - MENSAJE: Presenter-RegistrarMovimiento:  Denominacion: 2000 Cantidad: 1
2023/10/05 11:15:22.859 - MENSAJE: Presenter RegistrarMovimiento ok
2023/10/05 11:15:22.859 - MENSAJE: Presenter ValorRecibido 2000
2023/10/05 11:15:27.175 - MENSAJE: Presenter-AdministrarProcesoCambio Preparando para Efectuar Pago
2023/10/05 11:15:27.175 - MENSAJE: Presenter-AdministrarProcesoCambio Monedas -> Prepara Proceso Cambio Monedas
2023/10/05 11:15:27.175 - MENSAJE: Presenter-AdministrarProcesoPago -> ValorCambio: 1200 ValorPago: 10800 ValorProcesoCambio: 1200
2023/10/05 11:15:27.176 - Set_Coin_Pay: pago_parcial_hopper: 1000 oPay_Unit Hopper3
2023/10/05 11:15:28.594 - Set_Coin_Pay: pago_parcial_hopper: 200 oPay_Unit Hopper2
2023/10/05 11:15:29.709 - MENSAJE: idtransaccion movimiento 2023100508240018
2023/10/05 11:15:29.725 - MENSAJE: Presenter-RegistrarMovimiento:  Denominacion: 500 Cantidad: 2
2023/10/05 11:15:29.725 - MENSAJE: idtransaccion movimiento 2023100508240018
2023/10/05 11:15:29.733 - MENSAJE: Presenter-RegistrarMovimiento:  Denominacion: 200 Cantidad: 1
2023/10/05 11:15:29.740 - MENSAJE: Presenter-ObtenerInfoPartes: 
2023/10/05 11:15:29.800 - MENSAJE: Presenter-ConfirmarOperacion:  Aprobado
2023/10/05 11:15:31.902 - MENSAJE: FrondEnd-Imprimir -> Ingresa a funcion imprimir.
2023/10/05 11:15:31.928 - MENSAJE: (Presenter ObtenerFechaServer) OK
2023/10/05 11:15:35.178 - MENSAJE: ExpulsarOK
2023/10/05 11:15:35.185 - MENSAJE: Presenter-ValidarSaldosMinimos: Saldos Mínimos OK
2023/10/05 11:15:42.239 - MENSAJE: ObtenerIdTarjeta
2023/10/05 11:15:42.434 - MENSAJE: LecturaOK
2023/10/05 11:15:42.434 - MENSAJE: Presenter-LeerTarjeta CONVENIO = 0
2023/10/05 11:15:42.442 - MENSAJE: Presenter-DatosConvenio
2023/10/05 11:15:42.442 - MENSAJE: Presenter-Tarjeta sin convenio
2023/10/05 11:15:42.551 - MENSAJE: TARJETA ESTADO TRUE
2023/10/05 11:15:42.908 - MENSAJE: FrondEnd-ValidarMensualidad IdTarjeta: 660C3227
2023/10/05 11:15:42.919 - MENSAJE: ObtenerAutorizado Error
2023/10/05 11:15:42.925 - MENSAJE: (Presenter ObtenerFechaServer) OK
2023/10/05 11:15:42.936 - MENSAJE: Presenter-ConsultaValor SecuenciaTransaccion =2023100510193918 REPO = False TipoVehiculo = 1 Codigo = 0
2023/10/05 11:15:43.016 - MENSAJE: Presenter-ConsultaValor ok 
2023/10/05 11:15:43.016 - MENSAJE: Presenter-IVA 575 SUBTOTAL 3025 TOTAL 3600
2023/10/05 11:15:45.568 - MENSAJE: Confirma pago parcial
2023/10/05 11:15:46.907 - MENSAJE: Presenter-RegistrarOperacion IdTransaccion2023100510193918
2023/10/05 11:15:46.907 - MENSAJE: Presenter-RegistrarOperacion:  ID_Operacion: 2023100510193918
2023/10/05 11:15:46.907 - MENSAJE: FrondEnd-RegistrarOperacionPago -> Total : 3600
2023/10/05 11:16:10.819 - MENSAJE: ExpulsarOK
2023/10/05 11:16:10.819 - MENSAJE: Presenter-AdministrarProcesoCambio Preparando para Efectuar Pago
2023/10/05 11:16:10.837 - MENSAJE: Presenter-ConfirmarOperacion:  Cancelado
2023/10/05 11:16:10.844 - MENSAJE: Presenter-ValidarSaldosMinimos: Saldos Mínimos OK
2023/10/05 11:16:23.230 - MENSAJE: ObtenerIdTarjeta
2023/10/05 11:16:23.426 - MENSAJE: LecturaOK
2023/10/05 11:16:23.426 - MENSAJE: Presenter-LeerTarjeta CONVENIO = 0
2023/10/05 11:16:23.437 - MENSAJE: Presenter-DatosConvenio
2023/10/05 11:16:23.438 - MENSAJE: Presenter-Tarjeta sin convenio
2023/10/05 11:16:23.591 - MENSAJE: TARJETA ESTADO TRUE
2023/10/05 11:16:23.941 - MENSAJE: FrondEnd-ValidarMensualidad IdTarjeta: 13779979
2023/10/05 11:16:23.953 - MENSAJE: ObtenerAutorizado Error
2023/10/05 11:16:23.960 - MENSAJE: (Presenter ObtenerFechaServer) OK
2023/10/05 11:16:23.970 - MENSAJE: Presenter-ConsultaValor SecuenciaTransaccion =2023100510195718 REPO = False TipoVehiculo = 1 Codigo = 0
2023/10/05 11:16:24.103 - MENSAJE: Presenter-ConsultaValor ok 
2023/10/05 11:16:24.104 - MENSAJE: Presenter-IVA 575 SUBTOTAL 3025 TOTAL 3600
2023/10/05 11:16:30.805 - MENSAJE: Confirma pago parcial
2023/10/05 11:32:19.496 - MENSAJE: INICIO APP ATM / TestMode = true
2023/10/05 11:32:23.904 - MENSAJE: Presenter-ObtenerInfoModulo OK 
2023/10/05 11:32:23.918 - MENSAJE: Presenter-ObtenerInfoFactura OK 
2023/10/05 11:32:23.946 - MENSAJE: Presenter-ObtenerInfoPartes: 
2023/10/05 11:32:23.970 - MENSAJE: Presenter-ObtenerInfoParametros OK 
2023/10/05 11:32:24.009 - MENSAJE: Conexion_Exitosa
2023/10/05 11:32:27.982 - MENSAJE: Presenter-EventosBilletero FinInicio OK
2023/10/05 11:32:35.426 - MENSAJE: Presenter-AdministrarConexionMiniHub: Conexión Exitosa Cash Payment Device
2023/10/05 11:33:04.181 - MENSAJE: Presenter-ValidarSaldosMinimos: Saldos Mínimos OK
2023/10/05 11:33:26.761 - MENSAJE: FrondEnd-ValidarMensualidad IdTarjeta: 
2023/10/05 11:33:26.796 - MENSAJE: ObtenerAutorizado ok
2023/10/05 11:33:26.797 - MENSAJE: _NumeroDocumentoOrigen 1010172592
2023/10/05 11:33:26.837 - MENSAJE: Presenter-ConsultaValor ok 
2023/10/05 11:34:47.352 - MENSAJE: INICIO APP ATM / TestMode = true
2023/10/05 11:34:51.410 - MENSAJE: Presenter-ObtenerInfoModulo OK 
2023/10/05 11:34:51.425 - MENSAJE: Presenter-ObtenerInfoFactura OK 
2023/10/05 11:34:51.451 - MENSAJE: Presenter-ObtenerInfoPartes: 
2023/10/05 11:34:51.476 - MENSAJE: Presenter-ObtenerInfoParametros OK 
2023/10/05 11:34:51.516 - MENSAJE: Conexion_Exitosa
2023/10/05 11:34:55.464 - MENSAJE: Presenter-EventosBilletero FinInicio OK
2023/10/05 11:35:02.954 - MENSAJE: Presenter-AdministrarConexionMiniHub: Conexión Exitosa Cash Payment Device
2023/10/05 11:35:31.680 - MENSAJE: Presenter-ValidarSaldosMinimos: Saldos Mínimos OK
2023/10/05 11:35:40.503 - MENSAJE: FrondEnd-ValidarMensualidad IdTarjeta: 
2023/10/05 11:35:40.537 - MENSAJE: ObtenerAutorizado ok
2023/10/05 11:35:40.538 - MENSAJE: _NumeroDocumentoOrigen 1010172592
2023/10/05 11:35:40.569 - MENSAJE: Presenter-ConsultaValor ok 
2023/10/05 11:35:47.115 - MENSAJE: Presenter-ConsultaValor ok 
2023/10/05 11:35:47.519 - MENSAJE: Presenter-RegistrarOperacion IdTransaccion1010172592
2023/10/05 11:35:47.520 - MENSAJE: Presenter-RegistrarOperacion:  ID_Operacion: 1010172592
2023/10/05 11:35:47.520 - MENSAJE: FrondEnd-RegistrarOperacionPago -> Total : 98000
2023/10/05 11:35:50.922 - MENSAJE: Presenter-AdministrarProcesoCambio Preparando para Efectuar Pago
2023/10/05 11:35:50.980 - MENSAJE: Presenter-ConfirmarOperacion:  Cancelado
2023/10/05 11:35:50.989 - MENSAJE: Presenter-ValidarSaldosMinimos: Saldos Mínimos OK
2023/10/05 11:36:11.737 - MENSAJE: FrondEnd-ValidarMensualidad IdTarjeta: 
2023/10/05 11:36:11.752 - MENSAJE: ObtenerAutorizado ok
2023/10/05 11:36:11.753 - MENSAJE: _NumeroDocumentoOrigen 1010172592
2023/10/05 11:36:11.787 - MENSAJE: Presenter-ConsultaValor ok 
2023/10/05 11:38:19.999 - MENSAJE: INICIO APP ATM / TestMode = true
2023/10/05 11:38:24.066 - MENSAJE: Presenter-ObtenerInfoModulo OK 
2023/10/05 11:38:24.084 - MENSAJE: Presenter-ObtenerInfoFactura OK 
2023/10/05 11:38:24.112 - MENSAJE: Presenter-ObtenerInfoPartes: 
2023/10/05 11:38:24.139 - MENSAJE: Presenter-ObtenerInfoParametros OK 
2023/10/05 11:38:24.183 - MENSAJE: Conexion_Exitosa
2023/10/05 11:38:28.140 - MENSAJE: Presenter-EventosBilletero FinInicio OK
2023/10/05 11:38:35.659 - MENSAJE: Presenter-AdministrarConexionMiniHub: Conexión Exitosa Cash Payment Device
2023/10/05 11:39:04.342 - MENSAJE: Presenter-ValidarSaldosMinimos: Saldos Mínimos OK
2023/10/05 11:40:41.072 - MENSAJE: INICIO APP ATM / TestMode = true
2023/10/05 11:40:45.047 - MENSAJE: Presenter-ObtenerInfoModulo OK 
2023/10/05 11:40:45.062 - MENSAJE: Presenter-ObtenerInfoFactura OK 
2023/10/05 11:40:45.087 - MENSAJE: Presenter-ObtenerInfoPartes: 
2023/10/05 11:40:45.113 - MENSAJE: Presenter-ObtenerInfoParametros OK 
2023/10/05 11:40:45.154 - MENSAJE: Conexion_Exitosa
2023/10/05 11:40:49.103 - MENSAJE: Presenter-EventosBilletero FinInicio OK
2023/10/05 11:40:56.622 - MENSAJE: Presenter-AdministrarConexionMiniHub: Conexión Exitosa Cash Payment Device
2023/10/05 11:41:25.304 - MENSAJE: Presenter-ValidarSaldosMinimos: Saldos Mínimos OK
2023/10/05 11:47:04.217 - MENSAJE: INICIO APP ATM / TestMode = true
2023/10/05 11:47:08.354 - MENSAJE: Presenter-ObtenerInfoModulo OK 
2023/10/05 11:47:08.371 - MENSAJE: Presenter-ObtenerInfoFactura OK 
2023/10/05 11:47:08.397 - MENSAJE: Presenter-ObtenerInfoPartes: 
2023/10/05 11:47:08.422 - MENSAJE: Presenter-ObtenerInfoParametros OK 
2023/10/05 11:47:08.464 - MENSAJE: Conexion_Exitosa
2023/10/05 11:47:12.418 - MENSAJE: Presenter-EventosBilletero FinInicio OK
2023/10/05 11:47:19.825 - MENSAJE: Presenter-AdministrarConexionMiniHub: Conexión Exitosa Cash Payment Device
2023/10/05 11:47:48.625 - MENSAJE: Presenter-ValidarSaldosMinimos: Saldos Mínimos OK
2023/10/05 11:47:55.822 - MENSAJE: FrondEnd-ValidarMensualidad IdTarjeta: 
2023/10/05 11:47:55.845 - MENSAJE: ObtenerAutorizado Error
2023/10/05 11:48:56.779 - MENSAJE: INICIO APP ATM / TestMode = true
2023/10/05 11:49:01.025 - MENSAJE: Presenter-ObtenerInfoModulo OK 
2023/10/05 11:49:01.040 - MENSAJE: Presenter-ObtenerInfoFactura OK 
2023/10/05 11:49:01.067 - MENSAJE: Presenter-ObtenerInfoPartes: 
2023/10/05 11:49:01.092 - MENSAJE: Presenter-ObtenerInfoParametros OK 
2023/10/05 11:49:01.129 - MENSAJE: Conexion_Exitosa
2023/10/05 11:50:50.751 - MENSAJE: INICIO APP ATM / TestMode = true
2023/10/05 11:50:54.591 - MENSAJE: Presenter-ObtenerInfoModulo OK 
2023/10/05 11:50:54.605 - MENSAJE: Presenter-ObtenerInfoFactura OK 
2023/10/05 11:50:54.634 - MENSAJE: Presenter-ObtenerInfoPartes: 
2023/10/05 11:50:54.658 - MENSAJE: Presenter-ObtenerInfoParametros OK 
2023/10/05 11:50:54.693 - MENSAJE: Conexion_Exitosa
2023/10/05 11:50:58.661 - MENSAJE: Presenter-EventosBilletero FinInicio OK
2023/10/05 11:51:06.123 - MENSAJE: Presenter-AdministrarConexionMiniHub: Conexión Exitosa Cash Payment Device
2023/10/05 11:51:34.845 - MENSAJE: Presenter-ValidarSaldosMinimos: Saldos Mínimos OK
2023/10/05 11:51:43.370 - MENSAJE: FrondEnd-ValidarMensualidad IdTarjeta: 
2023/10/05 11:51:43.406 - MENSAJE: ObtenerAutorizado ok
2023/10/05 11:51:43.407 - MENSAJE: _NumeroDocumentoOrigen 1010172592
2023/10/05 11:51:43.437 - MENSAJE: Presenter-ConsultaValor ok 
2023/10/05 11:51:58.566 - MENSAJE: FrondEnd-ValidarMensualidad IdTarjeta: 
2023/10/05 11:51:58.578 - MENSAJE: ObtenerAutorizado ok
2023/10/05 11:51:58.578 - MENSAJE: _NumeroDocumentoOrigen 1010172592
2023/10/05 11:51:58.586 - MENSAJE: Presenter-ConsultaValor ok 
2023/10/05 11:52:06.782 - MENSAJE: El cliente no está registrado
2023/10/05 11:52:09.471 - MENSAJE: Cancela la transacción
