2023/10/03 10:34:10.561 - MENSAJE: INICIO APP ATM / TestMode = true
2023/10/03 10:34:15.504 - MENSAJE: Presenter-ObtenerInfoModulo OK 
2023/10/03 10:34:15.524 - MENSAJE: Presenter-ObtenerInfoFactura OK 
2023/10/03 10:34:15.559 - MENSAJE: Presenter-ObtenerInfoPartes: 
2023/10/03 10:34:15.590 - MENSAJE: Presenter-ObtenerInfoParametros OK 
2023/10/03 10:34:15.636 - MENSAJE: Conexion_Exitosa
2023/10/03 10:34:15.757 - MENSAJE: FrondEnd-ConectarDispositivos -> BILLETERO not Ready
2023/10/03 10:34:31.696 - MENSAJE: Desconexion_Exitosa
2023/10/03 10:34:31.699 - MENSAJE: INICIO APP ATM / TestMode = true
2023/10/03 10:34:35.073 - MENSAJE: Presenter-ObtenerInfoModulo OK 
2023/10/03 10:34:35.082 - MENSAJE: Presenter-ObtenerInfoFactura OK 
2023/10/03 10:34:35.092 - MENSAJE: Presenter-ObtenerInfoPartes: 
2023/10/03 10:34:35.100 - MENSAJE: Presenter-ObtenerInfoParametros OK 
2023/10/03 10:34:35.313 - MENSAJE: Conexion_Exitosa
2023/10/03 10:34:35.380 - MENSAJE: FrondEnd-ConectarDispositivos -> BILLETERO not Ready
2023/10/03 10:34:45.527 - MENSAJE: Desconexion_Exitosa
2023/10/03 10:34:45.530 - MENSAJE: INICIO APP ATM / TestMode = true
2023/10/03 10:34:45.780 - MENSAJE: FrondEnd-CargaImagenes -> Excepcion en CargaImagenes: 
2023/10/03 10:36:16.859 - MENSAJE: INICIO APP ATM / TestMode = true
2023/10/03 10:36:30.890 - MENSAJE: Presenter-ObtenerInfoModulo OK 
2023/10/03 10:36:30.911 - MENSAJE: Presenter-ObtenerInfoFactura OK 
2023/10/03 10:36:30.946 - MENSAJE: Presenter-ObtenerInfoPartes: 
2023/10/03 10:36:30.980 - MENSAJE: Presenter-ObtenerInfoParametros OK 
2023/10/03 10:36:31.035 - MENSAJE: Conexion_Exitosa
2023/10/03 10:36:31.114 - MENSAJE: FrondEnd-ConectarDispositivos -> BILLETERO not Ready
2023/10/03 10:36:39.492 - MENSAJE: Desconexion_Exitosa
2023/10/03 10:36:46.232 - MENSAJE: INICIO APP ATM / TestMode = true
2023/10/03 10:36:49.087 - MENSAJE: FrondEnd-CargaImagenes -> Excepcion en CargaImagenes: 
2023/10/03 10:37:00.474 - MENSAJE: Desconexion_Exitosa
2023/10/03 10:37:03.256 - MENSAJE: INICIO APP ATM / TestMode = true
2023/10/03 10:37:05.342 - MENSAJE: FrondEnd-CargaImagenes -> Excepcion en CargaImagenes: 
2023/10/03 10:37:14.305 - MENSAJE: INICIO APP ATM / TestMode = true
2023/10/03 10:37:19.025 - MENSAJE: Presenter-ObtenerInfoModulo OK 
2023/10/03 10:37:19.042 - MENSAJE: Presenter-ObtenerInfoFactura OK 
2023/10/03 10:37:19.076 - MENSAJE: Presenter-ObtenerInfoPartes: 
2023/10/03 10:37:19.110 - MENSAJE: Presenter-ObtenerInfoParametros OK 
2023/10/03 10:37:19.156 - MENSAJE: Conexion_Exitosa
2023/10/03 10:37:19.263 - MENSAJE: FrondEnd-ConectarDispositivos -> BILLETERO not Ready
2023/10/03 10:37:23.099 - MENSAJE: Desconexion_Exitosa
2023/10/03 10:37:26.566 - MENSAJE: INICIO APP ATM / TestMode = true
2023/10/03 10:37:28.665 - MENSAJE: FrondEnd-CargaImagenes -> Excepcion en CargaImagenes: 
2023/10/03 10:37:31.976 - MENSAJE: Desconexion_Exitosa
2023/10/03 10:37:31.983 - MENSAJE: INICIO APP ATM / TestMode = true
2023/10/03 10:37:32.108 - MENSAJE: FrondEnd-CargaImagenes -> Excepcion en CargaImagenes: 
2023/10/03 10:37:37.504 - MENSAJE: Desconexion_Exitosa
2023/10/03 10:37:37.507 - MENSAJE: INICIO APP ATM / TestMode = true
2023/10/03 10:37:39.106 - MENSAJE: FrondEnd-CargaImagenes -> Excepcion en CargaImagenes: 
2023/10/03 10:37:47.630 - MENSAJE: FrondEnd-btn_Aceptar_Click -> Presion boton Aceptar Usuario: 1
2023/10/03 10:37:47.686 - MENSAJE: FrondEnd-btn_Aceptar_Click -> Ingresa a menu Sistemas: 1
2023/10/03 10:37:50.132 - MENSAJE: Desconexion_Exitosa
2023/10/03 10:37:50.134 - MENSAJE: INICIO APP ATM / TestMode = true
2023/10/03 10:37:51.919 - MENSAJE: FrondEnd-CargaImagenes -> Excepcion en CargaImagenes: 
2023/10/03 10:37:57.975 - MENSAJE: Desconexion_Exitosa
2023/10/03 10:37:57.978 - MENSAJE: INICIO APP ATM / TestMode = true
2023/10/03 10:37:59.715 - MENSAJE: FrondEnd-CargaImagenes -> Excepcion en CargaImagenes: 
2023/10/03 10:38:07.048 - MENSAJE: FrondEnd-btn_Aceptar_Click -> Presion boton Aceptar Usuario: 1
2023/10/03 10:38:07.079 - MENSAJE: FrondEnd-btn_Aceptar_Click -> Ingresa a menu Sistemas: 1
2023/10/03 10:38:17.408 - MENSAJE: INICIO APP ATM / TestMode = true
2023/10/03 10:38:21.909 - MENSAJE: Presenter-ObtenerInfoModulo OK 
2023/10/03 10:38:21.933 - MENSAJE: Presenter-ObtenerInfoFactura OK 
2023/10/03 10:38:21.971 - MENSAJE: Presenter-ObtenerInfoPartes: 
2023/10/03 10:38:22.005 - MENSAJE: Presenter-ObtenerInfoParametros OK 
2023/10/03 10:38:22.049 - MENSAJE: Conexion_Exitosa
2023/10/03 10:38:26.029 - MENSAJE: Presenter-EventosBilletero FinInicio OK
2023/10/03 10:38:33.421 - MENSAJE: Presenter-AdministrarConexionMiniHub: Conexión Exitosa Cash Payment Device
2023/10/03 10:39:02.643 - MENSAJE: Presenter-ValidarSaldosMinimos: Saldos Mínimos OK
2023/10/03 10:39:41.737 - MENSAJE: ObtenerIdTarjeta
2023/10/03 10:39:41.942 - MENSAJE: LecturaOK
2023/10/03 10:39:41.943 - MENSAJE: Presenter-LeerTarjeta CONVENIO = 0
2023/10/03 10:39:41.961 - MENSAJE: Presenter-DatosConvenio
2023/10/03 10:39:41.961 - MENSAJE: Presenter-Tarjeta sin convenio
2023/10/03 10:39:42.178 - MENSAJE: TARJETA ESTADO TRUE
2023/10/03 10:39:55.807 - MENSAJE: FrondEnd-ValidarMensualidad IdTarjeta: 24DA51ED
2023/10/03 10:39:55.855 - MENSAJE: ObtenerAutorizado Error
2023/10/03 10:39:55.881 - MENSAJE: (Presenter ObtenerFechaServer) OK
2023/10/03 10:39:55.904 - MENSAJE: Presenter-ConsultaValor SecuenciaTransaccion =2023100309302628 REPO = False TipoVehiculo = 2 Codigo = 0
2023/10/03 10:39:56.088 - MENSAJE: Presenter-ConsultaValor ok 
2023/10/03 10:39:56.089 - MENSAJE: Presenter-IVA 543 SUBTOTAL 2857 TOTAL 3400
2023/10/03 10:40:11.773 - MENSAJE: Presenter-RegistrarOperacion IdTransaccion2023100309302628
2023/10/03 10:40:11.774 - MENSAJE: Presenter-RegistrarOperacion:  ID_Operacion: 2023100309302628
2023/10/03 10:40:11.774 - MENSAJE: FrondEnd-RegistrarOperacionPago -> Total : 3400
2023/10/03 10:40:14.302 - MENSAJE: Inicializarok
2023/10/03 10:40:22.982 - MENSAJE: TarjetaLeida
2023/10/03 10:42:58.485 - MENSAJE: INICIO APP ATM / TestMode = true
2023/10/03 10:43:03.059 - MENSAJE: Presenter-ObtenerInfoModulo OK 
2023/10/03 10:43:03.080 - MENSAJE: Presenter-ObtenerInfoFactura OK 
2023/10/03 10:43:03.119 - MENSAJE: Presenter-ObtenerInfoPartes: 
2023/10/03 10:43:03.159 - MENSAJE: Presenter-ObtenerInfoParametros OK 
2023/10/03 10:43:03.185 - MENSAJE: Presenter-ValidarSaldosMinimos: Saldos Mínimos OK
2023/10/03 10:43:24.877 - MENSAJE: INICIO APP ATM / TestMode = true
2023/10/03 10:43:29.609 - MENSAJE: Presenter-ObtenerInfoModulo OK 
2023/10/03 10:43:29.629 - MENSAJE: Presenter-ObtenerInfoFactura OK 
2023/10/03 10:43:29.664 - MENSAJE: Presenter-ObtenerInfoPartes: 
2023/10/03 10:43:29.696 - MENSAJE: Presenter-ObtenerInfoParametros OK 
2023/10/03 10:43:29.718 - MENSAJE: Presenter-ValidarSaldosMinimos: Saldos Mínimos OK
2023/10/03 10:43:48.890 - MENSAJE: INICIO APP ATM / TestMode = true
2023/10/03 10:43:53.690 - MENSAJE: Presenter-ObtenerInfoModulo OK 
2023/10/03 10:43:53.710 - MENSAJE: Presenter-ObtenerInfoFactura OK 
2023/10/03 10:43:53.767 - MENSAJE: Presenter-ObtenerInfoPartes: 
2023/10/03 10:43:53.798 - MENSAJE: Presenter-ObtenerInfoParametros OK 
2023/10/03 10:43:53.822 - MENSAJE: Presenter-ValidarSaldosMinimos: Saldos Mínimos OK
2023/10/03 10:49:05.292 - MENSAJE: INICIO APP ATM / TestMode = true
2023/10/03 10:49:09.820 - MENSAJE: Presenter-ObtenerInfoModulo OK 
2023/10/03 10:49:09.840 - MENSAJE: Presenter-ObtenerInfoFactura OK 
2023/10/03 10:49:09.895 - MENSAJE: Presenter-ObtenerInfoPartes: 
2023/10/03 10:49:09.931 - MENSAJE: Presenter-ObtenerInfoParametros OK 
2023/10/03 10:49:09.956 - MENSAJE: Presenter-ValidarSaldosMinimos: Saldos Mínimos OK
2023/10/03 10:49:36.280 - MENSAJE: INICIO APP ATM / TestMode = true
2023/10/03 10:49:40.590 - MENSAJE: Presenter-ObtenerInfoModulo OK 
2023/10/03 10:49:40.606 - MENSAJE: Presenter-ObtenerInfoFactura OK 
2023/10/03 10:49:40.633 - MENSAJE: Presenter-ObtenerInfoPartes: 
2023/10/03 10:49:40.686 - MENSAJE: Presenter-ObtenerInfoParametros OK 
2023/10/03 10:49:40.709 - MENSAJE: Presenter-ValidarSaldosMinimos: Saldos Mínimos OK
2023/10/03 10:50:03.035 - MENSAJE: INICIO APP ATM / TestMode = true
2023/10/03 10:50:07.324 - MENSAJE: Presenter-ObtenerInfoModulo OK 
2023/10/03 10:50:07.340 - MENSAJE: Presenter-ObtenerInfoFactura OK 
2023/10/03 10:50:07.367 - MENSAJE: Presenter-ObtenerInfoPartes: 
2023/10/03 10:50:07.394 - MENSAJE: Presenter-ObtenerInfoParametros OK 
2023/10/03 10:50:07.413 - MENSAJE: Presenter-ValidarSaldosMinimos: Saldos Mínimos OK
2023/10/03 10:50:26.160 - MENSAJE: INICIO APP ATM / TestMode = true
2023/10/03 10:50:30.538 - MENSAJE: Presenter-ObtenerInfoModulo OK 
2023/10/03 10:50:30.554 - MENSAJE: Presenter-ObtenerInfoFactura OK 
2023/10/03 10:50:30.581 - MENSAJE: Presenter-ObtenerInfoPartes: 
2023/10/03 10:50:30.609 - MENSAJE: Presenter-ObtenerInfoParametros OK 
2023/10/03 10:50:30.627 - MENSAJE: Presenter-ValidarSaldosMinimos: Saldos Mínimos OK
2023/10/03 10:51:05.433 - MENSAJE: INICIO APP ATM / TestMode = true
2023/10/03 10:51:09.722 - MENSAJE: Presenter-ObtenerInfoModulo OK 
2023/10/03 10:51:09.740 - MENSAJE: Presenter-ObtenerInfoFactura OK 
2023/10/03 10:51:09.778 - MENSAJE: Presenter-ObtenerInfoPartes: 
2023/10/03 10:51:09.804 - MENSAJE: Presenter-ObtenerInfoParametros OK 
2023/10/03 10:51:09.822 - MENSAJE: Presenter-ValidarSaldosMinimos: Saldos Mínimos OK
2023/10/03 10:51:13.764 - MENSAJE: Conexion_Exitosa
2023/10/03 10:51:13.767 - MENSAJE: INICIO APP ATM / TestMode = true
2023/10/03 10:51:15.738 - MENSAJE: FrondEnd-CargaImagenes -> Excepcion en CargaImagenes: 
2023/10/03 02:51:57.743 - MENSAJE: INICIO APP ATM / TestMode = true
2023/10/03 02:52:02.221 - MENSAJE: Presenter-ObtenerInfoModulo OK 
2023/10/03 02:52:02.240 - MENSAJE: Presenter-ObtenerInfoFactura OK 
2023/10/03 02:52:02.273 - MENSAJE: Presenter-ObtenerInfoPartes: 
2023/10/03 02:52:02.303 - MENSAJE: Presenter-ObtenerInfoParametros OK 
2023/10/03 02:52:02.350 - MENSAJE: Conexion_Exitosa
2023/10/03 02:52:06.324 - MENSAJE: Presenter-EventosBilletero FinInicio OK
2023/10/03 02:52:13.783 - MENSAJE: Presenter-AdministrarConexionMiniHub: Conexión Exitosa Cash Payment Device
2023/10/03 02:52:42.533 - MENSAJE: Presenter-ValidarSaldosMinimos: Saldos Mínimos OK
2023/10/03 02:52:51.031 - MENSAJE: FrondEnd-ValidarMensualidad IdTarjeta: 
2023/10/03 02:52:51.071 - MENSAJE: ObtenerAutorizado ok
2023/10/03 02:52:51.072 - MENSAJE: _NumeroDocumentoOrigen 1010172592
2023/10/03 02:52:51.111 - MENSAJE: Presenter-ConsultaValor ok 
2023/10/03 02:53:23.051 - MENSAJE: FrondEnd-ValidarMensualidad IdTarjeta: 
2023/10/03 02:53:23.064 - MENSAJE: ObtenerAutorizado ok
2023/10/03 02:53:23.065 - MENSAJE: _NumeroDocumentoOrigen 1010172592
2023/10/03 02:53:23.074 - MENSAJE: Presenter-ConsultaValor ok 
2023/10/03 02:53:53.833 - MENSAJE: INICIO APP ATM / TestMode = true
2023/10/03 02:53:58.240 - MENSAJE: Presenter-ObtenerInfoModulo OK 
2023/10/03 02:53:58.257 - MENSAJE: Presenter-ObtenerInfoFactura OK 
2023/10/03 02:53:58.283 - MENSAJE: Presenter-ObtenerInfoPartes: 
2023/10/03 02:53:58.308 - MENSAJE: Presenter-ObtenerInfoParametros OK 
2023/10/03 02:53:58.347 - MENSAJE: Conexion_Exitosa
2023/10/03 02:54:02.325 - MENSAJE: Presenter-EventosBilletero FinInicio OK
2023/10/03 02:54:09.761 - MENSAJE: Presenter-AdministrarConexionMiniHub: Conexión Exitosa Cash Payment Device
2023/10/03 02:54:38.520 - MENSAJE: Presenter-ValidarSaldosMinimos: Saldos Mínimos OK
2023/10/03 02:55:00.559 - MENSAJE: FrondEnd-ValidarMensualidad IdTarjeta: 
2023/10/03 02:55:00.599 - MENSAJE: ObtenerAutorizado ok
2023/10/03 02:55:00.601 - MENSAJE: _NumeroDocumentoOrigen 1010172592
2023/10/03 02:55:00.639 - MENSAJE: Presenter-ConsultaValor ok 
2023/10/03 02:55:14.070 - MENSAJE: FrondEnd-ValidarMensualidad IdTarjeta: 
2023/10/03 02:55:14.082 - MENSAJE: ObtenerAutorizado ok
2023/10/03 02:55:14.082 - MENSAJE: _NumeroDocumentoOrigen 1010172592
2023/10/03 02:55:14.091 - MENSAJE: Presenter-ConsultaValor ok 
2023/10/03 02:55:33.336 - MENSAJE: Presenter-RegistrarOperacion IdTransaccion1010172592
2023/10/03 02:55:33.337 - MENSAJE: Presenter-RegistrarOperacion:  ID_Operacion: 1010172592
2023/10/03 02:55:33.338 - MENSAJE: FrondEnd-RegistrarOperacionPago -> Total : 98000
2023/10/03 02:55:38.095 - MENSAJE: Inicializarok
2023/10/03 02:55:54.045 - MENSAJE: INICIO APP ATM / TestMode = true
2023/10/03 02:55:57.959 - MENSAJE: Presenter-ObtenerInfoModulo OK 
2023/10/03 02:55:57.975 - MENSAJE: Presenter-ObtenerInfoFactura OK 
2023/10/03 02:55:58.002 - MENSAJE: Presenter-ObtenerInfoPartes: 
2023/10/03 02:55:58.027 - MENSAJE: Presenter-ObtenerInfoParametros OK 
2023/10/03 02:55:58.080 - MENSAJE: Conexion_Exitosa
2023/10/03 02:56:02.058 - MENSAJE: Presenter-EventosBilletero FinInicio OK
2023/10/03 02:56:09.490 - MENSAJE: Presenter-AdministrarConexionMiniHub: Conexión Exitosa Cash Payment Device
2023/10/03 02:56:38.247 - MENSAJE: Presenter-ValidarSaldosMinimos: Saldos Mínimos OK
2023/10/03 02:56:51.774 - MENSAJE: FrondEnd-ValidarMensualidad IdTarjeta: 
2023/10/03 02:56:51.862 - MENSAJE: ObtenerAutorizado ok
2023/10/03 02:56:51.866 - MENSAJE: _NumeroDocumentoOrigen 1010172592
2023/10/03 02:56:53.110 - MENSAJE: Presenter-ConsultaValor ok 
2023/10/03 02:57:39.074 - MENSAJE: Presenter-ConsultaValor ok 
2023/10/03 02:58:02.271 - MENSAJE: Presenter-RegistrarOperacion IdTransaccion1010172592
2023/10/03 02:58:02.272 - MENSAJE: Presenter-RegistrarOperacion:  ID_Operacion: 1010172592
2023/10/03 02:58:02.273 - MENSAJE: FrondEnd-RegistrarOperacionPago -> Total : 98000
2023/10/03 02:58:11.618 - MENSAJE: Presenter-AdministrarProcesoCambio Preparando para Efectuar Pago
2023/10/03 02:58:11.700 - MENSAJE: Presenter-ConfirmarOperacion:  Cancelado
2023/10/03 02:58:11.708 - MENSAJE: Presenter-ValidarSaldosMinimos: Saldos Mínimos OK
2023/10/03 02:58:22.078 - MENSAJE: FrondEnd-ValidarMensualidad IdTarjeta: 
2023/10/03 02:58:22.137 - MENSAJE: ObtenerAutorizado ok
2023/10/03 02:58:22.140 - MENSAJE: _NumeroDocumentoOrigen 1010172592
2023/10/03 02:58:22.149 - MENSAJE: Presenter-ConsultaValor ok 
2023/10/03 02:58:40.757 - MENSAJE: Presenter-RegistrarOperacion IdTransaccion1010172592
2023/10/03 02:58:40.757 - MENSAJE: Presenter-RegistrarOperacion:  ID_Operacion: 1010172592
2023/10/03 02:58:40.758 - MENSAJE: FrondEnd-RegistrarOperacionPago -> Total : 98000
2023/10/03 02:58:40.890 - MENSAJE: Conexion_Exitosa
2023/10/03 02:58:42.727 - MENSAJE: Presenter-RegistrarOperacion IdTransaccion1010172592
2023/10/03 02:58:42.727 - MENSAJE: Presenter-RegistrarOperacion:  ID_Operacion: 1010172592
2023/10/03 02:58:42.728 - MENSAJE: FrondEnd-RegistrarOperacionPago -> Total : 98000
2023/10/03 02:59:28.876 - MENSAJE: INICIO APP ATM / TestMode = true
2023/10/03 02:59:33.237 - MENSAJE: Presenter-ObtenerInfoModulo OK 
2023/10/03 02:59:33.252 - MENSAJE: Presenter-ObtenerInfoFactura OK 
2023/10/03 02:59:33.276 - MENSAJE: Presenter-ObtenerInfoPartes: 
2023/10/03 02:59:33.302 - MENSAJE: Presenter-ObtenerInfoParametros OK 
2023/10/03 02:59:33.340 - MENSAJE: Conexion_Exitosa
2023/10/03 02:59:37.309 - MENSAJE: Presenter-EventosBilletero FinInicio OK
2023/10/03 02:59:44.792 - MENSAJE: Presenter-AdministrarConexionMiniHub: Conexión Exitosa Cash Payment Device
2023/10/03 03:00:13.518 - MENSAJE: Presenter-ValidarSaldosMinimos: Saldos Mínimos OK
2023/10/03 03:00:41.314 - MENSAJE: FrondEnd-ValidarMensualidad IdTarjeta: 
2023/10/03 03:00:41.491 - MENSAJE: ObtenerAutorizado ok
2023/10/03 03:00:41.492 - MENSAJE: _NumeroDocumentoOrigen 1010172592
2023/10/03 03:00:41.526 - MENSAJE: Presenter-ConsultaValor ok 
2023/10/03 03:01:00.687 - MENSAJE: Presenter-ConsultaValor ok 
2023/10/03 03:01:17.594 - MENSAJE: Presenter-ConsultaValor ok 
2023/10/03 03:02:17.781 - MENSAJE: INICIO APP ATM / TestMode = true
2023/10/03 03:02:21.981 - MENSAJE: Presenter-ObtenerInfoModulo OK 
2023/10/03 03:02:21.996 - MENSAJE: Presenter-ObtenerInfoFactura OK 
2023/10/03 03:02:22.021 - MENSAJE: Presenter-ObtenerInfoPartes: 
2023/10/03 03:02:22.046 - MENSAJE: Presenter-ObtenerInfoParametros OK 
2023/10/03 03:02:22.084 - MENSAJE: Conexion_Exitosa
2023/10/03 03:02:26.044 - MENSAJE: Presenter-EventosBilletero FinInicio OK
2023/10/03 03:02:33.530 - MENSAJE: Presenter-AdministrarConexionMiniHub: Conexión Exitosa Cash Payment Device
2023/10/03 03:03:02.257 - MENSAJE: Presenter-ValidarSaldosMinimos: Saldos Mínimos OK
2023/10/03 03:03:22.862 - MENSAJE: FrondEnd-ValidarMensualidad IdTarjeta: 
2023/10/03 03:03:22.937 - MENSAJE: ObtenerAutorizado ok
2023/10/03 03:03:22.938 - MENSAJE: _NumeroDocumentoOrigen 1010172592
2023/10/03 03:03:23.589 - MENSAJE: Presenter-ConsultaValor ok 
2023/10/03 03:04:01.831 - MENSAJE: Presenter-RegistrarOperacion IdTransaccion1010172592
2023/10/03 03:04:01.832 - MENSAJE: Presenter-RegistrarOperacion:  ID_Operacion: 1010172592
2023/10/03 03:04:01.832 - MENSAJE: FrondEnd-RegistrarOperacionPago -> Total : 98000
2023/10/03 03:04:05.749 - MENSAJE: Inicializarok
2023/10/03 03:04:36.492 - MENSAJE: System.IndexOutOfRangeException: Índice fuera de los límites de la matriz.
   en ATM.WinForm.Presenter.frmPrincipal_Presenter.oDatafonoDevice_DeviceMessage(Object sender, EventArgs e) en c:\Users\Admin\Documents\PARQUEARSE INSTAL\CAJERO-UnabCentral\ATM.WinForm.Presenter\frmPrincipal_Presenter.cs:línea 4983
2023/10/03 03:04:36.565 - MENSAJE: Presenter-ConfirmarOperacion:  Cancelado
2023/10/03 03:04:55.068 - MENSAJE: INICIO APP ATM / TestMode = true
2023/10/03 03:04:59.373 - MENSAJE: Presenter-ObtenerInfoModulo OK 
2023/10/03 03:04:59.388 - MENSAJE: Presenter-ObtenerInfoFactura OK 
2023/10/03 03:04:59.416 - MENSAJE: Presenter-ObtenerInfoPartes: 
2023/10/03 03:04:59.443 - MENSAJE: Presenter-ObtenerInfoParametros OK 
2023/10/03 03:04:59.479 - MENSAJE: Conexion_Exitosa
2023/10/03 03:05:03.430 - MENSAJE: Presenter-EventosBilletero FinInicio OK
2023/10/03 03:05:10.828 - MENSAJE: Presenter-AdministrarConexionMiniHub: Conexión Exitosa Cash Payment Device
2023/10/03 03:05:39.645 - MENSAJE: Presenter-ValidarSaldosMinimos: Saldos Mínimos OK
2023/10/03 03:05:58.449 - MENSAJE: FrondEnd-ValidarMensualidad IdTarjeta: 
2023/10/03 03:05:58.533 - MENSAJE: ObtenerAutorizado ok
2023/10/03 03:05:58.534 - MENSAJE: _NumeroDocumentoOrigen 1010172592
2023/10/03 03:05:58.568 - MENSAJE: Presenter-ConsultaValor ok 
2023/10/03 03:06:32.983 - MENSAJE: Presenter-RegistrarOperacion IdTransaccion1010172592
2023/10/03 03:06:32.984 - MENSAJE: Presenter-RegistrarOperacion:  ID_Operacion: 1010172592
2023/10/03 03:06:32.984 - MENSAJE: FrondEnd-RegistrarOperacionPago -> Total : 98000
2023/10/03 03:06:42.966 - MENSAJE: INICIO APP ATM / TestMode = true
2023/10/03 03:06:47.257 - MENSAJE: Presenter-ObtenerInfoModulo OK 
2023/10/03 03:06:47.273 - MENSAJE: Presenter-ObtenerInfoFactura OK 
2023/10/03 03:06:47.300 - MENSAJE: Presenter-ObtenerInfoPartes: 
2023/10/03 03:06:47.325 - MENSAJE: Presenter-ObtenerInfoParametros OK 
2023/10/03 03:06:47.361 - MENSAJE: Conexion_Exitosa
2023/10/03 03:06:51.309 - MENSAJE: Presenter-EventosBilletero FinInicio OK
2023/10/03 03:06:58.809 - MENSAJE: Presenter-AdministrarConexionMiniHub: Conexión Exitosa Cash Payment Device
2023/10/03 03:07:27.525 - MENSAJE: Presenter-ValidarSaldosMinimos: Saldos Mínimos OK
2023/10/03 03:07:45.374 - MENSAJE: FrondEnd-ValidarMensualidad IdTarjeta: 
2023/10/03 03:07:45.453 - MENSAJE: ObtenerAutorizado ok
2023/10/03 03:07:45.454 - MENSAJE: _NumeroDocumentoOrigen 1010172592
2023/10/03 03:07:45.489 - MENSAJE: Presenter-ConsultaValor ok 
2023/10/03 03:08:02.590 - MENSAJE: Presenter-ConsultaValor ok 
2023/10/03 03:08:51.664 - MENSAJE: INICIO APP ATM / TestMode = true
2023/10/03 03:08:55.859 - MENSAJE: Presenter-ObtenerInfoModulo OK 
2023/10/03 03:08:55.874 - MENSAJE: Presenter-ObtenerInfoFactura OK 
2023/10/03 03:08:55.901 - MENSAJE: Presenter-ObtenerInfoPartes: 
2023/10/03 03:08:55.926 - MENSAJE: Presenter-ObtenerInfoParametros OK 
2023/10/03 03:08:55.964 - MENSAJE: Conexion_Exitosa
2023/10/03 03:08:59.914 - MENSAJE: Presenter-EventosBilletero FinInicio OK
2023/10/03 03:09:07.349 - MENSAJE: Presenter-AdministrarConexionMiniHub: Conexión Exitosa Cash Payment Device
2023/10/03 03:09:36.125 - MENSAJE: Presenter-ValidarSaldosMinimos -> Sistema Suspendido - Saldos Insuficientes
2023/10/03 03:09:36.541 - MENSAJE: Presenter-ValidarSaldosMinimos: Saldos Mínimos Insuficientes en la parte Hopper1
2023/10/03 03:10:01.395 - MENSAJE: FrondEnd-btn_Aceptar_Click -> Presion boton Aceptar Usuario: 1
2023/10/03 03:10:01.454 - MENSAJE: FrondEnd-btn_Aceptar_Click -> Ingresa a menu Sistemas: 1
2023/10/03 03:10:44.120 - MENSAJE: INICIO APP ATM / TestMode = true
2023/10/03 03:10:48.609 - MENSAJE: Presenter-ObtenerInfoModulo OK 
2023/10/03 03:10:48.634 - MENSAJE: Presenter-ObtenerInfoFactura OK 
2023/10/03 03:10:48.662 - MENSAJE: Presenter-ObtenerInfoPartes: 
2023/10/03 03:10:48.689 - MENSAJE: Presenter-ObtenerInfoParametros OK 
2023/10/03 03:10:48.804 - MENSAJE: Conexion_Exitosa
2023/10/03 03:10:52.781 - MENSAJE: Presenter-EventosBilletero FinInicio OK
2023/10/03 03:11:00.257 - MENSAJE: Presenter-AdministrarConexionMiniHub: Conexión Exitosa Cash Payment Device
2023/10/03 03:11:28.977 - MENSAJE: Presenter-ValidarSaldosMinimos -> Sistema Suspendido - Saldos Insuficientes
2023/10/03 03:11:29.387 - MENSAJE: Presenter-ValidarSaldosMinimos: Saldos Mínimos Insuficientes en la parte Hopper1
2023/10/03 03:11:38.196 - MENSAJE: FrondEnd-btn_Aceptar_Click -> Presion boton Aceptar Usuario: 1
2023/10/03 03:11:38.235 - MENSAJE: FrondEnd-btn_Aceptar_Click -> Ingresa a menu Sistemas: 1
2023/10/03 03:16:54.695 - MENSAJE: INICIO APP ATM / TestMode = true
2023/10/03 03:17:13.176 - MENSAJE: Presenter-ObtenerInfoModulo OK 
2023/10/03 03:17:13.191 - MENSAJE: Presenter-ObtenerInfoFactura OK 
2023/10/03 03:17:13.218 - MENSAJE: Presenter-ObtenerInfoPartes: 
2023/10/03 03:17:13.245 - MENSAJE: Presenter-ObtenerInfoParametros OK 
2023/10/03 03:17:13.283 - MENSAJE: Conexion_Exitosa
2023/10/03 03:17:17.256 - MENSAJE: Presenter-EventosBilletero FinInicio OK
2023/10/03 03:17:24.709 - MENSAJE: Presenter-AdministrarConexionMiniHub: Conexión Exitosa Cash Payment Device
2023/10/03 03:17:53.439 - MENSAJE: Presenter-ValidarSaldosMinimos -> Sistema Suspendido - Saldos Insuficientes
2023/10/03 03:17:53.878 - MENSAJE: Presenter-ValidarSaldosMinimos: Saldos Mínimos Insuficientes en la parte Hopper1
2023/10/03 03:18:00.576 - MENSAJE: FrondEnd-btn_Aceptar_Click -> Presion boton Aceptar Usuario: 1
2023/10/03 03:18:00.618 - MENSAJE: FrondEnd-btn_Aceptar_Click -> Ingresa a menu Sistemas: 1
2023/10/03 03:22:17.416 - MENSAJE: INICIO APP ATM / TestMode = true
2023/10/03 03:22:21.281 - MENSAJE: Presenter-ObtenerInfoModulo OK 
2023/10/03 03:22:21.296 - MENSAJE: Presenter-ObtenerInfoFactura OK 
2023/10/03 03:22:21.321 - MENSAJE: Presenter-ObtenerInfoPartes: 
2023/10/03 03:22:21.348 - MENSAJE: Presenter-ObtenerInfoParametros OK 
2023/10/03 03:22:21.389 - MENSAJE: Conexion_Exitosa
2023/10/03 03:22:25.483 - MENSAJE: Presenter-EventosBilletero FinInicio OK
2023/10/03 03:22:32.927 - MENSAJE: Presenter-AdministrarConexionMiniHub: Conexión Exitosa Cash Payment Device
2023/10/03 03:23:01.714 - MENSAJE: Presenter-ValidarSaldosMinimos -> Sistema Suspendido - Saldos Insuficientes
2023/10/03 03:23:02.136 - MENSAJE: Presenter-ValidarSaldosMinimos: Saldos Mínimos Insuficientes en la parte Hopper1
2023/10/03 03:23:12.866 - MENSAJE: FrondEnd-btn_Aceptar_Click -> Presion boton Aceptar Usuario: 1
2023/10/03 03:23:12.905 - MENSAJE: FrondEnd-btn_Aceptar_Click -> Ingresa a menu Sistemas: 1
2023/10/03 03:24:40.854 - MENSAJE: INICIO APP ATM / TestMode = true
2023/10/03 03:24:44.494 - MENSAJE: Presenter-ObtenerInfoModulo OK 
2023/10/03 03:24:44.505 - MENSAJE: Presenter-ObtenerInfoFactura OK 
2023/10/03 03:24:44.528 - MENSAJE: Presenter-ObtenerInfoPartes: 
2023/10/03 03:24:44.549 - MENSAJE: Presenter-ObtenerInfoParametros OK 
2023/10/03 03:24:44.591 - MENSAJE: Conexion_Exitosa
2023/10/03 03:24:48.573 - MENSAJE: Presenter-EventosBilletero FinInicio OK
2023/10/03 03:24:56.025 - MENSAJE: Presenter-AdministrarConexionMiniHub: Conexión Exitosa Cash Payment Device
2023/10/03 03:25:24.751 - MENSAJE: Presenter-ValidarSaldosMinimos -> Sistema Suspendido - Saldos Insuficientes
2023/10/03 03:25:25.190 - MENSAJE: Presenter-ValidarSaldosMinimos: Saldos Mínimos Insuficientes en la parte Hopper1
2023/10/03 03:25:33.294 - MENSAJE: FrondEnd-btn_Aceptar_Click -> Presion boton Aceptar Usuario: 1
2023/10/03 03:25:33.327 - MENSAJE: FrondEnd-btn_Aceptar_Click -> Ingresa a menu Sistemas: 1
2023/10/03 03:25:53.176 - MENSAJE: FrondEnd-btn_Mantenimiento_Click -> Presion boton Mantenimiento.
2023/10/03 03:26:00.736 - MENSAJE: INICIO APP ATM / TestMode = true
2023/10/03 03:26:03.944 - MENSAJE: Presenter-ObtenerInfoModulo OK 
2023/10/03 03:26:03.956 - MENSAJE: Presenter-ObtenerInfoFactura OK 
2023/10/03 03:26:03.977 - MENSAJE: Presenter-ObtenerInfoPartes: 
2023/10/03 03:26:03.998 - MENSAJE: Presenter-ObtenerInfoParametros OK 
2023/10/03 03:26:04.006 - MENSAJE: Error_Conexion
2023/10/03 03:26:04.007 - MENSAJE: FrondEnd-ConectarDispositivos -> ConectarLector not Ready
2023/10/03 03:26:11.839 - MENSAJE: FrondEnd-btn_Aceptar_Click -> Presion boton Aceptar Usuario: 1
2023/10/03 03:26:11.874 - MENSAJE: FrondEnd-btn_Aceptar_Click -> Ingresa a menu Sistemas: 1
2023/10/03 03:32:10.635 - MENSAJE: INICIO APP ATM / TestMode = true
2023/10/03 03:32:14.365 - MENSAJE: Presenter-ObtenerInfoModulo OK 
2023/10/03 03:32:14.377 - MENSAJE: Presenter-ObtenerInfoFactura OK 
2023/10/03 03:32:14.404 - MENSAJE: Presenter-ObtenerInfoPartes: 
2023/10/03 03:32:14.427 - MENSAJE: Presenter-ObtenerInfoParametros OK 
2023/10/03 03:32:14.464 - MENSAJE: Conexion_Exitosa
2023/10/03 03:32:18.446 - MENSAJE: Presenter-EventosBilletero FinInicio OK
2023/10/03 03:32:25.838 - MENSAJE: Presenter-AdministrarConexionMiniHub: Conexión Exitosa Cash Payment Device
2023/10/03 03:32:54.607 - MENSAJE: Presenter-ValidarSaldosMinimos -> Sistema Suspendido - Saldos Insuficientes
2023/10/03 03:32:55.060 - MENSAJE: Presenter-ValidarSaldosMinimos: Saldos Mínimos Insuficientes en la parte Hopper1
2023/10/03 03:33:05.416 - MENSAJE: FrondEnd-btn_Aceptar_Click -> Presion boton Aceptar Usuario: 1
2023/10/03 03:33:05.450 - MENSAJE: FrondEnd-btn_Aceptar_Click -> Ingresa a menu Sistemas: 1
2023/10/03 03:35:16.263 - MENSAJE: INICIO APP ATM / TestMode = true
2023/10/03 03:35:20.118 - MENSAJE: Presenter-ObtenerInfoModulo OK 
2023/10/03 03:35:20.130 - MENSAJE: Presenter-ObtenerInfoFactura OK 
2023/10/03 03:35:20.151 - MENSAJE: Presenter-ObtenerInfoPartes: 
2023/10/03 03:35:20.174 - MENSAJE: Presenter-ObtenerInfoParametros OK 
2023/10/03 03:35:20.213 - MENSAJE: Conexion_Exitosa
2023/10/03 03:35:24.180 - MENSAJE: Presenter-EventosBilletero FinInicio OK
2023/10/03 03:35:32.013 - MENSAJE: Presenter-AdministrarConexionMiniHub: Conexión Exitosa Cash Payment Device
2023/10/03 03:36:00.384 - MENSAJE: Presenter-ValidarSaldosMinimos -> Sistema Suspendido - Saldos Insuficientes
2023/10/03 03:36:00.816 - MENSAJE: Presenter-ValidarSaldosMinimos: Saldos Mínimos Insuficientes en la parte Hopper1
2023/10/03 03:36:06.922 - MENSAJE: FrondEnd-btn_Aceptar_Click -> Presion boton Aceptar Usuario: 1
2023/10/03 03:36:06.953 - MENSAJE: FrondEnd-btn_Aceptar_Click -> Ingresa a menu Sistemas: 1
2023/10/03 03:36:08.651 - MENSAJE: FrondEnd-btn_Carga_Click -> Presion boton Carga.
2023/10/03 03:36:18.080 - MENSAJE: Desconexion_Exitosa
2023/10/03 03:36:18.086 - MENSAJE: INICIO APP ATM / TestMode = true
2023/10/03 03:36:19.943 - MENSAJE: FrondEnd-CargaImagenes -> Excepcion en CargaImagenes: 
2023/10/03 03:36:24.315 - MENSAJE: Desconexion_Exitosa
2023/10/03 03:36:24.323 - MENSAJE: INICIO APP ATM / TestMode = true
2023/10/03 03:36:24.510 - MENSAJE: FrondEnd-CargaImagenes -> Excepcion en CargaImagenes: 
2023/10/03 03:52:35.396 - MENSAJE: INICIO APP ATM / TestMode = true
2023/10/03 03:52:39.632 - MENSAJE: Presenter-ObtenerInfoModulo OK 
2023/10/03 03:52:39.683 - MENSAJE: Presenter-ObtenerInfoFactura OK 
2023/10/03 03:52:39.715 - MENSAJE: Presenter-ObtenerInfoPartes: 
2023/10/03 03:52:39.743 - MENSAJE: Presenter-ObtenerInfoParametros OK 
2023/10/03 03:52:39.792 - MENSAJE: Conexion_Exitosa
2023/10/03 03:52:43.796 - MENSAJE: Presenter-EventosBilletero FinInicio OK
2023/10/03 03:52:51.179 - MENSAJE: Presenter-AdministrarConexionMiniHub: Conexión Exitosa Cash Payment Device
2023/10/03 03:55:11.224 - MENSAJE: INICIO APP ATM / TestMode = true
2023/10/03 03:55:15.027 - MENSAJE: Presenter-ObtenerInfoModulo OK 
2023/10/03 03:55:15.064 - MENSAJE: Presenter-ObtenerInfoFactura OK 
2023/10/03 03:55:15.091 - MENSAJE: Presenter-ObtenerInfoPartes: 
2023/10/03 03:55:15.115 - MENSAJE: Presenter-ObtenerInfoParametros OK 
2023/10/03 03:55:15.151 - MENSAJE: Conexion_Exitosa
2023/10/03 03:55:19.122 - MENSAJE: Presenter-EventosBilletero FinInicio OK
2023/10/03 03:55:26.603 - MENSAJE: Presenter-AdministrarConexionMiniHub: Conexión Exitosa Cash Payment Device
2023/10/03 03:55:55.303 - MENSAJE: Presenter-ValidarSaldosMinimos: Saldos Mínimos OK
2023/10/03 03:56:02.330 - MENSAJE: ObtenerIdTarjeta
2023/10/03 03:56:02.531 - MENSAJE: LecturaOK
2023/10/03 03:56:02.532 - MENSAJE: Presenter-LeerTarjeta CONVENIO = 32
2023/10/03 03:56:02.543 - MENSAJE: Presenter-DatosConvenio
2023/10/03 03:56:02.544 - MENSAJE: Presenter-Tarjeta sin convenio
2023/10/03 03:56:02.663 - MENSAJE: TARJETA ESTADO TRUE
2023/10/03 03:56:03.027 - MENSAJE: FrondEnd-ValidarMensualidad IdTarjeta: 062A4328
2023/10/03 03:56:03.064 - MENSAJE: ObtenerAutorizado ok
2023/10/03 03:56:03.065 - MENSAJE: _NumeroDocumentoOrigen 91521535
2023/10/03 03:56:03.098 - MENSAJE: Presenter-ConsultaValor ok 
2023/10/03 03:56:17.238 - MENSAJE: Presenter-ConsultaValor ok 
2023/10/03 03:56:46.460 - MENSAJE: INICIO APP ATM / TestMode = true
2023/10/03 03:56:50.495 - MENSAJE: Presenter-ObtenerInfoModulo OK 
2023/10/03 03:56:50.509 - MENSAJE: Presenter-ObtenerInfoFactura OK 
2023/10/03 03:56:50.537 - MENSAJE: Presenter-ObtenerInfoPartes: 
2023/10/03 03:56:50.589 - MENSAJE: Presenter-ObtenerInfoParametros OK 
2023/10/03 03:56:50.626 - MENSAJE: Conexion_Exitosa
2023/10/03 03:56:50.656 - MENSAJE: ExpulsarOK
2023/10/03 03:56:54.574 - MENSAJE: Presenter-EventosBilletero FinInicio OK
2023/10/03 03:57:02.140 - MENSAJE: Presenter-AdministrarConexionMiniHub: Conexión Exitosa Cash Payment Device
2023/10/03 03:58:22.006 - MENSAJE: INICIO APP ATM / TestMode = true
2023/10/03 03:58:25.950 - MENSAJE: Presenter-ObtenerInfoModulo OK 
2023/10/03 03:58:25.968 - MENSAJE: Presenter-ObtenerInfoFactura OK 
2023/10/03 03:58:25.998 - MENSAJE: Presenter-ObtenerInfoPartes: 
2023/10/03 03:58:26.068 - MENSAJE: Presenter-ObtenerInfoParametros OK 
2023/10/03 03:58:26.104 - MENSAJE: Conexion_Exitosa
2023/10/03 03:58:30.057 - MENSAJE: Presenter-EventosBilletero FinInicio OK
2023/10/03 03:58:37.551 - MENSAJE: Presenter-AdministrarConexionMiniHub: Conexión Exitosa Cash Payment Device
2023/10/03 03:59:06.258 - MENSAJE: Presenter-ValidarSaldosMinimos: Saldos Mínimos OK
2023/10/03 03:59:21.490 - MENSAJE: ObtenerIdTarjeta
2023/10/03 03:59:21.691 - MENSAJE: LecturaOK
2023/10/03 03:59:21.692 - MENSAJE: Presenter-LeerTarjeta CONVENIO = 32
2023/10/03 03:59:21.711 - MENSAJE: Presenter-DatosConvenio
2023/10/03 03:59:21.712 - MENSAJE: Presenter-Tarjeta sin convenio
2023/10/03 03:59:21.833 - MENSAJE: TARJETA ESTADO TRUE
2023/10/03 03:59:22.192 - MENSAJE: FrondEnd-ValidarMensualidad IdTarjeta: 062A4328
2023/10/03 03:59:22.230 - MENSAJE: ObtenerAutorizado ok
2023/10/03 03:59:22.231 - MENSAJE: _NumeroDocumentoOrigen 91521535
2023/10/03 03:59:22.265 - MENSAJE: Presenter-ConsultaValor ok 
2023/10/03 03:59:36.214 - MENSAJE: Presenter-ConsultaValor ok 
2023/10/03 03:59:40.832 - MENSAJE: Presenter-RegistrarOperacion IdTransaccion91521535
2023/10/03 03:59:40.832 - MENSAJE: Presenter-RegistrarOperacion:  ID_Operacion: 91521535
2023/10/03 03:59:40.833 - MENSAJE: FrondEnd-RegistrarOperacionPago -> Total : 98000
2023/10/03 03:59:42.372 - MENSAJE: Inicializarok
2023/10/03 04:00:01.141 - MENSAJE: INICIO APP ATM / TestMode = true
2023/10/03 04:00:05.296 - MENSAJE: Presenter-ObtenerInfoModulo OK 
2023/10/03 04:00:05.314 - MENSAJE: Presenter-ObtenerInfoFactura OK 
2023/10/03 04:00:05.339 - MENSAJE: Presenter-ObtenerInfoPartes: 
2023/10/03 04:00:05.368 - MENSAJE: Presenter-ObtenerInfoParametros OK 
2023/10/03 04:00:05.404 - MENSAJE: Conexion_Exitosa
2023/10/03 04:00:05.434 - MENSAJE: ExpulsarOK
2023/10/03 04:00:09.355 - MENSAJE: Presenter-EventosBilletero FinInicio OK
2023/10/03 04:00:16.835 - MENSAJE: Presenter-AdministrarConexionMiniHub: Conexión Exitosa Cash Payment Device
2023/10/03 04:00:45.559 - MENSAJE: Presenter-ValidarSaldosMinimos: Saldos Mínimos OK
2023/10/03 04:00:52.619 - MENSAJE: ObtenerIdTarjeta
2023/10/03 04:00:52.820 - MENSAJE: LecturaOK
2023/10/03 04:00:52.821 - MENSAJE: Presenter-LeerTarjeta CONVENIO = 32
2023/10/03 04:00:52.834 - MENSAJE: Presenter-DatosConvenio
2023/10/03 04:00:52.834 - MENSAJE: Presenter-Tarjeta sin convenio
2023/10/03 04:00:52.952 - MENSAJE: TARJETA ESTADO TRUE
2023/10/03 04:00:53.314 - MENSAJE: FrondEnd-ValidarMensualidad IdTarjeta: 062A4328
2023/10/03 04:00:53.411 - MENSAJE: ObtenerAutorizado ok
2023/10/03 04:00:53.412 - MENSAJE: _NumeroDocumentoOrigen 91521535
2023/10/03 04:00:53.451 - MENSAJE: Presenter-ConsultaValor ok 
2023/10/03 04:01:21.337 - MENSAJE: Presenter-RegistrarOperacion IdTransaccion91521535
2023/10/03 04:01:21.337 - MENSAJE: Presenter-RegistrarOperacion:  ID_Operacion: 91521535
2023/10/03 04:01:21.338 - MENSAJE: FrondEnd-RegistrarOperacionPago -> Total : 98000
2023/10/03 04:01:21.467 - MENSAJE: Conexion_Exitosa
2023/10/03 04:01:46.414 - MENSAJE: INICIO APP ATM / TestMode = true
2023/10/03 04:01:50.200 - MENSAJE: Presenter-ObtenerInfoModulo OK 
2023/10/03 04:01:50.215 - MENSAJE: Presenter-ObtenerInfoFactura OK 
2023/10/03 04:01:50.242 - MENSAJE: Presenter-ObtenerInfoPartes: 
2023/10/03 04:01:50.270 - MENSAJE: Presenter-ObtenerInfoParametros OK 
2023/10/03 04:01:50.307 - MENSAJE: Conexion_Exitosa
2023/10/03 04:01:50.337 - MENSAJE: ExpulsarOK
2023/10/03 04:01:54.259 - MENSAJE: Presenter-EventosBilletero FinInicio OK
2023/10/03 04:02:01.742 - MENSAJE: Presenter-AdministrarConexionMiniHub: Conexión Exitosa Cash Payment Device
2023/10/03 04:02:30.484 - MENSAJE: Presenter-ValidarSaldosMinimos: Saldos Mínimos OK
2023/10/03 04:02:35.885 - MENSAJE: ObtenerIdTarjeta
2023/10/03 04:02:36.088 - MENSAJE: LecturaOK
2023/10/03 04:02:36.089 - MENSAJE: Presenter-LeerTarjeta CONVENIO = 32
2023/10/03 04:02:36.102 - MENSAJE: Presenter-DatosConvenio
2023/10/03 04:02:36.103 - MENSAJE: Presenter-Tarjeta sin convenio
2023/10/03 04:02:36.220 - MENSAJE: TARJETA ESTADO TRUE
2023/10/03 04:02:36.576 - MENSAJE: FrondEnd-ValidarMensualidad IdTarjeta: 062A4328
2023/10/03 04:02:36.617 - MENSAJE: ObtenerAutorizado ok
2023/10/03 04:02:36.618 - MENSAJE: _NumeroDocumentoOrigen 91521535
2023/10/03 04:02:36.654 - MENSAJE: Presenter-ConsultaValor ok 
2023/10/03 04:02:41.826 - MENSAJE: Presenter-ConsultaValor ok 
2023/10/03 04:02:42.012 - MENSAJE: Presenter-RegistrarOperacion IdTransaccion91521535
2023/10/03 04:02:42.012 - MENSAJE: Presenter-RegistrarOperacion:  ID_Operacion: 91521535
2023/10/03 04:02:42.013 - MENSAJE: FrondEnd-RegistrarOperacionPago -> Total : 98000
2023/10/03 04:02:46.556 - MENSAJE: Inicializarok
2023/10/03 04:04:43.114 - MENSAJE: INICIO APP ATM / TestMode = true
2023/10/03 04:04:47.261 - MENSAJE: Presenter-ObtenerInfoModulo OK 
2023/10/03 04:04:47.277 - MENSAJE: Presenter-ObtenerInfoFactura OK 
2023/10/03 04:04:47.302 - MENSAJE: Presenter-ObtenerInfoPartes: 
2023/10/03 04:04:47.333 - MENSAJE: Presenter-ObtenerInfoParametros OK 
2023/10/03 04:04:47.371 - MENSAJE: Conexion_Exitosa
2023/10/03 04:04:47.401 - MENSAJE: ExpulsarOK
2023/10/03 04:04:51.325 - MENSAJE: Presenter-EventosBilletero FinInicio OK
2023/10/03 04:04:58.775 - MENSAJE: Presenter-AdministrarConexionMiniHub: Conexión Exitosa Cash Payment Device
2023/10/03 04:05:27.553 - MENSAJE: Presenter-ValidarSaldosMinimos: Saldos Mínimos OK
2023/10/03 04:05:31.593 - MENSAJE: ObtenerIdTarjeta
2023/10/03 04:05:31.795 - MENSAJE: LecturaOK
2023/10/03 04:05:31.796 - MENSAJE: Presenter-LeerTarjeta CONVENIO = 32
2023/10/03 04:05:31.809 - MENSAJE: Presenter-DatosConvenio
2023/10/03 04:05:31.810 - MENSAJE: Presenter-Tarjeta sin convenio
2023/10/03 04:05:31.928 - MENSAJE: TARJETA ESTADO TRUE
2023/10/03 04:05:32.286 - MENSAJE: FrondEnd-ValidarMensualidad IdTarjeta: 062A4328
2023/10/03 04:05:32.326 - MENSAJE: ObtenerAutorizado ok
2023/10/03 04:05:32.327 - MENSAJE: _NumeroDocumentoOrigen 91521535
2023/10/03 04:05:32.362 - MENSAJE: Presenter-ConsultaValor ok 
2023/10/03 04:05:59.461 - MENSAJE: Presenter-ConsultaValor ok 
2023/10/03 04:06:10.322 - MENSAJE: INICIO APP ATM / TestMode = true
2023/10/03 04:06:14.095 - MENSAJE: Presenter-ObtenerInfoModulo OK 
2023/10/03 04:06:14.109 - MENSAJE: Presenter-ObtenerInfoFactura OK 
2023/10/03 04:06:14.140 - MENSAJE: Presenter-ObtenerInfoPartes: 
2023/10/03 04:06:14.167 - MENSAJE: Presenter-ObtenerInfoParametros OK 
2023/10/03 04:06:14.204 - MENSAJE: Conexion_Exitosa
2023/10/03 04:06:14.233 - MENSAJE: ExpulsarOK
2023/10/03 04:06:18.147 - MENSAJE: Presenter-EventosBilletero FinInicio OK
2023/10/03 04:06:25.639 - MENSAJE: Presenter-AdministrarConexionMiniHub: Conexión Exitosa Cash Payment Device
2023/10/03 04:06:54.359 - MENSAJE: Presenter-ValidarSaldosMinimos: Saldos Mínimos OK
2023/10/03 04:06:58.791 - MENSAJE: ObtenerIdTarjeta
2023/10/03 04:06:58.993 - MENSAJE: LecturaOK
2023/10/03 04:06:58.993 - MENSAJE: Presenter-LeerTarjeta CONVENIO = 32
2023/10/03 04:06:59.006 - MENSAJE: Presenter-DatosConvenio
2023/10/03 04:06:59.007 - MENSAJE: Presenter-Tarjeta sin convenio
2023/10/03 04:06:59.127 - MENSAJE: TARJETA ESTADO TRUE
2023/10/03 04:06:59.476 - MENSAJE: FrondEnd-ValidarMensualidad IdTarjeta: 062A4328
2023/10/03 04:06:59.518 - MENSAJE: ObtenerAutorizado ok
2023/10/03 04:06:59.520 - MENSAJE: _NumeroDocumentoOrigen 91521535
2023/10/03 04:06:59.554 - MENSAJE: Presenter-ConsultaValor ok 
2023/10/03 04:07:23.215 - MENSAJE: Presenter-ConsultaValor ok 
